#
# There is insufficient memory for the Java Runtime Environment to continue.
# Native memory allocation (malloc) failed to allocate 65552 bytes for Chunk::new
# Possible reasons:
#   The system is out of physical RAM or swap space
#   The process is running with CompressedOops enabled, and the Java Heap may be blocking the growth of the native heap
# Possible solutions:
#   Reduce memory load on the system
#   Increase physical memory or swap space
#   Check if swap backing store is full
#   Decrease Java heap size (-Xmx/-Xms)
#   Decrease number of Java threads
#   Decrease Java thread stack sizes (-Xss)
#   Set larger code cache with -XX:ReservedCodeCacheSize=
#   JVM is running with Unscaled Compressed Oops mode in which the Java heap is
#     placed in the first 4GB address space. The Java Heap base address is the
#     maximum limit for the native heap growth. Please use -XX:HeapBaseMinAddress
#     to set the Java Heap base and to place the Java Heap above 4GB virtual address.
# This output file may be truncated or incomplete.
#
#  Out of Memory Error (allocation.cpp:389), pid=5884, tid=0x0000000000000a8c
#
# JRE version: OpenJDK Runtime Environment (8.0_242-b01) (build 1.8.0_242-release-1644-b01)
# Java VM: OpenJDK 64-Bit Server VM (25.242-b01 mixed mode windows-amd64 compressed oops)
# Failed to write core dump. Minidumps are not enabled by default on client versions of Windows
#

---------------  T H R E A D  ---------------

Current thread (0x0000000017116800):  JavaThread "C2 CompilerThread0" daemon [_thread_in_native, id=2700, stack(0x0000000018760000,0x0000000018860000)]

Stack: [0x0000000018760000,0x0000000018860000]
[error occurred during error reporting (printing stack bounds), id 0xc0000005]

Native frames: (J=compiled Java code, j=interpreted, Vv=VM code, C=native code)


Current CompileTask:
C2:  14255 4741       4       java.beans.Introspector::addMethod (196 bytes)


---------------  P R O C E S S  ---------------

Java Threads: ( => current thread )
  0x000000001af80800 JavaThread "Cache worker for Build Output Cleanup Cache (F:\android projects\X-O_Game\.gradle\buildOutputCleanup)" [_thread_blocked, id=8060, stack(0x0000000023640000,0x0000000023740000)]
  0x000000001af7f000 JavaThread "pool-1-thread-1" [_thread_blocked, id=8700, stack(0x0000000021a80000,0x0000000021b80000)]
  0x000000001af7d800 JavaThread "Build operations Thread 4" [_thread_blocked, id=12276, stack(0x0000000021980000,0x0000000021a80000)]
  0x000000001af81000 JavaThread "Build operations Thread 3" [_thread_blocked, id=6296, stack(0x0000000021880000,0x0000000021980000)]
  0x000000001af7c800 JavaThread "Build operations Thread 2" [_thread_blocked, id=7288, stack(0x0000000021780000,0x0000000021880000)]
  0x000000001af7b000 JavaThread "Build operations" [_thread_blocked, id=1416, stack(0x0000000021680000,0x0000000021780000)]
  0x000000001ae72000 JavaThread "Cache worker for execution history cache (C:\Users\Osama\.gradle\caches\6.1.1\executionHistory)" [_thread_blocked, id=240, stack(0x000000001fad0000,0x000000001fbd0000)]
  0x000000001ae73800 JavaThread "Cache worker for cache directory md-rule (C:\Users\Osama\.gradle\caches\6.1.1\md-rule)" [_thread_blocked, id=8364, stack(0x000000001f700000,0x000000001f800000)]
  0x000000001ae71800 JavaThread "Cache worker for cache directory md-supplier (C:\Users\Osama\.gradle\caches\6.1.1\md-supplier)" [_thread_blocked, id=2580, stack(0x000000001f370000,0x000000001f470000)]
  0x000000001ae70800 JavaThread "Cache worker for file hash cache (F:\android projects\X-O_Game\.gradle\6.1.1\fileHashes)" [_thread_blocked, id=5144, stack(0x000000001f600000,0x000000001f700000)]
  0x000000001ae6f000 JavaThread "Cache worker for checksums cache (F:\android projects\X-O_Game\.gradle\checksums)" [_thread_blocked, id=8532, stack(0x000000001f500000,0x000000001f600000)]
  0x000000001ae73000 JavaThread "Cache worker for file hash cache (C:\Users\Osama\.gradle\caches\6.1.1\fileHashes)" [_thread_blocked, id=8348, stack(0x000000001ced0000,0x000000001cfd0000)]
  0x000000001ae70000 JavaThread "File lock request listener" [_thread_in_native, id=5244, stack(0x000000001cdd0000,0x000000001ced0000)]
  0x000000001ad6e000 JavaThread "Cache worker for journal cache (C:\Users\Osama\.gradle\caches\journal-1)" [_thread_blocked, id=12136, stack(0x000000001ccd0000,0x000000001cdd0000)]
  0x000000001ad1a800 JavaThread "Thread-9" [_thread_blocked, id=9040, stack(0x000000001c9d0000,0x000000001cad0000)]
  0x000000001ad0b800 JavaThread "Stdin handler" [_thread_blocked, id=3872, stack(0x000000001c8d0000,0x000000001c9d0000)]
  0x000000001ad0b000 JavaThread "Asynchronous log dispatcher for DefaultDaemonConnection: socket connection from /127.0.0.1:57167 to /127.0.0.1:57168" [_thread_blocked, id=7844, stack(0x000000001c7d0000,0x000000001c8d0000)]
  0x000000001ad07800 JavaThread "Daemon worker" [_thread_blocked, id=8748, stack(0x000000001c6d0000,0x000000001c7d0000)]
  0x000000001acf6800 JavaThread "Cancel handler" [_thread_blocked, id=12092, stack(0x000000001c5d0000,0x000000001c6d0000)]
  0x0000000019aab800 JavaThread "Handler for socket connection from /127.0.0.1:57167 to /127.0.0.1:57168" [_thread_in_native, id=232, stack(0x000000001c2d0000,0x000000001c3d0000)]
  0x0000000019aa8000 JavaThread "Daemon" [_thread_blocked, id=3424, stack(0x000000001c1d0000,0x000000001c2d0000)]
  0x000000001ac51000 JavaThread "Daemon periodic checks" [_thread_blocked, id=2488, stack(0x000000001c0d0000,0x000000001c1d0000)]
  0x000000001ac37800 JavaThread "Incoming local TCP Connector on port 57167" [_thread_in_native, id=10716, stack(0x0000000019160000,0x0000000019260000)]
  0x000000001aa7e000 JavaThread "Daemon health stats" [_thread_blocked, id=10680, stack(0x0000000019060000,0x0000000019160000)]
  0x000000001716e800 JavaThread "Service Thread" daemon [_thread_blocked, id=8904, stack(0x0000000018e60000,0x0000000018f60000)]
  0x0000000017168000 JavaThread "C1 CompilerThread2" daemon [_thread_blocked, id=11880, stack(0x0000000018960000,0x0000000018a60000)]
  0x000000001711a000 JavaThread "C2 CompilerThread1" daemon [_thread_in_native, id=12180, stack(0x0000000018860000,0x0000000018960000)]
=>0x0000000017116800 JavaThread "C2 CompilerThread0" daemon [_thread_in_native, id=2700, stack(0x0000000018760000,0x0000000018860000)]
  0x0000000017164800 JavaThread "Attach Listener" daemon [_thread_blocked, id=1680, stack(0x0000000018660000,0x0000000018760000)]
  0x0000000017163800 JavaThread "Signal Dispatcher" daemon [_thread_blocked, id=11460, stack(0x0000000018560000,0x0000000018660000)]
  0x00000000024ee000 JavaThread "Finalizer" daemon [_thread_blocked, id=1756, stack(0x0000000018360000,0x0000000018460000)]
  0x00000000170f9000 JavaThread "Reference Handler" daemon [_thread_blocked, id=7140, stack(0x0000000018260000,0x0000000018360000)]
  0x000000000061e000 JavaThread "main" [_thread_blocked, id=4772, stack(0x0000000002240000,0x0000000002340000)]

Other Threads:
  0x00000000170d6000 VMThread [stack: 0x0000000018160000,0x0000000018260000] [id=10180]
  0x0000000018ae3000 WatcherThread [stack: 0x0000000018f60000,0x0000000019060000] [id=12128]

VM state:not at safepoint (normal execution)

VM Mutex/Monitor currently owned by a thread: None

heap address: 0x0000000080000000, size: 2048 MB, Compressed Oops mode: 32-bit
Narrow klass base: 0x0000000000000000, Narrow klass shift: 3
Compressed class space size: 1073741824 Address: 0x0000000100000000

Heap:
 PSYoungGen      total 138752K, used 106911K [0x00000000d5580000, 0x00000000de680000, 0x0000000100000000)
  eden space 129024K, 75% used [0x00000000d5580000,0x00000000db46f790,0x00000000dd380000)
  from space 9728K, 99% used [0x00000000dd380000,0x00000000ddcf85b8,0x00000000ddd00000)
  to   space 9728K, 0% used [0x00000000ddd00000,0x00000000ddd00000,0x00000000de680000)
 ParOldGen       total 29696K, used 19325K [0x0000000080000000, 0x0000000081d00000, 0x00000000d5580000)
  object space 29696K, 65% used [0x0000000080000000,0x00000000812df618,0x0000000081d00000)
 Metaspace       used 50662K, capacity 52556K, committed 52904K, reserved 1095680K
  class space    used 6789K, capacity 7240K, committed 7336K, reserved 1048576K

Card table byte_map: [0x00000000118b0000,0x0000000011cc0000] byte_map_base: 0x00000000114b0000

Marking Bits: (ParMarkBitMap*) 0x00000000697ff030
 Begin Bits: [0x0000000012370000, 0x0000000014370000)
 End Bits:   [0x0000000014370000, 0x0000000016370000)

Polling page: 0x0000000000600000

CodeCache: size=245760Kb used=15411Kb max_used=15411Kb free=230348Kb
 bounds [0x00000000024f0000, 0x0000000003410000, 0x00000000114f0000]
 total_blobs=5098 nmethods=4331 adapters=679
 compilation: enabled

Compilation events (10 events):
Event: 14.194 Thread 0x0000000017168000 nmethod 4754 0x00000000033db090 code [0x00000000033db1e0, 0x00000000033db450]
Event: 14.196 Thread 0x0000000017168000 4755       3       sun.reflect.generics.reflectiveObjects.TypeVariableImpl::equals (67 bytes)
Event: 14.197 Thread 0x0000000017168000 nmethod 4755 0x00000000033de850 code [0x00000000033dea40, 0x00000000033df478]
Event: 14.201 Thread 0x0000000017168000 4756       3       java.beans.Introspector::getTargetMethodInfo (252 bytes)
Event: 14.203 Thread 0x0000000017168000 nmethod 4756 0x00000000033df6d0 code [0x00000000033df9a0, 0x00000000033e0a28]
Event: 14.203 Thread 0x0000000017168000 4757       3       java.beans.Introspector::getTargetEventInfo (1082 bytes)
Event: 14.216 Thread 0x0000000017168000 nmethod 4757 0x00000000033e1150 code [0x00000000033e1e20, 0x00000000033ebd58]
Event: 14.216 Thread 0x0000000017168000 4758       1       groovy.lang.MetaClassImpl::getTheClass (5 bytes)
Event: 14.217 Thread 0x0000000017168000 nmethod 4758 0x00000000033dadd0 code [0x00000000033daf20, 0x00000000033db030]
Event: 14.217 Thread 0x0000000017168000 4759       3       java.beans.Introspector::processPropertyDescriptors (959 bytes)

GC Heap History (10 events):
Event: 3.554 GC heap before
{Heap before GC invocations=9 (full 1):
 PSYoungGen      total 138752K, used 4080K [0x00000000d5580000, 0x00000000de680000, 0x0000000100000000)
  eden space 129024K, 0% used [0x00000000d5580000,0x00000000d5580000,0x00000000dd380000)
  from space 9728K, 41% used [0x00000000ddd00000,0x00000000de0fc040,0x00000000de680000)
  to   space 9728K, 0% used [0x00000000dd380000,0x00000000dd380000,0x00000000ddd00000)
 ParOldGen       total 44032K, used 8878K [0x0000000080000000, 0x0000000082b00000, 0x00000000d5580000)
  object space 44032K, 20% used [0x0000000080000000,0x00000000808aba60,0x0000000082b00000)
 Metaspace       used 20552K, capacity 21218K, committed 21296K, reserved 1067008K
  class space    used 2886K, capacity 3093K, committed 3120K, reserved 1048576K
Event: 3.595 GC heap after
Heap after GC invocations=9 (full 1):
 PSYoungGen      total 138752K, used 0K [0x00000000d5580000, 0x00000000de680000, 0x0000000100000000)
  eden space 129024K, 0% used [0x00000000d5580000,0x00000000d5580000,0x00000000dd380000)
  from space 9728K, 0% used [0x00000000ddd00000,0x00000000ddd00000,0x00000000de680000)
  to   space 9728K, 0% used [0x00000000dd380000,0x00000000dd380000,0x00000000ddd00000)
 ParOldGen       total 29696K, used 7205K [0x0000000080000000, 0x0000000081d00000, 0x00000000d5580000)
  object space 29696K, 24% used [0x0000000080000000,0x00000000807094d8,0x0000000081d00000)
 Metaspace       used 20552K, capacity 21218K, committed 21296K, reserved 1067008K
  class space    used 2886K, capacity 3093K, committed 3120K, reserved 1048576K
}
Event: 5.357 GC heap before
{Heap before GC invocations=10 (full 1):
 PSYoungGen      total 138752K, used 129024K [0x00000000d5580000, 0x00000000de680000, 0x0000000100000000)
  eden space 129024K, 100% used [0x00000000d5580000,0x00000000dd380000,0x00000000dd380000)
  from space 9728K, 0% used [0x00000000ddd00000,0x00000000ddd00000,0x00000000de680000)
  to   space 9728K, 0% used [0x00000000dd380000,0x00000000dd380000,0x00000000ddd00000)
 ParOldGen       total 29696K, used 7205K [0x0000000080000000, 0x0000000081d00000, 0x00000000d5580000)
  object space 29696K, 24% used [0x0000000080000000,0x00000000807094d8,0x0000000081d00000)
 Metaspace       used 32091K, capacity 32986K, committed 33072K, reserved 1077248K
  class space    used 4346K, capacity 4622K, committed 4656K, reserved 1048576K
Event: 5.386 GC heap after
Heap after GC invocations=10 (full 1):
 PSYoungGen      total 138752K, used 9725K [0x00000000d5580000, 0x00000000de680000, 0x0000000100000000)
  eden space 129024K, 0% used [0x00000000d5580000,0x00000000d5580000,0x00000000dd380000)
  from space 9728K, 99% used [0x00000000dd380000,0x00000000ddcff5b8,0x00000000ddd00000)
  to   space 9728K, 0% used [0x00000000ddd00000,0x00000000ddd00000,0x00000000de680000)
 ParOldGen       total 29696K, used 10272K [0x0000000080000000, 0x0000000081d00000, 0x00000000d5580000)
  object space 29696K, 34% used [0x0000000080000000,0x0000000080a08300,0x0000000081d00000)
 Metaspace       used 32091K, capacity 32986K, committed 33072K, reserved 1077248K
  class space    used 4346K, capacity 4622K, committed 4656K, reserved 1048576K
}
Event: 6.318 GC heap before
{Heap before GC invocations=11 (full 1):
 PSYoungGen      total 138752K, used 56180K [0x00000000d5580000, 0x00000000de680000, 0x0000000100000000)
  eden space 129024K, 36% used [0x00000000d5580000,0x00000000d82ddaa0,0x00000000dd380000)
  from space 9728K, 99% used [0x00000000dd380000,0x00000000ddcff5b8,0x00000000ddd00000)
  to   space 9728K, 0% used [0x00000000ddd00000,0x00000000ddd00000,0x00000000de680000)
 ParOldGen       total 29696K, used 10272K [0x0000000080000000, 0x0000000081d00000, 0x00000000d5580000)
  object space 29696K, 34% used [0x0000000080000000,0x0000000080a08300,0x0000000081d00000)
 Metaspace       used 34426K, capacity 35386K, committed 35496K, reserved 1079296K
  class space    used 4683K, capacity 4942K, committed 5032K, reserved 1048576K
Event: 6.335 GC heap after
Heap after GC invocations=11 (full 1):
 PSYoungGen      total 138752K, used 9698K [0x00000000d5580000, 0x00000000de680000, 0x0000000100000000)
  eden space 129024K, 0% used [0x00000000d5580000,0x00000000d5580000,0x00000000dd380000)
  from space 9728K, 99% used [0x00000000ddd00000,0x00000000de678928,0x00000000de680000)
  to   space 9728K, 0% used [0x00000000dd380000,0x00000000dd380000,0x00000000ddd00000)
 ParOldGen       total 29696K, used 10341K [0x0000000080000000, 0x0000000081d00000, 0x00000000d5580000)
  object space 29696K, 34% used [0x0000000080000000,0x0000000080a19448,0x0000000081d00000)
 Metaspace       used 34426K, capacity 35386K, committed 35496K, reserved 1079296K
  class space    used 4683K, capacity 4942K, committed 5032K, reserved 1048576K
}
Event: 6.335 GC heap before
{Heap before GC invocations=12 (full 2):
 PSYoungGen      total 138752K, used 9698K [0x00000000d5580000, 0x00000000de680000, 0x0000000100000000)
  eden space 129024K, 0% used [0x00000000d5580000,0x00000000d5580000,0x00000000dd380000)
  from space 9728K, 99% used [0x00000000ddd00000,0x00000000de678928,0x00000000de680000)
  to   space 9728K, 0% used [0x00000000dd380000,0x00000000dd380000,0x00000000ddd00000)
 ParOldGen       total 29696K, used 10341K [0x0000000080000000, 0x0000000081d00000, 0x00000000d5580000)
  object space 29696K, 34% used [0x0000000080000000,0x0000000080a19448,0x0000000081d00000)
 Metaspace       used 34426K, capacity 35386K, committed 35496K, reserved 1079296K
  class space    used 4683K, capacity 4942K, committed 5032K, reserved 1048576K
Event: 6.421 GC heap after
Heap after GC invocations=12 (full 2):
 PSYoungGen      total 138752K, used 0K [0x00000000d5580000, 0x00000000de680000, 0x0000000100000000)
  eden space 129024K, 0% used [0x00000000d5580000,0x00000000d5580000,0x00000000dd380000)
  from space 9728K, 0% used [0x00000000ddd00000,0x00000000ddd00000,0x00000000de680000)
  to   space 9728K, 0% used [0x00000000dd380000,0x00000000dd380000,0x00000000ddd00000)
 ParOldGen       total 29696K, used 16724K [0x0000000080000000, 0x0000000081d00000, 0x00000000d5580000)
  object space 29696K, 56% used [0x0000000080000000,0x0000000081055338,0x0000000081d00000)
 Metaspace       used 34426K, capacity 35386K, committed 35496K, reserved 1079296K
  class space    used 4683K, capacity 4942K, committed 5032K, reserved 1048576K
}
Event: 11.733 GC heap before
{Heap before GC invocations=13 (full 2):
 PSYoungGen      total 138752K, used 129024K [0x00000000d5580000, 0x00000000de680000, 0x0000000100000000)
  eden space 129024K, 100% used [0x00000000d5580000,0x00000000dd380000,0x00000000dd380000)
  from space 9728K, 0% used [0x00000000ddd00000,0x00000000ddd00000,0x00000000de680000)
  to   space 9728K, 0% used [0x00000000dd380000,0x00000000dd380000,0x00000000ddd00000)
 ParOldGen       total 29696K, used 16724K [0x0000000080000000, 0x0000000081d00000, 0x00000000d5580000)
  object space 29696K, 56% used [0x0000000080000000,0x0000000081055338,0x0000000081d00000)
 Metaspace       used 43860K, capacity 45536K, committed 45864K, reserved 1089536K
  class space    used 5939K, capacity 6349K, committed 6440K, reserved 1048576K
Event: 11.765 GC heap after
Heap after GC invocations=13 (full 2):
 PSYoungGen      total 138752K, used 9697K [0x00000000d5580000, 0x00000000de680000, 0x0000000100000000)
  eden space 129024K, 0% used [0x00000000d5580000,0x00000000d5580000,0x00000000dd380000)
  from space 9728K, 99% used [0x00000000dd380000,0x00000000ddcf85b8,0x00000000ddd00000)
  to   space 9728K, 0% used [0x00000000ddd00000,0x00000000ddd00000,0x00000000de680000)
 ParOldGen       total 29696K, used 19325K [0x0000000080000000, 0x0000000081d00000, 0x00000000d5580000)
  object space 29696K, 65% used [0x0000000080000000,0x00000000812df618,0x0000000081d00000)
 Metaspace       used 43860K, capacity 45536K, committed 45864K, reserved 1089536K
  class space    used 5939K, capacity 6349K, committed 6440K, reserved 1048576K
}

Deoptimization events (10 events):
Event: 12.433 Thread 0x000000001ad07800 Uncommon trap: reason=unstable_if action=reinterpret pc=0x0000000003167350 method=java.security.CodeSource.matchCerts(Ljava/security/CodeSource;Z)Z @ 11
Event: 12.699 Thread 0x000000001ad07800 Uncommon trap: reason=unstable_if action=reinterpret pc=0x0000000002bd0728 method=org.objectweb.asm.ByteVector.putUTF8(Ljava/lang/String;)Lorg/objectweb/asm/ByteVector; @ 93
Event: 13.009 Thread 0x000000001ad07800 Uncommon trap: reason=unstable_if action=reinterpret pc=0x0000000002830850 method=groovy.lang.MetaClassImpl.filterPropertyMethod(Ljava/lang/Object;ZZ)Ljava/lang/Object; @ 192
Event: 13.493 Thread 0x000000001ad07800 Uncommon trap: reason=unstable_if action=reinterpret pc=0x0000000002ad87b0 method=org.gradle.internal.reflect.PropertyAccessorType.of(Ljava/lang/reflect/Method;)Lorg/gradle/internal/reflect/PropertyAccessorType; @ 56
Event: 13.912 Thread 0x000000001ad07800 Uncommon trap: reason=unstable_if action=reinterpret pc=0x0000000003227df0 method=org.gradle.internal.instantiation.generator.AbstractClassGenerator$InjectionAnnotationValidator.validateMethod(Ljava/lang/reflect/Method;Lorg/gradle/internal/reflect/Propert
Event: 13.912 Thread 0x000000001ad07800 Uncommon trap: reason=unstable_if action=reinterpret pc=0x00000000032390c4 method=org.gradle.internal.instantiation.generator.AbstractClassGenerator$InjectionAnnotationValidator.validateMethod(Ljava/lang/reflect/Method;Lorg/gradle/internal/reflect/Propert
Event: 13.963 Thread 0x000000001ad07800 Uncommon trap: reason=bimorphic action=maybe_recompile pc=0x000000000300d6f4 method=org.codehaus.groovy.runtime.metaclass.MetaMethodIndex.addMethodToList(Ljava/lang/Object;Lgroovy/lang/MetaMethod;)Ljava/lang/Object; @ 102
Event: 13.963 Thread 0x000000001ad07800 Uncommon trap: reason=bimorphic action=maybe_recompile pc=0x000000000300d6f4 method=org.codehaus.groovy.runtime.metaclass.MetaMethodIndex.addMethodToList(Ljava/lang/Object;Lgroovy/lang/MetaMethod;)Ljava/lang/Object; @ 102
Event: 13.963 Thread 0x000000001ad07800 Uncommon trap: reason=bimorphic action=maybe_recompile pc=0x000000000300d6f4 method=org.codehaus.groovy.runtime.metaclass.MetaMethodIndex.addMethodToList(Ljava/lang/Object;Lgroovy/lang/MetaMethod;)Ljava/lang/Object; @ 102
Event: 13.964 Thread 0x000000001ad07800 Uncommon trap: reason=unstable_if action=reinterpret pc=0x0000000002b5516c method=groovy.lang.MetaClassImpl$1MOPIter.methodNameAction(Ljava/lang/Class;Lorg/codehaus/groovy/runtime/metaclass/MetaMethodIndex$Entry;)V @ 182

Classes redefined (0 events):
No events

Internal exceptions (10 events):
Event: 14.199 Thread 0x000000001ad07800 Exception <a 'java/lang/ClassNotFoundException': org/gradle/api/internal/FactoryNamedDomainObjectContainerCustomizer> (0x00000000dafe5b30) thrown at [C:\src\AOSP-openjdk-git\hotspot\src\share\vm\classfile\systemDictionary.cpp, line 210]
Event: 14.201 Thread 0x000000001ad07800 Exception <a 'java/lang/ClassNotFoundException': org/gradle/api/internal/FactoryNamedDomainObjectContainer_DecoratedCustomizer> (0x00000000db03c890) thrown at [C:\src\AOSP-openjdk-git\hotspot\src\share\vm\classfile\systemDictionary.cpp, line 210]
Event: 14.207 Thread 0x000000001ad07800 Exception <a 'java/lang/ClassNotFoundException': com/android/build/gradle/internal/dsl/BuildType_DecoratedBeanInfo> (0x00000000db113300) thrown at [C:\src\AOSP-openjdk-git\hotspot\src\share\vm\classfile\systemDictionary.cpp, line 210]
Event: 14.208 Thread 0x000000001ad07800 Exception <a 'java/lang/ClassNotFoundException': com/android/build/gradle/internal/dsl/BuildTypeBeanInfo> (0x00000000db12e808) thrown at [C:\src\AOSP-openjdk-git\hotspot\src\share\vm\classfile\systemDictionary.cpp, line 210]
Event: 14.209 Thread 0x000000001ad07800 Exception <a 'java/lang/ClassNotFoundException': com/android/builder/core/AbstractBuildTypeBeanInfo> (0x00000000db148048) thrown at [C:\src\AOSP-openjdk-git\hotspot\src\share\vm\classfile\systemDictionary.cpp, line 210]
Event: 14.209 Thread 0x000000001ad07800 Exception <a 'java/lang/ClassNotFoundException': com/android/builder/core/AbstractBuildTypeCustomizer> (0x00000000db162908) thrown at [C:\src\AOSP-openjdk-git\hotspot\src\share\vm\classfile\systemDictionary.cpp, line 210]
Event: 14.211 Thread 0x000000001ad07800 Exception <a 'java/lang/ClassNotFoundException': com/android/build/gradle/internal/dsl/BuildTypeCustomizer> (0x00000000db1986f0) thrown at [C:\src\AOSP-openjdk-git\hotspot\src\share\vm\classfile\systemDictionary.cpp, line 210]
Event: 14.214 Thread 0x000000001ad07800 Exception <a 'java/lang/ClassNotFoundException': com/android/build/gradle/internal/dsl/BuildType_DecoratedCustomizer> (0x00000000db1fc2e8) thrown at [C:\src\AOSP-openjdk-git\hotspot\src\share\vm\classfile\systemDictionary.cpp, line 210]
Event: 14.220 Thread 0x000000001ad07800 Exception <a 'java/lang/ClassNotFoundException': build_9jvf8qtskkftar2u9p2fxl8d0$_run_closure1$_closure4BeanInfo> (0x00000000db2ce4d8) thrown at [C:\src\AOSP-openjdk-git\hotspot\src\share\vm\classfile\systemDictionary.cpp, line 210]
Event: 14.221 Thread 0x000000001ad07800 Exception <a 'java/lang/ClassNotFoundException': build_9jvf8qtskkftar2u9p2fxl8d0$_run_closure1$_closure4Customizer> (0x00000000db2e0cd0) thrown at [C:\src\AOSP-openjdk-git\hotspot\src\share\vm\classfile\systemDictionary.cpp, line 210]

Events (10 events):
Event: 14.214 loading class com/android/build/gradle/internal/dsl/BuildType_DecoratedCustomizer
Event: 14.214 loading class com/android/build/gradle/internal/dsl/BuildType_DecoratedCustomizer done
Event: 14.220 loading class build_9jvf8qtskkftar2u9p2fxl8d0$_run_closure1$_closure4BeanInfo
Event: 14.220 loading class build_9jvf8qtskkftar2u9p2fxl8d0$_run_closure1$_closure4BeanInfo done
Event: 14.220 loading class build_9jvf8qtskkftar2u9p2fxl8d0$_run_closure1$_closure4BeanInfo
Event: 14.220 loading class build_9jvf8qtskkftar2u9p2fxl8d0$_run_closure1$_closure4BeanInfo done
Event: 14.220 loading class build_9jvf8qtskkftar2u9p2fxl8d0$_run_closure1$_closure4Customizer
Event: 14.220 loading class build_9jvf8qtskkftar2u9p2fxl8d0$_run_closure1$_closure4Customizer done
Event: 14.221 loading class build_9jvf8qtskkftar2u9p2fxl8d0$_run_closure1$_closure4Customizer
Event: 14.221 loading class build_9jvf8qtskkftar2u9p2fxl8d0$_run_closure1$_closure4Customizer done


Dynamic libraries:
0x00007ff7adc60000 - 0x00007ff7adc91000 	C:\Program Files\Android\Android Studio\jre\bin\java.exe
0x00007ff8037f0000 - 0x00007ff8039e6000 	C:\WINDOWS\SYSTEM32\ntdll.dll
0x00007ff803470000 - 0x00007ff80352d000 	C:\WINDOWS\System32\KERNEL32.DLL
0x00007ff800f30000 - 0x00007ff8011f9000 	C:\WINDOWS\System32\KERNELBASE.dll
0x00007ff801ec0000 - 0x00007ff801f6c000 	C:\WINDOWS\System32\ADVAPI32.dll
0x00007ff801d40000 - 0x00007ff801dde000 	C:\WINDOWS\System32\msvcrt.dll
0x00007ff801890000 - 0x00007ff80192c000 	C:\WINDOWS\System32\sechost.dll
0x00007ff803670000 - 0x00007ff80379b000 	C:\WINDOWS\System32\RPCRT4.dll
0x00007ff802190000 - 0x00007ff802330000 	C:\WINDOWS\System32\USER32.dll
0x00007ff8015c0000 - 0x00007ff8015e2000 	C:\WINDOWS\System32\win32u.dll
0x00007ff802160000 - 0x00007ff80218a000 	C:\WINDOWS\System32\GDI32.dll
0x00007ff801260000 - 0x00007ff80136b000 	C:\WINDOWS\System32\gdi32full.dll
0x00007ff8013c0000 - 0x00007ff80145d000 	C:\WINDOWS\System32\msvcp_win.dll
0x00007ff801720000 - 0x00007ff801820000 	C:\WINDOWS\System32\ucrtbase.dll
0x00007fffef020000 - 0x00007fffef2bb000 	C:\WINDOWS\WinSxS\amd64_microsoft.windows.common-controls_6595b64144ccf1df_6.0.19041.746_none_ca02b4b61b8320a4\COMCTL32.dll
0x00007ff801850000 - 0x00007ff801880000 	C:\WINDOWS\System32\IMM32.DLL
0x000000006ac10000 - 0x000000006ace2000 	C:\Program Files\Android\Android Studio\jre\jre\bin\msvcr100.dll
0x0000000069030000 - 0x000000006987b000 	C:\Program Files\Android\Android Studio\jre\jre\bin\server\jvm.dll
0x00007ff801880000 - 0x00007ff801888000 	C:\WINDOWS\System32\PSAPI.DLL
0x00007ffff6fe0000 - 0x00007ffff6fea000 	C:\WINDOWS\SYSTEM32\VERSION.dll
0x00007ffff5370000 - 0x00007ffff5397000 	C:\WINDOWS\SYSTEM32\WINMM.dll
0x00007ffffeee0000 - 0x00007ffffeee9000 	C:\WINDOWS\SYSTEM32\WSOCK32.dll
0x00007ff802330000 - 0x00007ff80239b000 	C:\WINDOWS\System32\WS2_32.dll
0x00007ffffeed0000 - 0x00007ffffeedf000 	C:\Program Files\Android\Android Studio\jre\jre\bin\verify.dll
0x00007ffff51d0000 - 0x00007ffff51f9000 	C:\Program Files\Android\Android Studio\jre\jre\bin\java.dll
0x00007ffffeeb0000 - 0x00007ffffeec6000 	C:\Program Files\Android\Android Studio\jre\jre\bin\zip.dll
0x00007ff802b90000 - 0x00007ff8032d3000 	C:\WINDOWS\System32\SHELL32.dll
0x00007ffffefb0000 - 0x00007fffff73f000 	C:\WINDOWS\SYSTEM32\windows.storage.dll
0x00007ff801930000 - 0x00007ff801c86000 	C:\WINDOWS\System32\combase.dll
0x00007ff800920000 - 0x00007ff80094c000 	C:\WINDOWS\SYSTEM32\Wldp.dll
0x00007ff8029c0000 - 0x00007ff802a6e000 	C:\WINDOWS\System32\SHCORE.dll
0x00007ff803340000 - 0x00007ff803395000 	C:\WINDOWS\System32\shlwapi.dll
0x00007ff800e60000 - 0x00007ff800e86000 	C:\WINDOWS\SYSTEM32\profapi.dll
0x00007ffffc440000 - 0x00007ffffc45a000 	C:\Program Files\Android\Android Studio\jre\jre\bin\net.dll
0x00007ff800640000 - 0x00007ff8006aa000 	C:\WINDOWS\system32\mswsock.dll
0x00007ffff3b00000 - 0x00007ffff3b13000 	C:\Program Files\Android\Android Studio\jre\jre\bin\nio.dll
0x00007ffff2470000 - 0x00007ffff2496000 	C:\Users\Osama\.gradle\native\31\windows-amd64\native-platform.dll
0x00007ffffd630000 - 0x00007ffffd63d000 	C:\Program Files\Android\Android Studio\jre\jre\bin\management.dll
0x00007ff800810000 - 0x00007ff800828000 	C:\WINDOWS\SYSTEM32\CRYPTSP.dll
0x00007ffffffb0000 - 0x00007ffffffe4000 	C:\WINDOWS\system32\rsaenh.dll
0x00007ff801820000 - 0x00007ff801847000 	C:\WINDOWS\System32\bcrypt.dll
0x00007ff800e20000 - 0x00007ff800e4e000 	C:\WINDOWS\SYSTEM32\USERENV.dll
0x00007ff8015f0000 - 0x00007ff801670000 	C:\WINDOWS\System32\bcryptprimitives.dll
0x00007ff800830000 - 0x00007ff80083c000 	C:\WINDOWS\SYSTEM32\CRYPTBASE.dll
0x00007ff800330000 - 0x00007ff80036b000 	C:\WINDOWS\SYSTEM32\IPHLPAPI.DLL
0x00007ff8037a0000 - 0x00007ff8037a8000 	C:\WINDOWS\System32\NSI.dll
0x00007ffff6fa0000 - 0x00007ffff6fb7000 	C:\WINDOWS\SYSTEM32\dhcpcsvc6.DLL
0x00007ffff7240000 - 0x00007ffff725d000 	C:\WINDOWS\SYSTEM32\dhcpcsvc.DLL
0x00007ff800370000 - 0x00007ff80043b000 	C:\WINDOWS\SYSTEM32\DNSAPI.dll

VM Arguments:
jvm_args: -Xmx2048m -Dfile.encoding=windows-1256 -Duser.country=US -Duser.language=en -Duser.variant 
java_command: org.gradle.launcher.daemon.bootstrap.GradleDaemon 6.1.1
java_class_path (initial): C:\Users\Osama\.gradle\wrapper\dists\gradle-6.1.1-all\cfmwm155h49vnt3hynmlrsdst\gradle-6.1.1\lib\gradle-launcher-6.1.1.jar
Launcher Type: SUN_STANDARD

Environment Variables:
PATH=C:\Program Files (x86)\ActiveState Komodo Edit 11\;C:\Program Files (x86)\Common Files\Oracle\Java\javapath;C:\WINDOWS\system32;C:\WINDOWS;C:\WINDOWS\System32\Wbem;C:\WINDOWS\System32\WindowsPowerShell\v1.0\;C:\Program Files\Git\cmd;C:\src\flutter\bin;C:\xampp\php;C:\ProgramData\ComposerSetup\bin;C:\Program Files\Microsoft SQL Server\120\DTS\Binn\;C:\Program Files\Microsoft SQL Server\Client SDK\ODBC\110\Tools\Binn\;C:\Program Files (x86)\Microsoft SQL Server\120\Tools\Binn\;C:\Program Files\Microsoft SQL Server\120\Tools\Binn\;C:\Program Files (x86)\Microsoft SQL Server\120\Tools\Binn\ManagementStudio\;C:\Program Files (x86)\Microsoft SQL Server\120\DTS\Binn\;C:\Program Files (x86)\Microsoft Visual Studio 12.0\Common7\IDE\PrivateAssemblies\;C:\Program Files\dotnet\;C:\Program Files\Microsoft SQL Server\130\Tools\Binn\;C:\Program Files\Microsoft SQL Server\Client SDK\ODBC\170\Tools\Binn\;C:\WINDOWS\System32\OpenSSH\;C:\Users\Osama\AppData\Local\Microsoft\WindowsApps;C:\Users\Osama\AppData\Local\Programs\Microsoft VS Code\bin;C:\src\flutter\bin;C:\Users\Osama\AppData\Roaming\Composer\vendor\bin;C:\Users\Osama\.dotnet\tools;
USERNAME=Osama
OS=Windows_NT
PROCESSOR_IDENTIFIER=Intel64 Family 6 Model 58 Stepping 9, GenuineIntel



---------------  S Y S T E M  ---------------

OS: Windows 10.0 , 64 bit Build 19041 (10.0.19041.662)

CPU:total 4 (initial active 4) (2 cores per cpu, 2 threads per core) family 6 model 58 stepping 9, cmov, cx8, fxsr, mmx, sse, sse2, sse3, ssse3, sse4.1, sse4.2, popcnt, avx, aes, clmul, erms, ht, tsc, tscinvbit, tscinv

Memory: 4k page, physical 4070960k(351428k free), swap 4070960k(2888k free)

vm_info: OpenJDK 64-Bit Server VM (25.242-b01) for windows-amd64 JRE (1.8.0_242-release-1644-b01), built by "builder" with MS VC++ 10.0 (VS2010)

time: Fri Feb 05 00:39:59 2021
timezone: Egypt Standard Time
elapsed time: 14 seconds (0d 0h 0m 14s)

