#
# There is insufficient memory for the Java Runtime Environment to continue.
# Native memory allocation (malloc) failed to allocate 1834896 bytes for Chunk::new
# Possible reasons:
#   The system is out of physical RAM or swap space
#   The process is running with CompressedOops enabled, and the Java Heap may be blocking the growth of the native heap
# Possible solutions:
#   Reduce memory load on the system
#   Increase physical memory or swap space
#   Check if swap backing store is full
#   Decrease Java heap size (-Xmx/-Xms)
#   Decrease number of Java threads
#   Decrease Java thread stack sizes (-Xss)
#   Set larger code cache with -XX:ReservedCodeCacheSize=
#   JVM is running with Unscaled Compressed Oops mode in which the Java heap is
#     placed in the first 4GB address space. The Java Heap base address is the
#     maximum limit for the native heap growth. Please use -XX:HeapBaseMinAddress
#     to set the Java Heap base and to place the Java Heap above 4GB virtual address.
# This output file may be truncated or incomplete.
#
#  Out of Memory Error (allocation.cpp:389), pid=11696, tid=0x0000000000002118
#
# JRE version: OpenJDK Runtime Environment (8.0_242-b01) (build 1.8.0_242-release-1644-b01)
# Java VM: OpenJDK 64-Bit Server VM (25.242-b01 mixed mode windows-amd64 compressed oops)
# Failed to write core dump. Minidumps are not enabled by default on client versions of Windows
#

---------------  T H R E A D  ---------------

Current thread (0x00000000174b6000):  JavaThread "C2 CompilerThread0" daemon [_thread_in_native, id=8472, stack(0x0000000018b10000,0x0000000018c10000)]

Stack: [0x0000000018b10000,0x0000000018c10000]
[error occurred during error reporting (printing stack bounds), id 0xc0000005]

Native frames: (J=compiled Java code, j=interpreted, Vv=VM code, C=native code)


Current CompileTask:
C2:  13632 4673   !   4       com.sun.beans.TypeResolver::resolve (274 bytes)


---------------  P R O C E S S  ---------------

Java Threads: ( => current thread )
  0x0000000018e5b800 JavaThread "Cache worker for Build Output Cleanup Cache (F:\android projects\X-O_Game\.gradle\buildOutputCleanup)" [_thread_blocked, id=10760, stack(0x0000000023a10000,0x0000000023b10000)]
  0x0000000018e5d000 JavaThread "pool-1-thread-1" [_thread_blocked, id=7604, stack(0x0000000023510000,0x0000000023610000)]
  0x0000000018e62000 JavaThread "Build operations Thread 4" [_thread_blocked, id=5608, stack(0x0000000023010000,0x0000000023110000)]
  0x0000000018e60000 JavaThread "Build operations Thread 3" [_thread_blocked, id=7536, stack(0x0000000021e90000,0x0000000021f90000)]
  0x0000000018e5c000 JavaThread "Build operations Thread 2" [_thread_blocked, id=10164, stack(0x0000000021b00000,0x0000000021c00000)]
  0x0000000018e5a800 JavaThread "Build operations" [_thread_blocked, id=6172, stack(0x0000000021a00000,0x0000000021b00000)]
  0x000000001af74000 JavaThread "Cache worker for execution history cache (C:\Users\Osama\.gradle\caches\6.1.1\executionHistory)" [_thread_blocked, id=5220, stack(0x0000000020c10000,0x0000000020d10000)]
  0x000000001af73800 JavaThread "Cache worker for cache directory md-rule (C:\Users\Osama\.gradle\caches\6.1.1\md-rule)" [_thread_blocked, id=10748, stack(0x000000001faa0000,0x000000001fba0000)]
  0x000000001af70800 JavaThread "Cache worker for cache directory md-supplier (C:\Users\Osama\.gradle\caches\6.1.1\md-supplier)" [_thread_blocked, id=1552, stack(0x000000001f9a0000,0x000000001faa0000)]
  0x000000001af72000 JavaThread "Cache worker for file hash cache (F:\android projects\X-O_Game\.gradle\6.1.1\fileHashes)" [_thread_blocked, id=6344, stack(0x0000000020f00000,0x0000000021000000)]
  0x000000001af6e000 JavaThread "Cache worker for checksums cache (F:\android projects\X-O_Game\.gradle\checksums)" [_thread_blocked, id=4004, stack(0x0000000020e00000,0x0000000020f00000)]
  0x000000001af6d800 JavaThread "Cache worker for file hash cache (C:\Users\Osama\.gradle\caches\6.1.1\fileHashes)" [_thread_blocked, id=9740, stack(0x000000001d230000,0x000000001d330000)]
  0x000000001af6f800 JavaThread "File lock request listener" [_thread_in_native, id=11156, stack(0x000000001d130000,0x000000001d230000)]
  0x000000001af6c000 JavaThread "Cache worker for journal cache (C:\Users\Osama\.gradle\caches\journal-1)" [_thread_blocked, id=10828, stack(0x000000001d030000,0x000000001d130000)]
  0x000000001adec000 JavaThread "Thread-9" [_thread_blocked, id=1260, stack(0x000000001cd30000,0x000000001ce30000)]
  0x000000001ade5000 JavaThread "Stdin handler" [_thread_blocked, id=11248, stack(0x000000001cc30000,0x000000001cd30000)]
  0x000000001ad5c800 JavaThread "Asynchronous log dispatcher for DefaultDaemonConnection: socket connection from /127.0.0.1:56876 to /127.0.0.1:56877" [_thread_blocked, id=5372, stack(0x000000001cb30000,0x000000001cc30000)]
  0x000000001ae12800 JavaThread "Daemon worker" [_thread_in_vm, id=9884, stack(0x000000001ca30000,0x000000001cb30000)]
  0x000000001ad68800 JavaThread "Cancel handler" [_thread_blocked, id=9556, stack(0x000000001c930000,0x000000001ca30000)]
  0x000000001adce000 JavaThread "Handler for socket connection from /127.0.0.1:56876 to /127.0.0.1:56877" [_thread_in_native, id=956, stack(0x000000001c630000,0x000000001c730000)]
  0x000000001ad31000 JavaThread "Daemon" [_thread_blocked, id=5972, stack(0x000000001c530000,0x000000001c630000)]
  0x000000001ad2e000 JavaThread "Daemon periodic checks" [_thread_blocked, id=6716, stack(0x000000001c430000,0x000000001c530000)]
  0x000000001ad20000 JavaThread "Incoming local TCP Connector on port 56876" [_thread_in_native, id=3876, stack(0x000000001c1f0000,0x000000001c2f0000)]
  0x000000001acd9800 JavaThread "Daemon health stats" [_thread_blocked, id=10212, stack(0x000000001bbb0000,0x000000001bcb0000)]
  0x0000000018e81000 JavaThread "Service Thread" daemon [_thread_blocked, id=8888, stack(0x0000000019210000,0x0000000019310000)]
  0x00000000174bc000 JavaThread "C1 CompilerThread2" daemon [_thread_blocked, id=2972, stack(0x0000000018d10000,0x0000000018e10000)]
  0x00000000174b9800 JavaThread "C2 CompilerThread1" daemon [_thread_in_native, id=5504, stack(0x0000000018c10000,0x0000000018d10000)]
=>0x00000000174b6000 JavaThread "C2 CompilerThread0" daemon [_thread_in_native, id=8472, stack(0x0000000018b10000,0x0000000018c10000)]
  0x0000000017503000 JavaThread "Attach Listener" daemon [_thread_blocked, id=11464, stack(0x0000000018a10000,0x0000000018b10000)]
  0x0000000017502800 JavaThread "Signal Dispatcher" daemon [_thread_blocked, id=10392, stack(0x0000000018910000,0x0000000018a10000)]
  0x000000000288c800 JavaThread "Finalizer" daemon [_thread_blocked, id=5112, stack(0x0000000018710000,0x0000000018810000)]
  0x0000000017499000 JavaThread "Reference Handler" daemon [_thread_blocked, id=5292, stack(0x0000000018610000,0x0000000018710000)]
  0x000000000268e000 JavaThread "main" [_thread_blocked, id=5580, stack(0x0000000002690000,0x0000000002790000)]

Other Threads:
  0x0000000017476000 VMThread [stack: 0x0000000018510000,0x0000000018610000] [id=5376]
  0x0000000018e92000 WatcherThread [stack: 0x0000000019310000,0x0000000019410000] [id=9296]

VM state:not at safepoint (normal execution)

VM Mutex/Monitor currently owned by a thread: None

heap address: 0x0000000080000000, size: 2048 MB, Compressed Oops mode: 32-bit
Narrow klass base: 0x0000000000000000, Narrow klass shift: 3
Compressed class space size: 1073741824 Address: 0x0000000100000000

Heap:
 PSYoungGen      total 198144K, used 69218K [0x00000000d5580000, 0x00000000e2500000, 0x0000000100000000)
  eden space 184832K, 30% used [0x00000000d5580000,0x00000000d8c18968,0x00000000e0a00000)
  from space 13312K, 99% used [0x00000000e0a00000,0x00000000e16ffea0,0x00000000e1700000)
  to   space 12288K, 0% used [0x00000000e1700000,0x00000000e1700000,0x00000000e2300000)
 ParOldGen       total 31744K, used 23648K [0x0000000080000000, 0x0000000081f00000, 0x00000000d5580000)
  object space 31744K, 74% used [0x0000000080000000,0x00000000817182d0,0x0000000081f00000)
 Metaspace       used 51571K, capacity 53502K, committed 53800K, reserved 1095680K
  class space    used 6930K, capacity 7395K, committed 7464K, reserved 1048576K

Card table byte_map: [0x0000000011c50000,0x0000000012060000] byte_map_base: 0x0000000011850000

Marking Bits: (ParMarkBitMap*) 0x00000000697ff030
 Begin Bits: [0x0000000012710000, 0x0000000014710000)
 End Bits:   [0x0000000014710000, 0x0000000016710000)

Polling page: 0x0000000000cc0000

CodeCache: size=245760Kb used=15206Kb max_used=15206Kb free=230553Kb
 bounds [0x0000000002890000, 0x0000000003780000, 0x0000000011890000]
 total_blobs=5108 nmethods=4338 adapters=681
 compilation: enabled

Compilation events (10 events):
Event: 13.601 Thread 0x00000000174bc000 4730       3       jdk.internal.org.objectweb.asm.MethodVisitor::visitInsn (16 bytes)
Event: 13.601 Thread 0x00000000174bc000 nmethod 4730 0x0000000003772810 code [0x0000000003772980, 0x0000000003772be8]
Event: 13.601 Thread 0x00000000174bc000 4729       3       java.lang.invoke.InfoFromMemberName::getMethodType (8 bytes)
Event: 13.601 Thread 0x00000000174bc000 nmethod 4729 0x0000000003772c90 code [0x0000000003772e00, 0x0000000003773008]
Event: 13.601 Thread 0x00000000174bc000 4731       3       java.lang.invoke.TypeConvertingMethodAdapter::<init> (8 bytes)
Event: 13.601 Thread 0x00000000174bc000 nmethod 4731 0x00000000037730d0 code [0x0000000003773240, 0x0000000003773490]
Event: 13.601 Thread 0x00000000174bc000 4732       3       jdk.internal.org.objectweb.asm.MethodVisitor::visitCode (15 bytes)
Event: 13.602 Thread 0x00000000174bc000 nmethod 4732 0x0000000003773590 code [0x0000000003773700, 0x0000000003773968]
Event: 13.602 Thread 0x00000000174bc000 4733       3       jdk.internal.org.objectweb.asm.MethodVisitor::visitMaxs (17 bytes)
Event: 13.602 Thread 0x00000000174bc000 nmethod 4733 0x0000000003773a10 code [0x0000000003773b80, 0x0000000003773de8]

GC Heap History (10 events):
Event: 5.171 GC heap before
{Heap before GC invocations=9 (full 1):
 PSYoungGen      total 138752K, used 4016K [0x00000000d5580000, 0x00000000de680000, 0x0000000100000000)
  eden space 129024K, 0% used [0x00000000d5580000,0x00000000d5580000,0x00000000dd380000)
  from space 9728K, 41% used [0x00000000ddd00000,0x00000000de0ec040,0x00000000de680000)
  to   space 9728K, 0% used [0x00000000dd380000,0x00000000dd380000,0x00000000ddd00000)
 ParOldGen       total 44032K, used 8733K [0x0000000080000000, 0x0000000082b00000, 0x00000000d5580000)
  object space 44032K, 19% used [0x0000000080000000,0x00000000808874a8,0x0000000082b00000)
 Metaspace       used 20538K, capacity 21214K, committed 21296K, reserved 1067008K
  class space    used 2884K, capacity 3093K, committed 3120K, reserved 1048576K
Event: 5.220 GC heap after
Heap after GC invocations=9 (full 1):
 PSYoungGen      total 138752K, used 0K [0x00000000d5580000, 0x00000000de680000, 0x0000000100000000)
  eden space 129024K, 0% used [0x00000000d5580000,0x00000000d5580000,0x00000000dd380000)
  from space 9728K, 0% used [0x00000000ddd00000,0x00000000ddd00000,0x00000000de680000)
  to   space 9728K, 0% used [0x00000000dd380000,0x00000000dd380000,0x00000000ddd00000)
 ParOldGen       total 31744K, used 7209K [0x0000000080000000, 0x0000000081f00000, 0x00000000d5580000)
  object space 31744K, 22% used [0x0000000080000000,0x000000008070a508,0x0000000081f00000)
 Metaspace       used 20538K, capacity 21214K, committed 21296K, reserved 1067008K
  class space    used 2884K, capacity 3093K, committed 3120K, reserved 1048576K
}
Event: 7.861 GC heap before
{Heap before GC invocations=10 (full 1):
 PSYoungGen      total 138752K, used 129024K [0x00000000d5580000, 0x00000000de680000, 0x0000000100000000)
  eden space 129024K, 100% used [0x00000000d5580000,0x00000000dd380000,0x00000000dd380000)
  from space 9728K, 0% used [0x00000000ddd00000,0x00000000ddd00000,0x00000000de680000)
  to   space 9728K, 0% used [0x00000000dd380000,0x00000000dd380000,0x00000000ddd00000)
 ParOldGen       total 31744K, used 7209K [0x0000000080000000, 0x0000000081f00000, 0x00000000d5580000)
  object space 31744K, 22% used [0x0000000080000000,0x000000008070a508,0x0000000081f00000)
 Metaspace       used 32076K, capacity 32954K, committed 33072K, reserved 1077248K
  class space    used 4332K, capacity 4590K, committed 4656K, reserved 1048576K
Event: 7.889 GC heap after
Heap after GC invocations=10 (full 1):
 PSYoungGen      total 138752K, used 9718K [0x00000000d5580000, 0x00000000e2300000, 0x0000000100000000)
  eden space 129024K, 0% used [0x00000000d5580000,0x00000000d5580000,0x00000000dd380000)
  from space 9728K, 99% used [0x00000000dd380000,0x00000000ddcfd8a8,0x00000000ddd00000)
  to   space 12288K, 0% used [0x00000000e1700000,0x00000000e1700000,0x00000000e2300000)
 ParOldGen       total 31744K, used 10229K [0x0000000080000000, 0x0000000081f00000, 0x00000000d5580000)
  object space 31744K, 32% used [0x0000000080000000,0x00000000809fd530,0x0000000081f00000)
 Metaspace       used 32076K, capacity 32954K, committed 33072K, reserved 1077248K
  class space    used 4332K, capacity 4590K, committed 4656K, reserved 1048576K
}
Event: 8.603 GC heap before
{Heap before GC invocations=11 (full 1):
 PSYoungGen      total 138752K, used 56038K [0x00000000d5580000, 0x00000000e2300000, 0x0000000100000000)
  eden space 129024K, 35% used [0x00000000d5580000,0x00000000d82bc088,0x00000000dd380000)
  from space 9728K, 99% used [0x00000000dd380000,0x00000000ddcfd8a8,0x00000000ddd00000)
  to   space 12288K, 0% used [0x00000000e1700000,0x00000000e1700000,0x00000000e2300000)
 ParOldGen       total 31744K, used 10229K [0x0000000080000000, 0x0000000081f00000, 0x00000000d5580000)
  object space 31744K, 32% used [0x0000000080000000,0x00000000809fd530,0x0000000081f00000)
 Metaspace       used 34433K, capacity 35386K, committed 35496K, reserved 1079296K
  class space    used 4677K, capacity 4942K, committed 5032K, reserved 1048576K
Event: 8.622 GC heap after
Heap after GC invocations=11 (full 1):
 PSYoungGen      total 197120K, used 9821K [0x00000000d5580000, 0x00000000e2500000, 0x0000000100000000)
  eden space 184832K, 0% used [0x00000000d5580000,0x00000000d5580000,0x00000000e0a00000)
  from space 12288K, 79% used [0x00000000e1700000,0x00000000e2097758,0x00000000e2300000)
  to   space 13312K, 0% used [0x00000000e0a00000,0x00000000e0a00000,0x00000000e1700000)
 ParOldGen       total 31744K, used 10237K [0x0000000080000000, 0x0000000081f00000, 0x00000000d5580000)
  object space 31744K, 32% used [0x0000000080000000,0x00000000809ff530,0x0000000081f00000)
 Metaspace       used 34433K, capacity 35386K, committed 35496K, reserved 1079296K
  class space    used 4677K, capacity 4942K, committed 5032K, reserved 1048576K
}
Event: 8.622 GC heap before
{Heap before GC invocations=12 (full 2):
 PSYoungGen      total 197120K, used 9821K [0x00000000d5580000, 0x00000000e2500000, 0x0000000100000000)
  eden space 184832K, 0% used [0x00000000d5580000,0x00000000d5580000,0x00000000e0a00000)
  from space 12288K, 79% used [0x00000000e1700000,0x00000000e2097758,0x00000000e2300000)
  to   space 13312K, 0% used [0x00000000e0a00000,0x00000000e0a00000,0x00000000e1700000)
 ParOldGen       total 31744K, used 10237K [0x0000000080000000, 0x0000000081f00000, 0x00000000d5580000)
  object space 31744K, 32% used [0x0000000080000000,0x00000000809ff530,0x0000000081f00000)
 Metaspace       used 34433K, capacity 35386K, committed 35496K, reserved 1079296K
  class space    used 4677K, capacity 4942K, committed 5032K, reserved 1048576K
Event: 8.700 GC heap after
Heap after GC invocations=12 (full 2):
 PSYoungGen      total 197120K, used 0K [0x00000000d5580000, 0x00000000e2500000, 0x0000000100000000)
  eden space 184832K, 0% used [0x00000000d5580000,0x00000000d5580000,0x00000000e0a00000)
  from space 12288K, 0% used [0x00000000e1700000,0x00000000e1700000,0x00000000e2300000)
  to   space 13312K, 0% used [0x00000000e0a00000,0x00000000e0a00000,0x00000000e1700000)
 ParOldGen       total 31744K, used 16759K [0x0000000080000000, 0x0000000081f00000, 0x00000000d5580000)
  object space 31744K, 52% used [0x0000000080000000,0x000000008105dfd8,0x0000000081f00000)
 Metaspace       used 34433K, capacity 35386K, committed 35496K, reserved 1079296K
  class space    used 4677K, capacity 4942K, committed 5032K, reserved 1048576K
}
Event: 12.078 GC heap before
{Heap before GC invocations=13 (full 2):
 PSYoungGen      total 197120K, used 184832K [0x00000000d5580000, 0x00000000e2500000, 0x0000000100000000)
  eden space 184832K, 100% used [0x00000000d5580000,0x00000000e0a00000,0x00000000e0a00000)
  from space 12288K, 0% used [0x00000000e1700000,0x00000000e1700000,0x00000000e2300000)
  to   space 13312K, 0% used [0x00000000e0a00000,0x00000000e0a00000,0x00000000e1700000)
 ParOldGen       total 31744K, used 16759K [0x0000000080000000, 0x0000000081f00000, 0x00000000d5580000)
  object space 31744K, 52% used [0x0000000080000000,0x000000008105dfd8,0x0000000081f00000)
 Metaspace       used 47998K, capacity 49674K, committed 49960K, reserved 1091584K
  class space    used 6468K, capacity 6842K, committed 6952K, reserved 1048576K
Event: 12.108 GC heap after
Heap after GC invocations=13 (full 2):
 PSYoungGen      total 198144K, used 13311K [0x00000000d5580000, 0x00000000e2500000, 0x0000000100000000)
  eden space 184832K, 0% used [0x00000000d5580000,0x00000000d5580000,0x00000000e0a00000)
  from space 13312K, 99% used [0x00000000e0a00000,0x00000000e16ffea0,0x00000000e1700000)
  to   space 12288K, 0% used [0x00000000e1700000,0x00000000e1700000,0x00000000e2300000)
 ParOldGen       total 31744K, used 23648K [0x0000000080000000, 0x0000000081f00000, 0x00000000d5580000)
  object space 31744K, 74% used [0x0000000080000000,0x00000000817182d0,0x0000000081f00000)
 Metaspace       used 47998K, capacity 49674K, committed 49960K, reserved 1091584K
  class space    used 6468K, capacity 6842K, committed 6952K, reserved 1048576K
}

Deoptimization events (10 events):
Event: 11.318 Thread 0x000000001ae12800 Uncommon trap: reason=unstable_if action=reinterpret pc=0x0000000002f6baa8 method=org.objectweb.asm.ByteVector.putUTF8(Ljava/lang/String;)Lorg/objectweb/asm/ByteVector; @ 93
Event: 12.197 Thread 0x000000001ae12800 Uncommon trap: reason=unstable_if action=reinterpret pc=0x000000000354c3f0 method=org.gradle.internal.reflect.PropertyAccessorType.of(Ljava/lang/reflect/Method;)Lorg/gradle/internal/reflect/PropertyAccessorType; @ 56
Event: 12.801 Thread 0x000000001ae12800 Uncommon trap: reason=unstable_if action=reinterpret pc=0x00000000029ca0f0 method=org.gradle.internal.instantiation.generator.AbstractClassGenerator$InjectionAnnotationValidator.validateMethod(Ljava/lang/reflect/Method;Lorg/gradle/internal/reflect/Propert
Event: 12.801 Thread 0x000000001ae12800 Uncommon trap: reason=unstable_if action=reinterpret pc=0x00000000036341b8 method=org.gradle.internal.instantiation.generator.AbstractClassGenerator$InjectionAnnotationValidator.validateMethod(Ljava/lang/reflect/Method;Lorg/gradle/internal/reflect/Propert
Event: 12.849 Thread 0x000000001ae12800 Uncommon trap: reason=bimorphic action=maybe_recompile pc=0x0000000002b33dd8 method=org.codehaus.groovy.runtime.metaclass.MetaMethodIndex.addMethodToList(Ljava/lang/Object;Lgroovy/lang/MetaMethod;)Ljava/lang/Object; @ 102
Event: 12.849 Thread 0x000000001ae12800 Uncommon trap: reason=bimorphic action=maybe_recompile pc=0x0000000002b33dd8 method=org.codehaus.groovy.runtime.metaclass.MetaMethodIndex.addMethodToList(Ljava/lang/Object;Lgroovy/lang/MetaMethod;)Ljava/lang/Object; @ 102
Event: 12.850 Thread 0x000000001ae12800 Uncommon trap: reason=bimorphic action=maybe_recompile pc=0x0000000003468edc method=org.codehaus.groovy.runtime.metaclass.MetaMethodIndex.addMethodToList(Ljava/lang/Object;Lgroovy/lang/MetaMethod;)Ljava/lang/Object; @ 102
Event: 12.850 Thread 0x000000001ae12800 Uncommon trap: reason=bimorphic action=maybe_recompile pc=0x0000000003468edc method=org.codehaus.groovy.runtime.metaclass.MetaMethodIndex.addMethodToList(Ljava/lang/Object;Lgroovy/lang/MetaMethod;)Ljava/lang/Object; @ 102
Event: 12.850 Thread 0x000000001ae12800 Uncommon trap: reason=unstable_if action=reinterpret pc=0x00000000034a6ab4 method=groovy.lang.MetaClassImpl$1MOPIter.methodNameAction(Ljava/lang/Class;Lorg/codehaus/groovy/runtime/metaclass/MetaMethodIndex$Entry;)V @ 182
Event: 13.213 Thread 0x000000001ae12800 Uncommon trap: reason=unstable_if action=reinterpret pc=0x0000000003727bd8 method=groovy.lang.MetaClassImpl.filterPropertyMethod(Ljava/lang/Object;ZZ)Ljava/lang/Object; @ 72

Classes redefined (0 events):
No events

Internal exceptions (10 events):
Event: 13.259 Thread 0x000000001ae12800 Exception <a 'java/lang/ClassNotFoundException': org/gradle/api/internal/file/AbstractFileCollectionBeanInfo> (0x00000000d80c7850) thrown at [C:\src\AOSP-openjdk-git\hotspot\src\share\vm\classfile\systemDictionary.cpp, line 210]
Event: 13.260 Thread 0x000000001ae12800 Exception <a 'java/lang/ClassNotFoundException': org/gradle/api/internal/file/AbstractFileCollectionCustomizer> (0x00000000d8107238) thrown at [C:\src\AOSP-openjdk-git\hotspot\src\share\vm\classfile\systemDictionary.cpp, line 210]
Event: 13.262 Thread 0x000000001ae12800 Exception <a 'java/lang/ClassNotFoundException': org/gradle/api/internal/file/CompositeFileCollectionCustomizer> (0x00000000d8157d90) thrown at [C:\src\AOSP-openjdk-git\hotspot\src\share\vm\classfile\systemDictionary.cpp, line 210]
Event: 13.264 Thread 0x000000001ae12800 Exception <a 'java/lang/ClassNotFoundException': org/gradle/api/internal/file/CompositeFileTreeCustomizer> (0x00000000d81a26f0) thrown at [C:\src\AOSP-openjdk-git\hotspot\src\share\vm\classfile\systemDictionary.cpp, line 210]
Event: 13.265 Thread 0x000000001ae12800 Exception <a 'java/lang/ClassNotFoundException': org/gradle/api/internal/file/collections/DefaultConfigurableFileTreeCustomizer> (0x00000000d81f9758) thrown at [C:\src\AOSP-openjdk-git\hotspot\src\share\vm\classfile\systemDictionary.cpp, line 210]
Event: 13.586 Thread 0x000000001ae12800 Exception <a 'java/lang/ClassNotFoundException': org/gradle/api/plugins/internal/DefaultBasePluginConventionBeanInfo> (0x00000000d89051e8) thrown at [C:\src\AOSP-openjdk-git\hotspot\src\share\vm\classfile\systemDictionary.cpp, line 210]
Event: 13.586 Thread 0x000000001ae12800 Exception <a 'java/lang/ClassNotFoundException': org/gradle/api/plugins/BasePluginConventionBeanInfo> (0x00000000d8930c70) thrown at [C:\src\AOSP-openjdk-git\hotspot\src\share\vm\classfile\systemDictionary.cpp, line 210]
Event: 13.587 Thread 0x000000001ae12800 Exception <a 'java/lang/ClassNotFoundException': org/gradle/api/plugins/BasePluginConventionCustomizer> (0x00000000d895ce10) thrown at [C:\src\AOSP-openjdk-git\hotspot\src\share\vm\classfile\systemDictionary.cpp, line 210]
Event: 13.589 Thread 0x000000001ae12800 Exception <a 'java/lang/ClassNotFoundException': org/gradle/api/plugins/internal/DefaultBasePluginConventionCustomizer> (0x00000000d89a6670) thrown at [C:\src\AOSP-openjdk-git\hotspot\src\share\vm\classfile\systemDictionary.cpp, line 210]
Event: 13.599 Thread 0x000000001ae12800 Exception <a 'java/lang/NoSuchMethodError': java.lang.Object.lambda$comparingInt$7b0bb60$1(Ljava/util/function/ToIntFunction;Ljava/lang/Object;Ljava/lang/Object;)I> (0x00000000d8a18558) thrown at [C:\src\AOSP-openjdk-git\hotspot\src\share\vm\interpreter\l

Events (10 events):
Event: 13.602 loading class com/android/build/gradle/internal/scope/ApkData
Event: 13.602 loading class com/android/build/gradle/internal/scope/ApkData done
Event: 13.602 loading class com/android/build/gradle/internal/variant/ApplicationVariantData
Event: 13.602 loading class com/android/build/gradle/internal/variant/ApplicationVariantData done
Event: 13.603 loading class com/android/build/api/component/impl/ComponentPropertiesImpl$addVariantOutput$2
Event: 13.603 loading class com/android/build/api/component/impl/ComponentPropertiesImpl$addVariantOutput$2 done
Event: 13.603 loading class com/android/build/api/variant/impl/VariantOutputConfigurationImpl
Event: 13.603 loading class com/android/build/api/variant/impl/VariantOutputConfigurationImpl done
Event: 13.605 loading class com/android/build/gradle/internal/dependency/VariantDependencies$Builder
Event: 13.605 loading class com/android/build/gradle/internal/dependency/VariantDependencies$Builder done


Dynamic libraries:
0x00007ff7adc60000 - 0x00007ff7adc91000 	C:\Program Files\Android\Android Studio\jre\bin\java.exe
0x00007ff8037f0000 - 0x00007ff8039e6000 	C:\WINDOWS\SYSTEM32\ntdll.dll
0x00007ff803470000 - 0x00007ff80352d000 	C:\WINDOWS\System32\KERNEL32.DLL
0x00007ff800f30000 - 0x00007ff8011f9000 	C:\WINDOWS\System32\KERNELBASE.dll
0x00007ff801ec0000 - 0x00007ff801f6c000 	C:\WINDOWS\System32\ADVAPI32.dll
0x00007ff801d40000 - 0x00007ff801dde000 	C:\WINDOWS\System32\msvcrt.dll
0x00007ff801890000 - 0x00007ff80192c000 	C:\WINDOWS\System32\sechost.dll
0x00007ff803670000 - 0x00007ff80379b000 	C:\WINDOWS\System32\RPCRT4.dll
0x00007ff802190000 - 0x00007ff802330000 	C:\WINDOWS\System32\USER32.dll
0x00007ff8015c0000 - 0x00007ff8015e2000 	C:\WINDOWS\System32\win32u.dll
0x00007ff802160000 - 0x00007ff80218a000 	C:\WINDOWS\System32\GDI32.dll
0x00007ff801260000 - 0x00007ff80136b000 	C:\WINDOWS\System32\gdi32full.dll
0x00007ff8013c0000 - 0x00007ff80145d000 	C:\WINDOWS\System32\msvcp_win.dll
0x00007ff801720000 - 0x00007ff801820000 	C:\WINDOWS\System32\ucrtbase.dll
0x00007fffef020000 - 0x00007fffef2bb000 	C:\WINDOWS\WinSxS\amd64_microsoft.windows.common-controls_6595b64144ccf1df_6.0.19041.746_none_ca02b4b61b8320a4\COMCTL32.dll
0x00007ff801850000 - 0x00007ff801880000 	C:\WINDOWS\System32\IMM32.DLL
0x000000006ac10000 - 0x000000006ace2000 	C:\Program Files\Android\Android Studio\jre\jre\bin\msvcr100.dll
0x0000000069030000 - 0x000000006987b000 	C:\Program Files\Android\Android Studio\jre\jre\bin\server\jvm.dll
0x00007ff801880000 - 0x00007ff801888000 	C:\WINDOWS\System32\PSAPI.DLL
0x00007ffff6fe0000 - 0x00007ffff6fea000 	C:\WINDOWS\SYSTEM32\VERSION.dll
0x00007ffff5370000 - 0x00007ffff5397000 	C:\WINDOWS\SYSTEM32\WINMM.dll
0x00007ffffeee0000 - 0x00007ffffeee9000 	C:\WINDOWS\SYSTEM32\WSOCK32.dll
0x00007ff802330000 - 0x00007ff80239b000 	C:\WINDOWS\System32\WS2_32.dll
0x00007ffffeed0000 - 0x00007ffffeedf000 	C:\Program Files\Android\Android Studio\jre\jre\bin\verify.dll
0x00007ffff51d0000 - 0x00007ffff51f9000 	C:\Program Files\Android\Android Studio\jre\jre\bin\java.dll
0x00007ffffeeb0000 - 0x00007ffffeec6000 	C:\Program Files\Android\Android Studio\jre\jre\bin\zip.dll
0x00007ff802b90000 - 0x00007ff8032d3000 	C:\WINDOWS\System32\SHELL32.dll
0x00007ffffefb0000 - 0x00007fffff73f000 	C:\WINDOWS\SYSTEM32\windows.storage.dll
0x00007ff801930000 - 0x00007ff801c86000 	C:\WINDOWS\System32\combase.dll
0x00007ff800920000 - 0x00007ff80094c000 	C:\WINDOWS\SYSTEM32\Wldp.dll
0x00007ff8029c0000 - 0x00007ff802a6e000 	C:\WINDOWS\System32\SHCORE.dll
0x00007ff803340000 - 0x00007ff803395000 	C:\WINDOWS\System32\shlwapi.dll
0x00007ff800e60000 - 0x00007ff800e86000 	C:\WINDOWS\SYSTEM32\profapi.dll
0x00007ffffc440000 - 0x00007ffffc45a000 	C:\Program Files\Android\Android Studio\jre\jre\bin\net.dll
0x00007ff800640000 - 0x00007ff8006aa000 	C:\WINDOWS\system32\mswsock.dll
0x00007ffff3b00000 - 0x00007ffff3b13000 	C:\Program Files\Android\Android Studio\jre\jre\bin\nio.dll
0x00007ffff2470000 - 0x00007ffff2496000 	C:\Users\Osama\.gradle\native\31\windows-amd64\native-platform.dll
0x00007ffffd630000 - 0x00007ffffd63d000 	C:\Program Files\Android\Android Studio\jre\jre\bin\management.dll
0x00007ff800810000 - 0x00007ff800828000 	C:\WINDOWS\SYSTEM32\CRYPTSP.dll
0x00007ffffffb0000 - 0x00007ffffffe4000 	C:\WINDOWS\system32\rsaenh.dll
0x00007ff801820000 - 0x00007ff801847000 	C:\WINDOWS\System32\bcrypt.dll
0x00007ff800e20000 - 0x00007ff800e4e000 	C:\WINDOWS\SYSTEM32\USERENV.dll
0x00007ff8015f0000 - 0x00007ff801670000 	C:\WINDOWS\System32\bcryptprimitives.dll
0x00007ff800830000 - 0x00007ff80083c000 	C:\WINDOWS\SYSTEM32\CRYPTBASE.dll
0x00007ff800330000 - 0x00007ff80036b000 	C:\WINDOWS\SYSTEM32\IPHLPAPI.DLL
0x00007ff8037a0000 - 0x00007ff8037a8000 	C:\WINDOWS\System32\NSI.dll
0x00007ffff6fa0000 - 0x00007ffff6fb7000 	C:\WINDOWS\SYSTEM32\dhcpcsvc6.DLL
0x00007ffff7240000 - 0x00007ffff725d000 	C:\WINDOWS\SYSTEM32\dhcpcsvc.DLL
0x00007ff800370000 - 0x00007ff80043b000 	C:\WINDOWS\SYSTEM32\DNSAPI.dll

VM Arguments:
jvm_args: -Xmx2048m -Dfile.encoding=windows-1256 -Duser.country=US -Duser.language=en -Duser.variant 
java_command: org.gradle.launcher.daemon.bootstrap.GradleDaemon 6.1.1
java_class_path (initial): C:\Users\Osama\.gradle\wrapper\dists\gradle-6.1.1-all\cfmwm155h49vnt3hynmlrsdst\gradle-6.1.1\lib\gradle-launcher-6.1.1.jar
Launcher Type: SUN_STANDARD

Environment Variables:
PATH=C:\Program Files (x86)\ActiveState Komodo Edit 11\;C:\Program Files (x86)\Common Files\Oracle\Java\javapath;C:\WINDOWS\system32;C:\WINDOWS;C:\WINDOWS\System32\Wbem;C:\WINDOWS\System32\WindowsPowerShell\v1.0\;C:\Program Files\Git\cmd;C:\src\flutter\bin;C:\xampp\php;C:\ProgramData\ComposerSetup\bin;C:\Program Files\Microsoft SQL Server\120\DTS\Binn\;C:\Program Files\Microsoft SQL Server\Client SDK\ODBC\110\Tools\Binn\;C:\Program Files (x86)\Microsoft SQL Server\120\Tools\Binn\;C:\Program Files\Microsoft SQL Server\120\Tools\Binn\;C:\Program Files (x86)\Microsoft SQL Server\120\Tools\Binn\ManagementStudio\;C:\Program Files (x86)\Microsoft SQL Server\120\DTS\Binn\;C:\Program Files (x86)\Microsoft Visual Studio 12.0\Common7\IDE\PrivateAssemblies\;C:\Program Files\dotnet\;C:\Program Files\Microsoft SQL Server\130\Tools\Binn\;C:\Program Files\Microsoft SQL Server\Client SDK\ODBC\170\Tools\Binn\;C:\WINDOWS\System32\OpenSSH\;C:\Users\Osama\AppData\Local\Microsoft\WindowsApps;C:\Users\Osama\AppData\Local\Programs\Microsoft VS Code\bin;C:\src\flutter\bin;C:\Users\Osama\AppData\Roaming\Composer\vendor\bin;C:\Users\Osama\.dotnet\tools;
USERNAME=Osama
OS=Windows_NT
PROCESSOR_IDENTIFIER=Intel64 Family 6 Model 58 Stepping 9, GenuineIntel



---------------  S Y S T E M  ---------------

OS: Windows 10.0 , 64 bit Build 19041 (10.0.19041.662)

CPU:total 4 (initial active 4) (2 cores per cpu, 2 threads per core) family 6 model 58 stepping 9, cmov, cx8, fxsr, mmx, sse, sse2, sse3, ssse3, sse4.1, sse4.2, popcnt, avx, aes, clmul, erms, ht, tsc, tscinvbit, tscinv

Memory: 4k page, physical 4070960k(298784k free), swap 4070960k(5828k free)

vm_info: OpenJDK 64-Bit Server VM (25.242-b01) for windows-amd64 JRE (1.8.0_242-release-1644-b01), built by "builder" with MS VC++ 10.0 (VS2010)

time: Fri Feb 05 00:36:37 2021
timezone: Egypt Standard Time
elapsed time: 13 seconds (0d 0h 0m 13s)

