#
# There is insufficient memory for the Java Runtime Environment to continue.
# Native memory allocation (malloc) failed to allocate 998816 bytes for Chunk::new
# Possible reasons:
#   The system is out of physical RAM or swap space
#   The process is running with CompressedOops enabled, and the Java Heap may be blocking the growth of the native heap
# Possible solutions:
#   Reduce memory load on the system
#   Increase physical memory or swap space
#   Check if swap backing store is full
#   Decrease Java heap size (-Xmx/-Xms)
#   Decrease number of Java threads
#   Decrease Java thread stack sizes (-Xss)
#   Set larger code cache with -XX:ReservedCodeCacheSize=
#   JVM is running with Unscaled Compressed Oops mode in which the Java heap is
#     placed in the first 4GB address space. The Java Heap base address is the
#     maximum limit for the native heap growth. Please use -XX:HeapBaseMinAddress
#     to set the Java Heap base and to place the Java Heap above 4GB virtual address.
# This output file may be truncated or incomplete.
#
#  Out of Memory Error (allocation.cpp:389), pid=11164, tid=0x00000000000016d8
#
# JRE version: OpenJDK Runtime Environment (8.0_242-b01) (build 1.8.0_242-release-1644-b01)
# Java VM: OpenJDK 64-Bit Server VM (25.242-b01 mixed mode windows-amd64 compressed oops)
# Failed to write core dump. Minidumps are not enabled by default on client versions of Windows
#

---------------  T H R E A D  ---------------

Current thread (0x0000000017a59800):  JavaThread "C2 CompilerThread1" daemon [_thread_in_native, id=5848, stack(0x00000000191b0000,0x00000000192b0000)]

Stack: [0x00000000191b0000,0x00000000192b0000]
[error occurred during error reporting (printing stack bounds), id 0xc0000005]

Native frames: (J=compiled Java code, j=interpreted, Vv=VM code, C=native code)


Current CompileTask:
C2:  11995 4704   !   4       com.sun.beans.TypeResolver::resolve (274 bytes)


---------------  P R O C E S S  ---------------

Java Threads: ( => current thread )
  0x000000001a793800 JavaThread "Cache worker for Build Output Cleanup Cache (F:\android projects\X-O_Game\.gradle\buildOutputCleanup)" [_thread_blocked, id=11820, stack(0x0000000024050000,0x0000000024150000)]
  0x000000001a799800 JavaThread "pool-1-thread-1" [_thread_blocked, id=4128, stack(0x0000000023880000,0x0000000023980000)]
  0x000000001a796800 JavaThread "Build operations Thread 4" [_thread_blocked, id=1112, stack(0x0000000023380000,0x0000000023480000)]
  0x000000001a798000 JavaThread "Build operations Thread 3" [_thread_blocked, id=2880, stack(0x0000000023280000,0x0000000023380000)]
  0x000000001a791000 JavaThread "Build operations Thread 2" [_thread_blocked, id=5092, stack(0x0000000021f50000,0x0000000022050000)]
  0x000000001a797000 JavaThread "Build operations" [_thread_blocked, id=6648, stack(0x0000000021e50000,0x0000000021f50000)]
  0x000000001b6e2000 JavaThread "Cache worker for execution history cache (C:\Users\Osama\.gradle\caches\6.1.1\executionHistory)" [_thread_blocked, id=10324, stack(0x00000000210b0000,0x00000000211b0000)]
  0x000000001b6e3800 JavaThread "Cache worker for cache directory md-rule (C:\Users\Osama\.gradle\caches\6.1.1\md-rule)" [_thread_blocked, id=10412, stack(0x0000000020fb0000,0x00000000210b0000)]
  0x000000001b6e6800 JavaThread "Cache worker for cache directory md-supplier (C:\Users\Osama\.gradle\caches\6.1.1\md-supplier)" [_thread_blocked, id=11928, stack(0x0000000020eb0000,0x0000000020fb0000)]
  0x000000001b6e4000 JavaThread "Cache worker for file hash cache (F:\android projects\X-O_Game\.gradle\6.1.1\fileHashes)" [_thread_blocked, id=4672, stack(0x0000000021350000,0x0000000021450000)]
  0x000000001b6e5800 JavaThread "Cache worker for checksums cache (F:\android projects\X-O_Game\.gradle\checksums)" [_thread_blocked, id=8920, stack(0x0000000021250000,0x0000000021350000)]
  0x000000001b6e8000 JavaThread "Cache worker for file hash cache (C:\Users\Osama\.gradle\caches\6.1.1\fileHashes)" [_thread_blocked, id=3180, stack(0x000000001d7d0000,0x000000001d8d0000)]
  0x000000001b6e8800 JavaThread "File lock request listener" [_thread_in_native, id=6988, stack(0x000000001d6d0000,0x000000001d7d0000)]
  0x000000001b5d3000 JavaThread "Cache worker for journal cache (C:\Users\Osama\.gradle\caches\journal-1)" [_thread_blocked, id=7876, stack(0x000000001d5d0000,0x000000001d6d0000)]
  0x000000001b547800 JavaThread "Thread-9" [_thread_blocked, id=7268, stack(0x000000001d2d0000,0x000000001d3d0000)]
  0x000000001b4e9800 JavaThread "Stdin handler" [_thread_blocked, id=3560, stack(0x000000001d1d0000,0x000000001d2d0000)]
  0x000000001b52c800 JavaThread "Asynchronous log dispatcher for DefaultDaemonConnection: socket connection from /127.0.0.1:56980 to /127.0.0.1:56981" [_thread_blocked, id=2704, stack(0x000000001d0d0000,0x000000001d1d0000)]
  0x000000001b54a000 JavaThread "Daemon worker" [_thread_in_Java, id=7380, stack(0x000000001cfd0000,0x000000001d0d0000)]
  0x000000001b179800 JavaThread "Cancel handler" [_thread_blocked, id=7860, stack(0x000000001ced0000,0x000000001cfd0000)]
  0x000000001b2b5800 JavaThread "Handler for socket connection from /127.0.0.1:56980 to /127.0.0.1:56981" [_thread_in_native, id=5348, stack(0x000000001cbd0000,0x000000001ccd0000)]
  0x000000001b2b9800 JavaThread "Daemon" [_thread_blocked, id=8152, stack(0x000000001cad0000,0x000000001cbd0000)]
  0x000000001b48a000 JavaThread "Daemon periodic checks" [_thread_blocked, id=12020, stack(0x000000001c9d0000,0x000000001cad0000)]
  0x000000001b487000 JavaThread "Incoming local TCP Connector on port 56980" [_thread_in_native, id=10660, stack(0x000000001c790000,0x000000001c890000)]
  0x000000001b177000 JavaThread "Daemon health stats" [_thread_blocked, id=4548, stack(0x000000001c150000,0x000000001c250000)]
  0x0000000019425800 JavaThread "Service Thread" daemon [_thread_blocked, id=2952, stack(0x00000000197b0000,0x00000000198b0000)]
  0x0000000017a5f800 JavaThread "C1 CompilerThread2" daemon [_thread_blocked, id=5280, stack(0x00000000192b0000,0x00000000193b0000)]
=>0x0000000017a59800 JavaThread "C2 CompilerThread1" daemon [_thread_in_native, id=5848, stack(0x00000000191b0000,0x00000000192b0000)]
  0x0000000017a56000 JavaThread "C2 CompilerThread0" daemon [_thread_in_native, id=3052, stack(0x00000000190b0000,0x00000000191b0000)]
  0x0000000017aa3000 JavaThread "Attach Listener" daemon [_thread_blocked, id=9440, stack(0x0000000018fb0000,0x00000000190b0000)]
  0x0000000017aa2800 JavaThread "Signal Dispatcher" daemon [_thread_blocked, id=2212, stack(0x0000000018eb0000,0x0000000018fb0000)]
  0x0000000002e2c800 JavaThread "Finalizer" daemon [_thread_blocked, id=4100, stack(0x0000000018cb0000,0x0000000018db0000)]
  0x0000000017a39000 JavaThread "Reference Handler" daemon [_thread_blocked, id=11920, stack(0x0000000018bb0000,0x0000000018cb0000)]
  0x00000000013de000 JavaThread "main" [_thread_blocked, id=10400, stack(0x0000000002c30000,0x0000000002d30000)]

Other Threads:
  0x0000000017a16000 VMThread [stack: 0x0000000018ab0000,0x0000000018bb0000] [id=6192]
  0x0000000019426000 WatcherThread [stack: 0x00000000198b0000,0x00000000199b0000] [id=6448]

VM state:not at safepoint (normal execution)

VM Mutex/Monitor currently owned by a thread: None

heap address: 0x0000000080000000, size: 2048 MB, Compressed Oops mode: 32-bit
Narrow klass base: 0x0000000000000000, Narrow klass shift: 3
Compressed class space size: 1073741824 Address: 0x0000000100000000

Heap:
 PSYoungGen      total 157184K, used 13780K [0x00000000d5580000, 0x00000000e0600000, 0x0000000100000000)
  eden space 146432K, 2% used [0x00000000d5580000,0x00000000d5878fb0,0x00000000de480000)
  from space 10752K, 99% used [0x00000000df380000,0x00000000dfdfc110,0x00000000dfe00000)
  to   space 15360K, 0% used [0x00000000de480000,0x00000000de480000,0x00000000df380000)
 ParOldGen       total 55296K, used 26269K [0x0000000080000000, 0x0000000083600000, 0x00000000d5580000)
  object space 55296K, 47% used [0x0000000080000000,0x00000000819a74e8,0x0000000083600000)
 Metaspace       used 51695K, capacity 53604K, committed 53800K, reserved 1095680K
  class space    used 6939K, capacity 7364K, committed 7464K, reserved 1048576K

Card table byte_map: [0x00000000121f0000,0x0000000012600000] byte_map_base: 0x0000000011df0000

Marking Bits: (ParMarkBitMap*) 0x00000000697ff030
 Begin Bits: [0x0000000012cb0000, 0x0000000014cb0000)
 End Bits:   [0x0000000014cb0000, 0x0000000016cb0000)

Polling page: 0x0000000001350000

CodeCache: size=245760Kb used=15150Kb max_used=15150Kb free=230609Kb
 bounds [0x0000000002e30000, 0x0000000003d10000, 0x0000000011e30000]
 total_blobs=5148 nmethods=4379 adapters=680
 compilation: enabled

Compilation events (10 events):
Event: 11.959 Thread 0x0000000017a5f800 4771       3       com.google.common.collect.ImmutableMap$Builder::<init> (25 bytes)
Event: 11.960 Thread 0x0000000017a5f800 nmethod 4771 0x0000000003d025d0 code [0x0000000003d02740, 0x0000000003d029b0]
Event: 11.960 Thread 0x0000000017a5f800 4772       3       com.google.common.collect.RegularImmutableMap::create (69 bytes)
Event: 11.961 Thread 0x0000000017a5f800 nmethod 4772 0x0000000003d02a90 code [0x0000000003d02ca0, 0x0000000003d034e8]
Event: 11.961 Thread 0x0000000017a5f800 4774       3       org.gradle.internal.ImmutableActionSet$EmptySet::execute (1 bytes)
Event: 11.961 Thread 0x0000000017a5f800 nmethod 4774 0x0000000003d03a10 code [0x0000000003d03b60, 0x0000000003d03cb0]
Event: 11.961 Thread 0x0000000017a5f800 4775       3       com.google.common.collect.ImmutableMap$Builder::build (21 bytes)
Event: 11.961 Thread 0x0000000017a5f800 nmethod 4775 0x0000000003d03d50 code [0x0000000003d03ec0, 0x0000000003d04118]
Event: 11.961 Thread 0x0000000017a5f800 4776       3       com.google.common.collect.ImmutableMap$Builder::sortEntries (156 bytes)
Event: 11.963 Thread 0x0000000017a5f800 nmethod 4776 0x0000000003d041d0 code [0x0000000003d04480, 0x0000000003d05998]

GC Heap History (10 events):
Event: 7.446 GC heap before
{Heap before GC invocations=12 (full 1):
 PSYoungGen      total 92672K, used 92671K [0x00000000d5580000, 0x00000000dc600000, 0x0000000100000000)
  eden space 85504K, 100% used [0x00000000d5580000,0x00000000da900000,0x00000000da900000)
  from space 7168K, 99% used [0x00000000dbf00000,0x00000000dc5ffde0,0x00000000dc600000)
  to   space 8192K, 0% used [0x00000000db600000,0x00000000db600000,0x00000000dbe00000)
 ParOldGen       total 34304K, used 9827K [0x0000000080000000, 0x0000000082180000, 0x00000000d5580000)
  object space 34304K, 28% used [0x0000000080000000,0x0000000080998ed0,0x0000000082180000)
 Metaspace       used 33209K, capacity 34196K, committed 34480K, reserved 1079296K
  class space    used 4479K, capacity 4742K, committed 4784K, reserved 1048576K
Event: 7.469 GC heap after
Heap after GC invocations=12 (full 1):
 PSYoungGen      total 107008K, used 7241K [0x00000000d5580000, 0x00000000dd900000, 0x0000000100000000)
  eden space 98816K, 0% used [0x00000000d5580000,0x00000000d5580000,0x00000000db600000)
  from space 8192K, 88% used [0x00000000db600000,0x00000000dbd12588,0x00000000dbe00000)
  to   space 8704K, 0% used [0x00000000dd080000,0x00000000dd080000,0x00000000dd900000)
 ParOldGen       total 34304K, used 12743K [0x0000000080000000, 0x0000000082180000, 0x00000000d5580000)
  object space 34304K, 37% used [0x0000000080000000,0x0000000080c71ee8,0x0000000082180000)
 Metaspace       used 33209K, capacity 34196K, committed 34480K, reserved 1079296K
  class space    used 4479K, capacity 4742K, committed 4784K, reserved 1048576K
}
Event: 7.855 GC heap before
{Heap before GC invocations=13 (full 1):
 PSYoungGen      total 107008K, used 30635K [0x00000000d5580000, 0x00000000dd900000, 0x0000000100000000)
  eden space 98816K, 23% used [0x00000000d5580000,0x00000000d6c586f8,0x00000000db600000)
  from space 8192K, 88% used [0x00000000db600000,0x00000000dbd12588,0x00000000dbe00000)
  to   space 8704K, 0% used [0x00000000dd080000,0x00000000dd080000,0x00000000dd900000)
 ParOldGen       total 34304K, used 12743K [0x0000000080000000, 0x0000000082180000, 0x00000000d5580000)
  object space 34304K, 37% used [0x0000000080000000,0x0000000080c71ee8,0x0000000082180000)
 Metaspace       used 34440K, capacity 35386K, committed 35496K, reserved 1079296K
  class space    used 4684K, capacity 4942K, committed 5032K, reserved 1048576K
Event: 7.870 GC heap after
Heap after GC invocations=13 (full 1):
 PSYoungGen      total 125952K, used 2569K [0x00000000d5580000, 0x00000000dee80000, 0x0000000100000000)
  eden space 117248K, 0% used [0x00000000d5580000,0x00000000d5580000,0x00000000dc800000)
  from space 8704K, 29% used [0x00000000dd080000,0x00000000dd3024e0,0x00000000dd900000)
  to   space 8704K, 0% used [0x00000000dc800000,0x00000000dc800000,0x00000000dd080000)
 ParOldGen       total 34304K, used 16443K [0x0000000080000000, 0x0000000082180000, 0x00000000d5580000)
  object space 34304K, 47% used [0x0000000080000000,0x000000008100ee58,0x0000000082180000)
 Metaspace       used 34440K, capacity 35386K, committed 35496K, reserved 1079296K
  class space    used 4684K, capacity 4942K, committed 5032K, reserved 1048576K
}
Event: 7.871 GC heap before
{Heap before GC invocations=14 (full 2):
 PSYoungGen      total 125952K, used 2569K [0x00000000d5580000, 0x00000000dee80000, 0x0000000100000000)
  eden space 117248K, 0% used [0x00000000d5580000,0x00000000d5580000,0x00000000dc800000)
  from space 8704K, 29% used [0x00000000dd080000,0x00000000dd3024e0,0x00000000dd900000)
  to   space 8704K, 0% used [0x00000000dc800000,0x00000000dc800000,0x00000000dd080000)
 ParOldGen       total 34304K, used 16443K [0x0000000080000000, 0x0000000082180000, 0x00000000d5580000)
  object space 34304K, 47% used [0x0000000080000000,0x000000008100ee58,0x0000000082180000)
 Metaspace       used 34440K, capacity 35386K, committed 35496K, reserved 1079296K
  class space    used 4684K, capacity 4942K, committed 5032K, reserved 1048576K
Event: 7.965 GC heap after
Heap after GC invocations=14 (full 2):
 PSYoungGen      total 125952K, used 0K [0x00000000d5580000, 0x00000000dee80000, 0x0000000100000000)
  eden space 117248K, 0% used [0x00000000d5580000,0x00000000d5580000,0x00000000dc800000)
  from space 8704K, 0% used [0x00000000dd080000,0x00000000dd080000,0x00000000dd900000)
  to   space 8704K, 0% used [0x00000000dc800000,0x00000000dc800000,0x00000000dd080000)
 ParOldGen       total 55296K, used 16077K [0x0000000080000000, 0x0000000083600000, 0x00000000d5580000)
  object space 55296K, 29% used [0x0000000080000000,0x0000000080fb3608,0x0000000083600000)
 Metaspace       used 34440K, capacity 35386K, committed 35496K, reserved 1079296K
  class space    used 4684K, capacity 4942K, committed 5032K, reserved 1048576K
}
Event: 9.963 GC heap before
{Heap before GC invocations=15 (full 2):
 PSYoungGen      total 125952K, used 117248K [0x00000000d5580000, 0x00000000dee80000, 0x0000000100000000)
  eden space 117248K, 100% used [0x00000000d5580000,0x00000000dc800000,0x00000000dc800000)
  from space 8704K, 0% used [0x00000000dd080000,0x00000000dd080000,0x00000000dd900000)
  to   space 8704K, 0% used [0x00000000dc800000,0x00000000dc800000,0x00000000dd080000)
 ParOldGen       total 55296K, used 16077K [0x0000000080000000, 0x0000000083600000, 0x00000000d5580000)
  object space 55296K, 29% used [0x0000000080000000,0x0000000080fb3608,0x0000000083600000)
 Metaspace       used 42969K, capacity 44580K, committed 44968K, reserved 1087488K
  class space    used 5819K, capacity 6215K, committed 6312K, reserved 1048576K
Event: 10.001 GC heap after
Heap after GC invocations=15 (full 2):
 PSYoungGen      total 125952K, used 8676K [0x00000000d5580000, 0x00000000dfe00000, 0x0000000100000000)
  eden space 117248K, 0% used [0x00000000d5580000,0x00000000d5580000,0x00000000dc800000)
  from space 8704K, 99% used [0x00000000dc800000,0x00000000dd079170,0x00000000dd080000)
  to   space 10752K, 0% used [0x00000000df380000,0x00000000df380000,0x00000000dfe00000)
 ParOldGen       total 55296K, used 18636K [0x0000000080000000, 0x0000000083600000, 0x00000000d5580000)
  object space 55296K, 33% used [0x0000000080000000,0x00000000812333d0,0x0000000083600000)
 Metaspace       used 42969K, capacity 44580K, committed 44968K, reserved 1087488K
  class space    used 5819K, capacity 6215K, committed 6312K, reserved 1048576K
}
Event: 11.902 GC heap before
{Heap before GC invocations=16 (full 2):
 PSYoungGen      total 125952K, used 125924K [0x00000000d5580000, 0x00000000dfe00000, 0x0000000100000000)
  eden space 117248K, 100% used [0x00000000d5580000,0x00000000dc800000,0x00000000dc800000)
  from space 8704K, 99% used [0x00000000dc800000,0x00000000dd079170,0x00000000dd080000)
  to   space 10752K, 0% used [0x00000000df380000,0x00000000df380000,0x00000000dfe00000)
 ParOldGen       total 55296K, used 18636K [0x0000000080000000, 0x0000000083600000, 0x00000000d5580000)
  object space 55296K, 33% used [0x0000000080000000,0x00000000812333d0,0x0000000083600000)
 Metaspace       used 51564K, capacity 53412K, committed 53544K, reserved 1095680K
  class space    used 6925K, capacity 7364K, committed 7464K, reserved 1048576K
Event: 11.929 GC heap after
Heap after GC invocations=16 (full 2):
 PSYoungGen      total 157184K, used 10736K [0x00000000d5580000, 0x00000000e0600000, 0x0000000100000000)
  eden space 146432K, 0% used [0x00000000d5580000,0x00000000d5580000,0x00000000de480000)
  from space 10752K, 99% used [0x00000000df380000,0x00000000dfdfc110,0x00000000dfe00000)
  to   space 15360K, 0% used [0x00000000de480000,0x00000000de480000,0x00000000df380000)
 ParOldGen       total 55296K, used 26269K [0x0000000080000000, 0x0000000083600000, 0x00000000d5580000)
  object space 55296K, 47% used [0x0000000080000000,0x00000000819a74e8,0x0000000083600000)
 Metaspace       used 51564K, capacity 53412K, committed 53544K, reserved 1095680K
  class space    used 6925K, capacity 7364K, committed 7464K, reserved 1048576K
}

Deoptimization events (10 events):
Event: 10.646 Thread 0x000000001b54a000 Uncommon trap: reason=unstable_if action=reinterpret pc=0x0000000003509168 method=org.objectweb.asm.ByteVector.putUTF8(Ljava/lang/String;)Lorg/objectweb/asm/ByteVector; @ 93
Event: 11.265 Thread 0x000000001b54a000 Uncommon trap: reason=unstable_if action=reinterpret pc=0x0000000003ac49b0 method=org.gradle.internal.reflect.PropertyAccessorType.of(Ljava/lang/reflect/Method;)Lorg/gradle/internal/reflect/PropertyAccessorType; @ 56
Event: 11.518 Thread 0x000000001b54a000 Uncommon trap: reason=unstable_if action=reinterpret pc=0x0000000003bcf6f0 method=org.gradle.internal.instantiation.generator.AbstractClassGenerator$InjectionAnnotationValidator.validateMethod(Ljava/lang/reflect/Method;Lorg/gradle/internal/reflect/Propert
Event: 11.553 Thread 0x000000001b54a000 Uncommon trap: reason=bimorphic action=maybe_recompile pc=0x0000000003464148 method=org.codehaus.groovy.runtime.metaclass.MetaMethodIndex.addMethodToList(Ljava/lang/Object;Lgroovy/lang/MetaMethod;)Ljava/lang/Object; @ 102
Event: 11.553 Thread 0x000000001b54a000 Uncommon trap: reason=bimorphic action=maybe_recompile pc=0x0000000003464148 method=org.codehaus.groovy.runtime.metaclass.MetaMethodIndex.addMethodToList(Ljava/lang/Object;Lgroovy/lang/MetaMethod;)Ljava/lang/Object; @ 102
Event: 11.553 Thread 0x000000001b54a000 Uncommon trap: reason=bimorphic action=maybe_recompile pc=0x00000000039e7d0c method=org.codehaus.groovy.runtime.metaclass.MetaMethodIndex.addMethodToList(Ljava/lang/Object;Lgroovy/lang/MetaMethod;)Ljava/lang/Object; @ 102
Event: 11.553 Thread 0x000000001b54a000 Uncommon trap: reason=bimorphic action=maybe_recompile pc=0x00000000039e7d0c method=org.codehaus.groovy.runtime.metaclass.MetaMethodIndex.addMethodToList(Ljava/lang/Object;Lgroovy/lang/MetaMethod;)Ljava/lang/Object; @ 102
Event: 11.553 Thread 0x000000001b54a000 Uncommon trap: reason=unstable_if action=reinterpret pc=0x00000000039f8dc0 method=groovy.lang.MetaClassImpl$1MOPIter.methodNameAction(Ljava/lang/Class;Lorg/codehaus/groovy/runtime/metaclass/MetaMethodIndex$Entry;)V @ 182
Event: 11.717 Thread 0x000000001b54a000 Uncommon trap: reason=unstable_if action=reinterpret pc=0x00000000035bee4c method=java.util.WeakHashMap.put(Ljava/lang/Object;Ljava/lang/Object;)Ljava/lang/Object; @ 59
Event: 11.735 Thread 0x000000001b54a000 Uncommon trap: reason=unstable_if action=reinterpret pc=0x0000000003c83a58 method=groovy.lang.MetaClassImpl.filterPropertyMethod(Ljava/lang/Object;ZZ)Ljava/lang/Object; @ 72

Classes redefined (0 events):
No events

Internal exceptions (10 events):
Event: 11.761 Thread 0x000000001b54a000 Exception <a 'java/lang/ClassNotFoundException': org/gradle/api/internal/file/AbstractFileCollectionBeanInfo> (0x00000000dbe482d8) thrown at [C:\src\AOSP-openjdk-git\hotspot\src\share\vm\classfile\systemDictionary.cpp, line 210]
Event: 11.763 Thread 0x000000001b54a000 Exception <a 'java/lang/ClassNotFoundException': org/gradle/api/internal/file/AbstractFileCollectionCustomizer> (0x00000000dbe87cc0) thrown at [C:\src\AOSP-openjdk-git\hotspot\src\share\vm\classfile\systemDictionary.cpp, line 210]
Event: 11.765 Thread 0x000000001b54a000 Exception <a 'java/lang/ClassNotFoundException': org/gradle/api/internal/file/CompositeFileCollectionCustomizer> (0x00000000dbed8818) thrown at [C:\src\AOSP-openjdk-git\hotspot\src\share\vm\classfile\systemDictionary.cpp, line 210]
Event: 11.767 Thread 0x000000001b54a000 Exception <a 'java/lang/ClassNotFoundException': org/gradle/api/internal/file/CompositeFileTreeCustomizer> (0x00000000dbf231d0) thrown at [C:\src\AOSP-openjdk-git\hotspot\src\share\vm\classfile\systemDictionary.cpp, line 210]
Event: 11.768 Thread 0x000000001b54a000 Exception <a 'java/lang/ClassNotFoundException': org/gradle/api/internal/file/collections/DefaultConfigurableFileTreeCustomizer> (0x00000000dbf7a238) thrown at [C:\src\AOSP-openjdk-git\hotspot\src\share\vm\classfile\systemDictionary.cpp, line 210]
Event: 11.878 Thread 0x000000001b54a000 Exception <a 'java/lang/ClassNotFoundException': org/gradle/api/plugins/internal/DefaultBasePluginConventionBeanInfo> (0x00000000dc681f78) thrown at [C:\src\AOSP-openjdk-git\hotspot\src\share\vm\classfile\systemDictionary.cpp, line 210]
Event: 11.879 Thread 0x000000001b54a000 Exception <a 'java/lang/ClassNotFoundException': org/gradle/api/plugins/BasePluginConventionBeanInfo> (0x00000000dc6ad9e0) thrown at [C:\src\AOSP-openjdk-git\hotspot\src\share\vm\classfile\systemDictionary.cpp, line 210]
Event: 11.880 Thread 0x000000001b54a000 Exception <a 'java/lang/ClassNotFoundException': org/gradle/api/plugins/BasePluginConventionCustomizer> (0x00000000dc6d9b80) thrown at [C:\src\AOSP-openjdk-git\hotspot\src\share\vm\classfile\systemDictionary.cpp, line 210]
Event: 11.881 Thread 0x000000001b54a000 Exception <a 'java/lang/ClassNotFoundException': org/gradle/api/plugins/internal/DefaultBasePluginConventionCustomizer> (0x00000000dc7233e0) thrown at [C:\src\AOSP-openjdk-git\hotspot\src\share\vm\classfile\systemDictionary.cpp, line 210]
Event: 11.890 Thread 0x000000001b54a000 Exception <a 'java/lang/NoSuchMethodError': java.lang.Object.lambda$comparingInt$7b0bb60$1(Ljava/util/function/ToIntFunction;Ljava/lang/Object;Ljava/lang/Object;)I> (0x00000000dc7955b0) thrown at [C:\src\AOSP-openjdk-git\hotspot\src\share\vm\interpreter\l

Events (10 events):
Event: 11.963 loading class com/google/common/collect/ImmutableMapKeySet
Event: 11.963 loading class com/google/common/collect/ImmutableMapKeySet done
Event: 11.963 loading class com/google/common/collect/ImmutableMapValues
Event: 11.963 loading class com/google/common/collect/ImmutableMapValues done
Event: 11.966 loading class com/google/wireless/android/sdk/stats/ApiVersionOrBuilder
Event: 11.966 loading class com/google/wireless/android/sdk/stats/ApiVersionOrBuilder done
Event: 11.980 loading class com/google/wireless/android/sdk/stats/GradleBuildVariant$1
Event: 11.980 loading class com/google/wireless/android/sdk/stats/GradleBuildVariant$1 done
Event: 11.991 loading class com/google/wireless/android/sdk/stats/GradleBuildVariant$Builder
Event: 11.991 loading class com/google/wireless/android/sdk/stats/GradleBuildVariant$Builder done


Dynamic libraries:
0x00007ff7adc60000 - 0x00007ff7adc91000 	C:\Program Files\Android\Android Studio\jre\bin\java.exe
0x00007ff8037f0000 - 0x00007ff8039e6000 	C:\WINDOWS\SYSTEM32\ntdll.dll
0x00007ff803470000 - 0x00007ff80352d000 	C:\WINDOWS\System32\KERNEL32.DLL
0x00007ff800f30000 - 0x00007ff8011f9000 	C:\WINDOWS\System32\KERNELBASE.dll
0x00007ff801ec0000 - 0x00007ff801f6c000 	C:\WINDOWS\System32\ADVAPI32.dll
0x00007ff801d40000 - 0x00007ff801dde000 	C:\WINDOWS\System32\msvcrt.dll
0x00007ff801890000 - 0x00007ff80192c000 	C:\WINDOWS\System32\sechost.dll
0x00007ff803670000 - 0x00007ff80379b000 	C:\WINDOWS\System32\RPCRT4.dll
0x00007ff802190000 - 0x00007ff802330000 	C:\WINDOWS\System32\USER32.dll
0x00007ff8015c0000 - 0x00007ff8015e2000 	C:\WINDOWS\System32\win32u.dll
0x00007ff802160000 - 0x00007ff80218a000 	C:\WINDOWS\System32\GDI32.dll
0x00007ff801260000 - 0x00007ff80136b000 	C:\WINDOWS\System32\gdi32full.dll
0x00007ff8013c0000 - 0x00007ff80145d000 	C:\WINDOWS\System32\msvcp_win.dll
0x00007ff801720000 - 0x00007ff801820000 	C:\WINDOWS\System32\ucrtbase.dll
0x00007fffef020000 - 0x00007fffef2bb000 	C:\WINDOWS\WinSxS\amd64_microsoft.windows.common-controls_6595b64144ccf1df_6.0.19041.746_none_ca02b4b61b8320a4\COMCTL32.dll
0x00007ff801850000 - 0x00007ff801880000 	C:\WINDOWS\System32\IMM32.DLL
0x000000006ac10000 - 0x000000006ace2000 	C:\Program Files\Android\Android Studio\jre\jre\bin\msvcr100.dll
0x0000000069030000 - 0x000000006987b000 	C:\Program Files\Android\Android Studio\jre\jre\bin\server\jvm.dll
0x00007ff801880000 - 0x00007ff801888000 	C:\WINDOWS\System32\PSAPI.DLL
0x00007ffff5370000 - 0x00007ffff5397000 	C:\WINDOWS\SYSTEM32\WINMM.dll
0x00007ffff6fe0000 - 0x00007ffff6fea000 	C:\WINDOWS\SYSTEM32\VERSION.dll
0x00007ffffeee0000 - 0x00007ffffeee9000 	C:\WINDOWS\SYSTEM32\WSOCK32.dll
0x00007ff802330000 - 0x00007ff80239b000 	C:\WINDOWS\System32\WS2_32.dll
0x00007ffffeed0000 - 0x00007ffffeedf000 	C:\Program Files\Android\Android Studio\jre\jre\bin\verify.dll
0x00007ffff51d0000 - 0x00007ffff51f9000 	C:\Program Files\Android\Android Studio\jre\jre\bin\java.dll
0x00007ffffeeb0000 - 0x00007ffffeec6000 	C:\Program Files\Android\Android Studio\jre\jre\bin\zip.dll
0x00007ff802b90000 - 0x00007ff8032d3000 	C:\WINDOWS\System32\SHELL32.dll
0x00007ffffefb0000 - 0x00007fffff73f000 	C:\WINDOWS\SYSTEM32\windows.storage.dll
0x00007ff801930000 - 0x00007ff801c86000 	C:\WINDOWS\System32\combase.dll
0x00007ff800920000 - 0x00007ff80094c000 	C:\WINDOWS\SYSTEM32\Wldp.dll
0x00007ff8029c0000 - 0x00007ff802a6e000 	C:\WINDOWS\System32\SHCORE.dll
0x00007ff803340000 - 0x00007ff803395000 	C:\WINDOWS\System32\shlwapi.dll
0x00007ff800e60000 - 0x00007ff800e86000 	C:\WINDOWS\SYSTEM32\profapi.dll
0x00007ffffc440000 - 0x00007ffffc45a000 	C:\Program Files\Android\Android Studio\jre\jre\bin\net.dll
0x00007ff800640000 - 0x00007ff8006aa000 	C:\WINDOWS\system32\mswsock.dll
0x00007ffff3b00000 - 0x00007ffff3b13000 	C:\Program Files\Android\Android Studio\jre\jre\bin\nio.dll
0x00007ffff2470000 - 0x00007ffff2496000 	C:\Users\Osama\.gradle\native\31\windows-amd64\native-platform.dll
0x00007ffffd630000 - 0x00007ffffd63d000 	C:\Program Files\Android\Android Studio\jre\jre\bin\management.dll
0x00007ff800810000 - 0x00007ff800828000 	C:\WINDOWS\SYSTEM32\CRYPTSP.dll
0x00007ffffffb0000 - 0x00007ffffffe4000 	C:\WINDOWS\system32\rsaenh.dll
0x00007ff801820000 - 0x00007ff801847000 	C:\WINDOWS\System32\bcrypt.dll
0x00007ff800e20000 - 0x00007ff800e4e000 	C:\WINDOWS\SYSTEM32\USERENV.dll
0x00007ff8015f0000 - 0x00007ff801670000 	C:\WINDOWS\System32\bcryptprimitives.dll
0x00007ff800830000 - 0x00007ff80083c000 	C:\WINDOWS\SYSTEM32\CRYPTBASE.dll
0x00007ff800330000 - 0x00007ff80036b000 	C:\WINDOWS\SYSTEM32\IPHLPAPI.DLL
0x00007ff8037a0000 - 0x00007ff8037a8000 	C:\WINDOWS\System32\NSI.dll
0x00007ffff6fa0000 - 0x00007ffff6fb7000 	C:\WINDOWS\SYSTEM32\dhcpcsvc6.DLL
0x00007ffff7240000 - 0x00007ffff725d000 	C:\WINDOWS\SYSTEM32\dhcpcsvc.DLL
0x00007ff800370000 - 0x00007ff80043b000 	C:\WINDOWS\SYSTEM32\DNSAPI.dll

VM Arguments:
jvm_args: -Xmx2048m -Dfile.encoding=windows-1256 -Duser.country=US -Duser.language=en -Duser.variant 
java_command: org.gradle.launcher.daemon.bootstrap.GradleDaemon 6.1.1
java_class_path (initial): C:\Users\Osama\.gradle\wrapper\dists\gradle-6.1.1-all\cfmwm155h49vnt3hynmlrsdst\gradle-6.1.1\lib\gradle-launcher-6.1.1.jar
Launcher Type: SUN_STANDARD

Environment Variables:
PATH=C:\Program Files (x86)\ActiveState Komodo Edit 11\;C:\Program Files (x86)\Common Files\Oracle\Java\javapath;C:\WINDOWS\system32;C:\WINDOWS;C:\WINDOWS\System32\Wbem;C:\WINDOWS\System32\WindowsPowerShell\v1.0\;C:\Program Files\Git\cmd;C:\src\flutter\bin;C:\xampp\php;C:\ProgramData\ComposerSetup\bin;C:\Program Files\Microsoft SQL Server\120\DTS\Binn\;C:\Program Files\Microsoft SQL Server\Client SDK\ODBC\110\Tools\Binn\;C:\Program Files (x86)\Microsoft SQL Server\120\Tools\Binn\;C:\Program Files\Microsoft SQL Server\120\Tools\Binn\;C:\Program Files (x86)\Microsoft SQL Server\120\Tools\Binn\ManagementStudio\;C:\Program Files (x86)\Microsoft SQL Server\120\DTS\Binn\;C:\Program Files (x86)\Microsoft Visual Studio 12.0\Common7\IDE\PrivateAssemblies\;C:\Program Files\dotnet\;C:\Program Files\Microsoft SQL Server\130\Tools\Binn\;C:\Program Files\Microsoft SQL Server\Client SDK\ODBC\170\Tools\Binn\;C:\WINDOWS\System32\OpenSSH\;C:\Users\Osama\AppData\Local\Microsoft\WindowsApps;C:\Users\Osama\AppData\Local\Programs\Microsoft VS Code\bin;C:\src\flutter\bin;C:\Users\Osama\AppData\Roaming\Composer\vendor\bin;C:\Users\Osama\.dotnet\tools;
USERNAME=Osama
OS=Windows_NT
PROCESSOR_IDENTIFIER=Intel64 Family 6 Model 58 Stepping 9, GenuineIntel



---------------  S Y S T E M  ---------------

OS: Windows 10.0 , 64 bit Build 19041 (10.0.19041.662)

CPU:total 4 (initial active 4) (2 cores per cpu, 2 threads per core) family 6 model 58 stepping 9, cmov, cx8, fxsr, mmx, sse, sse2, sse3, ssse3, sse4.1, sse4.2, popcnt, avx, aes, clmul, erms, ht, tsc, tscinvbit, tscinv

Memory: 4k page, physical 4070960k(375832k free), swap 4070960k(5300k free)

vm_info: OpenJDK 64-Bit Server VM (25.242-b01) for windows-amd64 JRE (1.8.0_242-release-1644-b01), built by "builder" with MS VC++ 10.0 (VS2010)

time: Fri Feb 05 00:37:50 2021
timezone: Egypt Standard Time
elapsed time: 12 seconds (0d 0h 0m 12s)

