#
# There is insufficient memory for the Java Runtime Environment to continue.
# Native memory allocation (malloc) failed to allocate 1109376 bytes for Chunk::new
# Possible reasons:
#   The system is out of physical RAM or swap space
#   The process is running with CompressedOops enabled, and the Java Heap may be blocking the growth of the native heap
# Possible solutions:
#   Reduce memory load on the system
#   Increase physical memory or swap space
#   Check if swap backing store is full
#   Decrease Java heap size (-Xmx/-Xms)
#   Decrease number of Java threads
#   Decrease Java thread stack sizes (-Xss)
#   Set larger code cache with -XX:ReservedCodeCacheSize=
#   JVM is running with Unscaled Compressed Oops mode in which the Java heap is
#     placed in the first 4GB address space. The Java Heap base address is the
#     maximum limit for the native heap growth. Please use -XX:HeapBaseMinAddress
#     to set the Java Heap base and to place the Java Heap above 4GB virtual address.
# This output file may be truncated or incomplete.
#
#  Out of Memory Error (allocation.cpp:389), pid=12128, tid=0x0000000000002760
#
# JRE version: OpenJDK Runtime Environment (8.0_242-b01) (build 1.8.0_242-release-1644-b01)
# Java VM: OpenJDK 64-Bit Server VM (25.242-b01 mixed mode windows-amd64 compressed oops)
# Failed to write core dump. Minidumps are not enabled by default on client versions of Windows
#

---------------  T H R E A D  ---------------

Current thread (0x0000000017bdc000):  JavaThread "C2 CompilerThread1" daemon [_thread_in_native, id=10080, stack(0x0000000019320000,0x0000000019420000)]

Stack: [0x0000000019320000,0x0000000019420000]
[error occurred during error reporting (printing stack bounds), id 0xc0000005]

Native frames: (J=compiled Java code, j=interpreted, Vv=VM code, C=native code)


Current CompileTask:
C2:  13433 3506       4       groovy.lang.MetaClassImpl::checkIfStdMethod (178 bytes)


---------------  P R O C E S S  ---------------

Java Threads: ( => current thread )
  0x000000001b7a3000 JavaThread "Cache worker for execution history cache (C:\Users\Osama\.gradle\caches\6.1.1\executionHistory)" [_thread_blocked, id=1756, stack(0x0000000020490000,0x0000000020590000)]
  0x000000001b7a6000 JavaThread "Cache worker for cache directory md-rule (C:\Users\Osama\.gradle\caches\6.1.1\md-rule)" [_thread_blocked, id=7140, stack(0x0000000020390000,0x0000000020490000)]
  0x000000001b7a5000 JavaThread "Cache worker for cache directory md-supplier (C:\Users\Osama\.gradle\caches\6.1.1\md-supplier)" [_thread_blocked, id=10180, stack(0x0000000020290000,0x0000000020390000)]
  0x000000001b7a0800 JavaThread "Cache worker for file hash cache (F:\android projects\X-O_Game\.gradle\6.1.1\fileHashes)" [_thread_blocked, id=12024, stack(0x000000001ed10000,0x000000001ee10000)]
  0x000000001b7a0000 JavaThread "Cache worker for checksums cache (F:\android projects\X-O_Game\.gradle\checksums)" [_thread_blocked, id=10620, stack(0x000000001ec10000,0x000000001ed10000)]
  0x000000001b7a3800 JavaThread "Cache worker for file hash cache (C:\Users\Osama\.gradle\caches\6.1.1\fileHashes)" [_thread_blocked, id=5736, stack(0x000000001d940000,0x000000001da40000)]
  0x000000001b7a6800 JavaThread "File lock request listener" [_thread_in_native, id=9852, stack(0x000000001d840000,0x000000001d940000)]
  0x000000001b831800 JavaThread "Cache worker for journal cache (C:\Users\Osama\.gradle\caches\journal-1)" [_thread_blocked, id=4772, stack(0x000000001d740000,0x000000001d840000)]
  0x000000001b7ef800 JavaThread "Thread-9" [_thread_blocked, id=11184, stack(0x000000001d440000,0x000000001d540000)]
  0x000000001b6cd800 JavaThread "Stdin handler" [_thread_blocked, id=11212, stack(0x000000001d340000,0x000000001d440000)]
  0x000000001b6cd000 JavaThread "Asynchronous log dispatcher for DefaultDaemonConnection: socket connection from /127.0.0.1:56705 to /127.0.0.1:56706" [_thread_blocked, id=12096, stack(0x000000001d240000,0x000000001d340000)]
  0x000000001b6b5800 JavaThread "Daemon worker" [_thread_in_native, id=2700, stack(0x000000001d140000,0x000000001d240000)]
  0x000000001b6bb000 JavaThread "Cancel handler" [_thread_blocked, id=8540, stack(0x000000001d040000,0x000000001d140000)]
  0x000000001b678000 JavaThread "Handler for socket connection from /127.0.0.1:56705 to /127.0.0.1:56706" [_thread_in_native, id=7292, stack(0x000000001cd40000,0x000000001ce40000)]
  0x000000001b672800 JavaThread "Daemon" [_thread_blocked, id=6256, stack(0x000000001cc40000,0x000000001cd40000)]
  0x000000001b620000 JavaThread "Daemon periodic checks" [_thread_blocked, id=7028, stack(0x000000001cb40000,0x000000001cc40000)]
  0x000000001b60d800 JavaThread "Incoming local TCP Connector on port 56705" [_thread_in_native, id=11884, stack(0x000000001c900000,0x000000001ca00000)]
  0x000000001b5b0800 JavaThread "Daemon health stats" [_thread_blocked, id=1004, stack(0x000000001c2c0000,0x000000001c3c0000)]
  0x000000001958c000 JavaThread "Service Thread" daemon [_thread_blocked, id=7104, stack(0x0000000019920000,0x0000000019a20000)]
  0x0000000017bdc800 JavaThread "C1 CompilerThread2" daemon [_thread_blocked, id=1472, stack(0x0000000019420000,0x0000000019520000)]
=>0x0000000017bdc000 JavaThread "C2 CompilerThread1" daemon [_thread_in_native, id=10080, stack(0x0000000019320000,0x0000000019420000)]
  0x0000000017bd4800 JavaThread "C2 CompilerThread0" daemon [_thread_blocked, id=6528, stack(0x0000000019220000,0x0000000019320000)]
  0x0000000017bd2800 JavaThread "Attach Listener" daemon [_thread_blocked, id=8180, stack(0x0000000019120000,0x0000000019220000)]
  0x0000000017c21800 JavaThread "Signal Dispatcher" daemon [_thread_blocked, id=5884, stack(0x0000000019020000,0x0000000019120000)]
  0x0000000002fab800 JavaThread "Finalizer" daemon [_thread_blocked, id=11984, stack(0x0000000018e20000,0x0000000018f20000)]
  0x0000000017bb9000 JavaThread "Reference Handler" daemon [_thread_blocked, id=10008, stack(0x0000000018d20000,0x0000000018e20000)]
  0x000000000151e000 JavaThread "main" [_thread_blocked, id=11708, stack(0x0000000002db0000,0x0000000002eb0000)]

Other Threads:
  0x0000000017b96800 VMThread [stack: 0x0000000018c20000,0x0000000018d20000] [id=5992]
  0x000000001959d000 WatcherThread [stack: 0x0000000019a20000,0x0000000019b20000] [id=5668]

VM state:not at safepoint (normal execution)

VM Mutex/Monitor currently owned by a thread: None

heap address: 0x0000000080000000, size: 2048 MB, Compressed Oops mode: 32-bit
Narrow klass base: 0x0000000000000000, Narrow klass shift: 3
Compressed class space size: 1073741824 Address: 0x0000000100000000

Heap:
 PSYoungGen      total 221184K, used 99438K [0x00000000d5580000, 0x00000000e4680000, 0x0000000100000000)
  eden space 207872K, 47% used [0x00000000d5580000,0x00000000db69bb98,0x00000000e2080000)
  from space 13312K, 0% used [0x00000000e2d00000,0x00000000e2d00000,0x00000000e3a00000)
  to   space 12800K, 0% used [0x00000000e2080000,0x00000000e2080000,0x00000000e2d00000)
 ParOldGen       total 51712K, used 14111K [0x0000000080000000, 0x0000000083280000, 0x00000000d5580000)
  object space 51712K, 27% used [0x0000000080000000,0x0000000080dc7ff0,0x0000000083280000)
 Metaspace       used 38775K, capacity 40010K, committed 40112K, reserved 1083392K
  class space    used 5215K, capacity 5530K, committed 5552K, reserved 1048576K

Card table byte_map: [0x0000000012370000,0x0000000012780000] byte_map_base: 0x0000000011f70000

Marking Bits: (ParMarkBitMap*) 0x00000000697ff030
 Begin Bits: [0x0000000012e30000, 0x0000000014e30000)
 End Bits:   [0x0000000014e30000, 0x0000000016e30000)

Polling page: 0x0000000001500000

CodeCache: size=245760Kb used=12492Kb max_used=12529Kb free=233267Kb
 bounds [0x0000000002fb0000, 0x0000000003c40000, 0x0000000011fb0000]
 total_blobs=3896 nmethods=3174 adapters=633
 compilation: enabled

Compilation events (10 events):
Event: 13.323 Thread 0x0000000017bd4800 3509       4       org.codehaus.groovy.runtime.metaclass.MetaMethodIndex::isMatchingMethod (65 bytes)
Event: 13.351 Thread 0x0000000017bdc800 3557       3       java.security.PermissionCollection::<init> (5 bytes)
Event: 13.351 Thread 0x0000000017bdc800 nmethod 3557 0x0000000003134790 code [0x00000000031348e0, 0x0000000003134a90]
Event: 13.351 Thread 0x0000000017bdc800 3558       3       java.io.File::getCanonicalPath (31 bytes)
Event: 13.351 Thread 0x0000000017bdc800 nmethod 3558 0x0000000003174510 code [0x00000000031746a0, 0x0000000003174a18]
Event: 13.351 Thread 0x0000000017bdc800 3559       3       java.io.WinNTFileSystem::canonicalize (372 bytes)
Event: 13.358 Thread 0x0000000017bdc800 nmethod 3559 0x00000000036cd810 code [0x00000000036cdf80, 0x00000000036d33d8]
Event: 13.393 Thread 0x0000000017bd4800 nmethod 3509 0x00000000035bbcd0 code [0x00000000035bc0e0, 0x00000000035bf560]
Event: 13.394 Thread 0x0000000017bd4800 3507       4       groovy.lang.MetaClassImpl::checkIfGroovyObjectMethod (57 bytes)
Event: 13.395 Thread 0x0000000017bd4800 nmethod 3507 0x000000000345f190 code [0x000000000345f2e0, 0x000000000345f3b8]

GC Heap History (10 events):
Event: 6.412 GC heap before
{Heap before GC invocations=6 (full 0):
 PSYoungGen      total 68096K, used 36958K [0x00000000d5580000, 0x00000000de880000, 0x0000000100000000)
  eden space 65536K, 52% used [0x00000000d5580000,0x00000000d771b808,0x00000000d9580000)
  from space 2560K, 99% used [0x00000000d9580000,0x00000000d97fc010,0x00000000d9800000)
  to   space 9728K, 0% used [0x00000000ddf00000,0x00000000ddf00000,0x00000000de880000)
 ParOldGen       total 44032K, used 12177K [0x0000000080000000, 0x0000000082b00000, 0x00000000d5580000)
  object space 44032K, 27% used [0x0000000080000000,0x0000000080be4478,0x0000000082b00000)
 Metaspace       used 20543K, capacity 21214K, committed 21296K, reserved 1067008K
  class space    used 2885K, capacity 3093K, committed 3120K, reserved 1048576K
Event: 6.420 GC heap after
Heap after GC invocations=6 (full 0):
 PSYoungGen      total 140800K, used 6038K [0x00000000d5580000, 0x00000000de880000, 0x0000000100000000)
  eden space 131072K, 0% used [0x00000000d5580000,0x00000000d5580000,0x00000000dd580000)
  from space 9728K, 62% used [0x00000000ddf00000,0x00000000de4e5800,0x00000000de880000)
  to   space 9728K, 0% used [0x00000000dd580000,0x00000000dd580000,0x00000000ddf00000)
 ParOldGen       total 44032K, used 12185K [0x0000000080000000, 0x0000000082b00000, 0x00000000d5580000)
  object space 44032K, 27% used [0x0000000080000000,0x0000000080be6478,0x0000000082b00000)
 Metaspace       used 20543K, capacity 21214K, committed 21296K, reserved 1067008K
  class space    used 2885K, capacity 3093K, committed 3120K, reserved 1048576K
}
Event: 6.420 GC heap before
{Heap before GC invocations=7 (full 1):
 PSYoungGen      total 140800K, used 6038K [0x00000000d5580000, 0x00000000de880000, 0x0000000100000000)
  eden space 131072K, 0% used [0x00000000d5580000,0x00000000d5580000,0x00000000dd580000)
  from space 9728K, 62% used [0x00000000ddf00000,0x00000000de4e5800,0x00000000de880000)
  to   space 9728K, 0% used [0x00000000dd580000,0x00000000dd580000,0x00000000ddf00000)
 ParOldGen       total 44032K, used 12185K [0x0000000080000000, 0x0000000082b00000, 0x00000000d5580000)
  object space 44032K, 27% used [0x0000000080000000,0x0000000080be6478,0x0000000082b00000)
 Metaspace       used 20543K, capacity 21214K, committed 21296K, reserved 1067008K
  class space    used 2885K, capacity 3093K, committed 3120K, reserved 1048576K
Event: 6.487 GC heap after
Heap after GC invocations=7 (full 1):
 PSYoungGen      total 140800K, used 0K [0x00000000d5580000, 0x00000000de880000, 0x0000000100000000)
  eden space 131072K, 0% used [0x00000000d5580000,0x00000000d5580000,0x00000000dd580000)
  from space 9728K, 0% used [0x00000000ddf00000,0x00000000ddf00000,0x00000000de880000)
  to   space 9728K, 0% used [0x00000000dd580000,0x00000000dd580000,0x00000000ddf00000)
 ParOldGen       total 38912K, used 9264K [0x0000000080000000, 0x0000000082600000, 0x00000000d5580000)
  object space 38912K, 23% used [0x0000000080000000,0x000000008090c0b0,0x0000000082600000)
 Metaspace       used 20543K, capacity 21214K, committed 21296K, reserved 1067008K
  class space    used 2885K, capacity 3093K, committed 3120K, reserved 1048576K
}
Event: 10.478 GC heap before
{Heap before GC invocations=8 (full 1):
 PSYoungGen      total 140800K, used 131072K [0x00000000d5580000, 0x00000000de880000, 0x0000000100000000)
  eden space 131072K, 100% used [0x00000000d5580000,0x00000000dd580000,0x00000000dd580000)
  from space 9728K, 0% used [0x00000000ddf00000,0x00000000ddf00000,0x00000000de880000)
  to   space 9728K, 0% used [0x00000000dd580000,0x00000000dd580000,0x00000000ddf00000)
 ParOldGen       total 38912K, used 9264K [0x0000000080000000, 0x0000000082600000, 0x00000000d5580000)
  object space 38912K, 23% used [0x0000000080000000,0x000000008090c0b0,0x0000000082600000)
 Metaspace       used 33480K, capacity 34334K, committed 34480K, reserved 1079296K
  class space    used 4470K, capacity 4736K, committed 4784K, reserved 1048576K
Event: 10.498 GC heap after
Heap after GC invocations=8 (full 1):
 PSYoungGen      total 140800K, used 9724K [0x00000000d5580000, 0x00000000e3a00000, 0x0000000100000000)
  eden space 131072K, 0% used [0x00000000d5580000,0x00000000d5580000,0x00000000dd580000)
  from space 9728K, 99% used [0x00000000dd580000,0x00000000ddeff280,0x00000000ddf00000)
  to   space 13312K, 0% used [0x00000000e2d00000,0x00000000e2d00000,0x00000000e3a00000)
 ParOldGen       total 38912K, used 13345K [0x0000000080000000, 0x0000000082600000, 0x00000000d5580000)
  object space 38912K, 34% used [0x0000000080000000,0x0000000080d084a8,0x0000000082600000)
 Metaspace       used 33480K, capacity 34334K, committed 34480K, reserved 1079296K
  class space    used 4470K, capacity 4736K, committed 4784K, reserved 1048576K
}
Event: 10.726 GC heap before
{Heap before GC invocations=9 (full 1):
 PSYoungGen      total 140800K, used 17890K [0x00000000d5580000, 0x00000000e3a00000, 0x0000000100000000)
  eden space 131072K, 6% used [0x00000000d5580000,0x00000000d5d798e0,0x00000000dd580000)
  from space 9728K, 99% used [0x00000000dd580000,0x00000000ddeff280,0x00000000ddf00000)
  to   space 13312K, 0% used [0x00000000e2d00000,0x00000000e2d00000,0x00000000e3a00000)
 ParOldGen       total 38912K, used 13345K [0x0000000080000000, 0x0000000082600000, 0x00000000d5580000)
  object space 38912K, 34% used [0x0000000080000000,0x0000000080d084a8,0x0000000082600000)
 Metaspace       used 34469K, capacity 35338K, committed 35496K, reserved 1079296K
  class space    used 4568K, capacity 4834K, committed 4912K, reserved 1048576K
Event: 10.738 GC heap after
Heap after GC invocations=9 (full 1):
 PSYoungGen      total 221184K, used 7113K [0x00000000d5580000, 0x00000000e4680000, 0x0000000100000000)
  eden space 207872K, 0% used [0x00000000d5580000,0x00000000d5580000,0x00000000e2080000)
  from space 13312K, 53% used [0x00000000e2d00000,0x00000000e33f25a0,0x00000000e3a00000)
  to   space 12800K, 0% used [0x00000000e2080000,0x00000000e2080000,0x00000000e2d00000)
 ParOldGen       total 38912K, used 13353K [0x0000000080000000, 0x0000000082600000, 0x00000000d5580000)
  object space 38912K, 34% used [0x0000000080000000,0x0000000080d0a4a8,0x0000000082600000)
 Metaspace       used 34469K, capacity 35338K, committed 35496K, reserved 1079296K
  class space    used 4568K, capacity 4834K, committed 4912K, reserved 1048576K
}
Event: 10.738 GC heap before
{Heap before GC invocations=10 (full 2):
 PSYoungGen      total 221184K, used 7113K [0x00000000d5580000, 0x00000000e4680000, 0x0000000100000000)
  eden space 207872K, 0% used [0x00000000d5580000,0x00000000d5580000,0x00000000e2080000)
  from space 13312K, 53% used [0x00000000e2d00000,0x00000000e33f25a0,0x00000000e3a00000)
  to   space 12800K, 0% used [0x00000000e2080000,0x00000000e2080000,0x00000000e2d00000)
 ParOldGen       total 38912K, used 13353K [0x0000000080000000, 0x0000000082600000, 0x00000000d5580000)
  object space 38912K, 34% used [0x0000000080000000,0x0000000080d0a4a8,0x0000000082600000)
 Metaspace       used 34469K, capacity 35338K, committed 35496K, reserved 1079296K
  class space    used 4568K, capacity 4834K, committed 4912K, reserved 1048576K
Event: 10.789 GC heap after
Heap after GC invocations=10 (full 2):
 PSYoungGen      total 221184K, used 0K [0x00000000d5580000, 0x00000000e4680000, 0x0000000100000000)
  eden space 207872K, 0% used [0x00000000d5580000,0x00000000d5580000,0x00000000e2080000)
  from space 13312K, 0% used [0x00000000e2d00000,0x00000000e2d00000,0x00000000e3a00000)
  to   space 12800K, 0% used [0x00000000e2080000,0x00000000e2080000,0x00000000e2d00000)
 ParOldGen       total 51712K, used 14111K [0x0000000080000000, 0x0000000083280000, 0x00000000d5580000)
  object space 51712K, 27% used [0x0000000080000000,0x0000000080dc7ff0,0x0000000083280000)
 Metaspace       used 34469K, capacity 35338K, committed 35496K, reserved 1079296K
  class space    used 4568K, capacity 4834K, committed 4912K, reserved 1048576K
}

Deoptimization events (10 events):
Event: 12.392 Thread 0x000000001b6b5800 Uncommon trap: reason=bimorphic action=maybe_recompile pc=0x0000000003991724 method=java.util.AbstractCollection.addAll(Ljava/util/Collection;)Z @ 29
Event: 12.541 Thread 0x000000001b6b5800 Uncommon trap: reason=unstable_if action=reinterpret pc=0x0000000003589a34 method=java.util.concurrent.ConcurrentHashMap.putVal(Ljava/lang/Object;Ljava/lang/Object;Z)Ljava/lang/Object; @ 113
Event: 12.649 Thread 0x000000001b6b5800 Uncommon trap: reason=unstable_if action=reinterpret pc=0x000000000366b944 method=java.net.URLStreamHandler.sameFile(Ljava/net/URL;Ljava/net/URL;)Z @ 63
Event: 12.777 Thread 0x000000001b6b5800 Uncommon trap: reason=bimorphic action=maybe_recompile pc=0x0000000003baf66c method=org.codehaus.groovy.runtime.metaclass.MetaMethodIndex.addMethodToList(Ljava/lang/Object;Lgroovy/lang/MetaMethod;)Ljava/lang/Object; @ 96
Event: 12.777 Thread 0x000000001b6b5800 Uncommon trap: reason=unstable_if action=reinterpret pc=0x0000000003baf5ec method=org.codehaus.groovy.runtime.metaclass.MetaMethodIndex.isNonRealMethod(Lgroovy/lang/MetaMethod;)Z @ 4
Event: 12.824 Thread 0x000000001b6b5800 Uncommon trap: reason=unstable_if action=reinterpret pc=0x0000000003b1b5b0 method=java.lang.ClassLoader.checkCerts(Ljava/lang/String;Ljava/security/CodeSource;)V @ 29
Event: 12.835 Thread 0x000000001b6b5800 Uncommon trap: reason=unstable_if action=reinterpret pc=0x000000000374e38c method=java.util.WeakHashMap.put(Ljava/lang/Object;Ljava/lang/Object;)Ljava/lang/Object; @ 59
Event: 12.915 Thread 0x000000001b6b5800 Uncommon trap: reason=unstable_if action=reinterpret pc=0x0000000003903d78 method=org.gradle.internal.reflect.PropertyAccessorType.isGetGetterName(Ljava/lang/String;)Z @ 14
Event: 13.023 Thread 0x000000001b6b5800 Uncommon trap: reason=unstable_if action=reinterpret pc=0x00000000033e4a00 method=java.util.regex.Pattern$CharProperty.match(Ljava/util/regex/Matcher;ILjava/lang/CharSequence;)Z @ 40
Event: 13.279 Thread 0x000000001b6b5800 Uncommon trap: reason=unstable_if action=reinterpret pc=0x00000000035fe1a0 method=java.net.URI.match(CJJ)Z @ 45

Classes redefined (0 events):
No events

Internal exceptions (10 events):
Event: 13.149 Thread 0x000000001b6b5800 Exception <a 'java/lang/ClassNotFoundException': org/gradle/api/internal/artifacts/DefaultArtifactRepositoryContainerBeanInfo> (0x00000000da741f28) thrown at [C:\src\AOSP-openjdk-git\hotspot\src\share\vm\classfile\systemDictionary.cpp, line 210]
Event: 13.150 Thread 0x000000001b6b5800 Exception <a 'java/lang/ClassNotFoundException': org/gradle/api/internal/DefaultNamedDomainObjectListBeanInfo> (0x00000000da776ba8) thrown at [C:\src\AOSP-openjdk-git\hotspot\src\share\vm\classfile\systemDictionary.cpp, line 210]
Event: 13.152 Thread 0x000000001b6b5800 Exception <a 'java/lang/ClassNotFoundException': org/gradle/api/internal/DefaultNamedDomainObjectCollectionBeanInfo> (0x00000000da7add60) thrown at [C:\src\AOSP-openjdk-git\hotspot\src\share\vm\classfile\systemDictionary.cpp, line 210]
Event: 13.154 Thread 0x000000001b6b5800 Exception <a 'java/lang/ClassNotFoundException': org/gradle/api/internal/DefaultDomainObjectCollectionBeanInfo> (0x00000000da7e3778) thrown at [C:\src\AOSP-openjdk-git\hotspot\src\share\vm\classfile\systemDictionary.cpp, line 210]
Event: 13.156 Thread 0x000000001b6b5800 Exception <a 'java/lang/ClassNotFoundException': org/gradle/api/internal/DefaultDomainObjectCollectionCustomizer> (0x00000000da819cc8) thrown at [C:\src\AOSP-openjdk-git\hotspot\src\share\vm\classfile\systemDictionary.cpp, line 210]
Event: 13.161 Thread 0x000000001b6b5800 Exception <a 'java/lang/ClassNotFoundException': org/gradle/api/internal/DefaultNamedDomainObjectCollectionCustomizer> (0x00000000da879648) thrown at [C:\src\AOSP-openjdk-git\hotspot\src\share\vm\classfile\systemDictionary.cpp, line 210]
Event: 13.165 Thread 0x000000001b6b5800 Exception <a 'java/lang/ClassNotFoundException': org/gradle/api/internal/DefaultNamedDomainObjectListCustomizer> (0x00000000da8e89d0) thrown at [C:\src\AOSP-openjdk-git\hotspot\src\share\vm\classfile\systemDictionary.cpp, line 210]
Event: 13.169 Thread 0x000000001b6b5800 Exception <a 'java/lang/ClassNotFoundException': org/gradle/api/internal/artifacts/DefaultArtifactRepositoryContainerCustomizer> (0x00000000da95f978) thrown at [C:\src\AOSP-openjdk-git\hotspot\src\share\vm\classfile\systemDictionary.cpp, line 210]
Event: 13.172 Thread 0x000000001b6b5800 Exception <a 'java/lang/ClassNotFoundException': org/gradle/api/internal/artifacts/dsl/DefaultRepositoryHandlerCustomizer> (0x00000000da9c7690) thrown at [C:\src\AOSP-openjdk-git\hotspot\src\share\vm\classfile\systemDictionary.cpp, line 210]
Event: 13.174 Thread 0x000000001b6b5800 Exception <a 'java/lang/ClassNotFoundException': org/gradle/api/internal/artifacts/dsl/DefaultRepositoryHandler_DecoratedCustomizer> (0x00000000daa45e70) thrown at [C:\src\AOSP-openjdk-git\hotspot\src\share\vm\classfile\systemDictionary.cpp, line 210]

Events (10 events):
Event: 13.357 loading class org/apache/http/client/methods/AbortableHttpRequest
Event: 13.357 loading class org/apache/http/client/methods/AbortableHttpRequest done
Event: 13.360 loading class org/apache/http/message/AbstractHttpMessage
Event: 13.360 loading class org/apache/http/message/AbstractHttpMessage done
Event: 13.372 loading class org/apache/http/client/methods/HttpHead
Event: 13.372 loading class org/apache/http/client/methods/HttpHead done
Event: 13.373 loading class org/apache/http/client/methods/HttpGet
Event: 13.373 loading class org/apache/http/client/methods/HttpGet done
Event: 13.395 loading class org/apache/http/protocol/HttpContext
Event: 13.395 loading class org/apache/http/protocol/HttpContext done


Dynamic libraries:
0x00007ff7adc60000 - 0x00007ff7adc91000 	C:\Program Files\Android\Android Studio\jre\bin\java.exe
0x00007ff8037f0000 - 0x00007ff8039e6000 	C:\WINDOWS\SYSTEM32\ntdll.dll
0x00007ff803470000 - 0x00007ff80352d000 	C:\WINDOWS\System32\KERNEL32.DLL
0x00007ff800f30000 - 0x00007ff8011f9000 	C:\WINDOWS\System32\KERNELBASE.dll
0x00007ff801ec0000 - 0x00007ff801f6c000 	C:\WINDOWS\System32\ADVAPI32.dll
0x00007ff801d40000 - 0x00007ff801dde000 	C:\WINDOWS\System32\msvcrt.dll
0x00007ff801890000 - 0x00007ff80192c000 	C:\WINDOWS\System32\sechost.dll
0x00007ff803670000 - 0x00007ff80379b000 	C:\WINDOWS\System32\RPCRT4.dll
0x00007ff802190000 - 0x00007ff802330000 	C:\WINDOWS\System32\USER32.dll
0x00007ff8015c0000 - 0x00007ff8015e2000 	C:\WINDOWS\System32\win32u.dll
0x00007ff802160000 - 0x00007ff80218a000 	C:\WINDOWS\System32\GDI32.dll
0x00007ff801260000 - 0x00007ff80136b000 	C:\WINDOWS\System32\gdi32full.dll
0x00007ff8013c0000 - 0x00007ff80145d000 	C:\WINDOWS\System32\msvcp_win.dll
0x00007ff801720000 - 0x00007ff801820000 	C:\WINDOWS\System32\ucrtbase.dll
0x00007fffef020000 - 0x00007fffef2bb000 	C:\WINDOWS\WinSxS\amd64_microsoft.windows.common-controls_6595b64144ccf1df_6.0.19041.746_none_ca02b4b61b8320a4\COMCTL32.dll
0x00007ff801850000 - 0x00007ff801880000 	C:\WINDOWS\System32\IMM32.DLL
0x000000006ac10000 - 0x000000006ace2000 	C:\Program Files\Android\Android Studio\jre\jre\bin\msvcr100.dll
0x0000000069030000 - 0x000000006987b000 	C:\Program Files\Android\Android Studio\jre\jre\bin\server\jvm.dll
0x00007ff801880000 - 0x00007ff801888000 	C:\WINDOWS\System32\PSAPI.DLL
0x00007ffff6fe0000 - 0x00007ffff6fea000 	C:\WINDOWS\SYSTEM32\VERSION.dll
0x00007ffff5370000 - 0x00007ffff5397000 	C:\WINDOWS\SYSTEM32\WINMM.dll
0x00007ffffeee0000 - 0x00007ffffeee9000 	C:\WINDOWS\SYSTEM32\WSOCK32.dll
0x00007ff802330000 - 0x00007ff80239b000 	C:\WINDOWS\System32\WS2_32.dll
0x00007ffffeed0000 - 0x00007ffffeedf000 	C:\Program Files\Android\Android Studio\jre\jre\bin\verify.dll
0x00007ffff51d0000 - 0x00007ffff51f9000 	C:\Program Files\Android\Android Studio\jre\jre\bin\java.dll
0x00007ffffeeb0000 - 0x00007ffffeec6000 	C:\Program Files\Android\Android Studio\jre\jre\bin\zip.dll
0x00007ff802b90000 - 0x00007ff8032d3000 	C:\WINDOWS\System32\SHELL32.dll
0x00007ffffefb0000 - 0x00007fffff73f000 	C:\WINDOWS\SYSTEM32\windows.storage.dll
0x00007ff801930000 - 0x00007ff801c86000 	C:\WINDOWS\System32\combase.dll
0x00007ff800920000 - 0x00007ff80094c000 	C:\WINDOWS\SYSTEM32\Wldp.dll
0x00007ff8029c0000 - 0x00007ff802a6e000 	C:\WINDOWS\System32\SHCORE.dll
0x00007ff803340000 - 0x00007ff803395000 	C:\WINDOWS\System32\shlwapi.dll
0x00007ff800e60000 - 0x00007ff800e86000 	C:\WINDOWS\SYSTEM32\profapi.dll
0x00007ffffc440000 - 0x00007ffffc45a000 	C:\Program Files\Android\Android Studio\jre\jre\bin\net.dll
0x00007ff800640000 - 0x00007ff8006aa000 	C:\WINDOWS\system32\mswsock.dll
0x00007ffff3b00000 - 0x00007ffff3b13000 	C:\Program Files\Android\Android Studio\jre\jre\bin\nio.dll
0x00007ffff2470000 - 0x00007ffff2496000 	C:\Users\Osama\.gradle\native\31\windows-amd64\native-platform.dll
0x00007ffffd630000 - 0x00007ffffd63d000 	C:\Program Files\Android\Android Studio\jre\jre\bin\management.dll
0x00007ff800810000 - 0x00007ff800828000 	C:\WINDOWS\SYSTEM32\CRYPTSP.dll
0x00007ffffffb0000 - 0x00007ffffffe4000 	C:\WINDOWS\system32\rsaenh.dll
0x00007ff801820000 - 0x00007ff801847000 	C:\WINDOWS\System32\bcrypt.dll
0x00007ff800e20000 - 0x00007ff800e4e000 	C:\WINDOWS\SYSTEM32\USERENV.dll
0x00007ff8015f0000 - 0x00007ff801670000 	C:\WINDOWS\System32\bcryptprimitives.dll
0x00007ff800830000 - 0x00007ff80083c000 	C:\WINDOWS\SYSTEM32\CRYPTBASE.dll
0x00007ff800330000 - 0x00007ff80036b000 	C:\WINDOWS\SYSTEM32\IPHLPAPI.DLL
0x00007ff8037a0000 - 0x00007ff8037a8000 	C:\WINDOWS\System32\NSI.dll
0x00007ffff6fa0000 - 0x00007ffff6fb7000 	C:\WINDOWS\SYSTEM32\dhcpcsvc6.DLL
0x00007ffff7240000 - 0x00007ffff725d000 	C:\WINDOWS\SYSTEM32\dhcpcsvc.DLL
0x00007ff800370000 - 0x00007ff80043b000 	C:\WINDOWS\SYSTEM32\DNSAPI.dll

VM Arguments:
jvm_args: -Xmx2048m -Dfile.encoding=windows-1256 -Duser.country=US -Duser.language=en -Duser.variant 
java_command: org.gradle.launcher.daemon.bootstrap.GradleDaemon 6.1.1
java_class_path (initial): C:\Users\Osama\.gradle\wrapper\dists\gradle-6.1.1-all\cfmwm155h49vnt3hynmlrsdst\gradle-6.1.1\lib\gradle-launcher-6.1.1.jar
Launcher Type: SUN_STANDARD

Environment Variables:
PATH=C:\Program Files (x86)\ActiveState Komodo Edit 11\;C:\Program Files (x86)\Common Files\Oracle\Java\javapath;C:\WINDOWS\system32;C:\WINDOWS;C:\WINDOWS\System32\Wbem;C:\WINDOWS\System32\WindowsPowerShell\v1.0\;C:\Program Files\Git\cmd;C:\src\flutter\bin;C:\xampp\php;C:\ProgramData\ComposerSetup\bin;C:\Program Files\Microsoft SQL Server\120\DTS\Binn\;C:\Program Files\Microsoft SQL Server\Client SDK\ODBC\110\Tools\Binn\;C:\Program Files (x86)\Microsoft SQL Server\120\Tools\Binn\;C:\Program Files\Microsoft SQL Server\120\Tools\Binn\;C:\Program Files (x86)\Microsoft SQL Server\120\Tools\Binn\ManagementStudio\;C:\Program Files (x86)\Microsoft SQL Server\120\DTS\Binn\;C:\Program Files (x86)\Microsoft Visual Studio 12.0\Common7\IDE\PrivateAssemblies\;C:\Program Files\dotnet\;C:\Program Files\Microsoft SQL Server\130\Tools\Binn\;C:\Program Files\Microsoft SQL Server\Client SDK\ODBC\170\Tools\Binn\;C:\WINDOWS\System32\OpenSSH\;C:\Users\Osama\AppData\Local\Microsoft\WindowsApps;C:\Users\Osama\AppData\Local\Programs\Microsoft VS Code\bin;C:\src\flutter\bin;C:\Users\Osama\AppData\Roaming\Composer\vendor\bin;C:\Users\Osama\.dotnet\tools;
USERNAME=Osama
OS=Windows_NT
PROCESSOR_IDENTIFIER=Intel64 Family 6 Model 58 Stepping 9, GenuineIntel



---------------  S Y S T E M  ---------------

OS: Windows 10.0 , 64 bit Build 19041 (10.0.19041.662)

CPU:total 4 (initial active 4) (2 cores per cpu, 2 threads per core) family 6 model 58 stepping 9, cmov, cx8, fxsr, mmx, sse, sse2, sse3, ssse3, sse4.1, sse4.2, popcnt, avx, aes, clmul, erms, ht, tsc, tscinvbit, tscinv

Memory: 4k page, physical 4070960k(338732k free), swap 4070960k(11164k free)

vm_info: OpenJDK 64-Bit Server VM (25.242-b01) for windows-amd64 JRE (1.8.0_242-release-1644-b01), built by "builder" with MS VC++ 10.0 (VS2010)

time: Fri Feb 05 00:34:33 2021
timezone: Egypt Standard Time
elapsed time: 13 seconds (0d 0h 0m 13s)

