#
# There is insufficient memory for the Java Runtime Environment to continue.
# Native memory allocation (malloc) failed to allocate 166192 bytes for Chunk::new
# Possible reasons:
#   The system is out of physical RAM or swap space
#   The process is running with CompressedOops enabled, and the Java Heap may be blocking the growth of the native heap
# Possible solutions:
#   Reduce memory load on the system
#   Increase physical memory or swap space
#   Check if swap backing store is full
#   Decrease Java heap size (-Xmx/-Xms)
#   Decrease number of Java threads
#   Decrease Java thread stack sizes (-Xss)
#   Set larger code cache with -XX:ReservedCodeCacheSize=
#   JVM is running with Unscaled Compressed Oops mode in which the Java heap is
#     placed in the first 4GB address space. The Java Heap base address is the
#     maximum limit for the native heap growth. Please use -XX:HeapBaseMinAddress
#     to set the Java Heap base and to place the Java Heap above 4GB virtual address.
# This output file may be truncated or incomplete.
#
#  Out of Memory Error (allocation.cpp:389), pid=7416, tid=0x00000000000027a8
#
# JRE version: OpenJDK Runtime Environment (8.0_242-b01) (build 1.8.0_242-release-1644-b01)
# Java VM: OpenJDK 64-Bit Server VM (25.242-b01 mixed mode windows-amd64 compressed oops)
# Failed to write core dump. Minidumps are not enabled by default on client versions of Windows
#

---------------  T H R E A D  ---------------

Current thread (0x0000000017aea000):  JavaThread "C2 CompilerThread1" daemon [_thread_in_native, id=10152, stack(0x0000000019280000,0x0000000019380000)]

Stack: [0x0000000019280000,0x0000000019380000]
[error occurred during error reporting (printing stack bounds), id 0xc0000005]

Native frames: (J=compiled Java code, j=interpreted, Vv=VM code, C=native code)


Current CompileTask:
C2:  25876 5421       4       java.net.URLClassLoader$1::run (5 bytes)


---------------  P R O C E S S  ---------------

Java Threads: ( => current thread )
  0x000000001c16b800 JavaThread "Cache worker for Build Output Cleanup Cache (F:\android projects\X-O_Game\.gradle\buildOutputCleanup)" [_thread_blocked, id=12164, stack(0x0000000023f50000,0x0000000024050000)]
  0x000000001c170000 JavaThread "pool-1-thread-1" [_thread_blocked, id=10368, stack(0x0000000023a50000,0x0000000023b50000)]
  0x000000001c16a800 JavaThread "Build operations Thread 4" [_thread_blocked, id=7688, stack(0x00000000224f0000,0x00000000225f0000)]
  0x000000001c168800 JavaThread "Build operations Thread 3" [_thread_blocked, id=4860, stack(0x00000000223f0000,0x00000000224f0000)]
  0x000000001c16a000 JavaThread "Build operations Thread 2" [_thread_blocked, id=10720, stack(0x0000000022040000,0x0000000022140000)]
  0x000000001c16d800 JavaThread "Build operations" [_thread_blocked, id=3172, stack(0x0000000021f40000,0x0000000022040000)]
  0x000000001b825000 JavaThread "Cache worker for execution history cache (C:\Users\Osama\.gradle\caches\6.1.1\executionHistory)" [_thread_blocked, id=1336, stack(0x0000000021440000,0x0000000021540000)]
  0x000000001b82a000 JavaThread "Cache worker for cache directory md-rule (C:\Users\Osama\.gradle\caches\6.1.1\md-rule)" [_thread_blocked, id=11312, stack(0x00000000200d0000,0x00000000201d0000)]
  0x000000001b824000 JavaThread "Cache worker for cache directory md-supplier (C:\Users\Osama\.gradle\caches\6.1.1\md-supplier)" [_thread_blocked, id=8440, stack(0x000000001ffd0000,0x00000000200d0000)]
  0x000000001b828000 JavaThread "Cache worker for file hash cache (F:\android projects\X-O_Game\.gradle\6.1.1\fileHashes)" [_thread_blocked, id=6916, stack(0x000000001dba0000,0x000000001dca0000)]
  0x000000001b829800 JavaThread "Cache worker for checksums cache (F:\android projects\X-O_Game\.gradle\checksums)" [_thread_blocked, id=6600, stack(0x000000001fed0000,0x000000001ffd0000)]
  0x000000001b82b000 JavaThread "Cache worker for file hash cache (C:\Users\Osama\.gradle\caches\6.1.1\fileHashes)" [_thread_blocked, id=7672, stack(0x000000001d8a0000,0x000000001d9a0000)]
  0x000000001b828800 JavaThread "File lock request listener" [_thread_in_native, id=11896, stack(0x000000001d7a0000,0x000000001d8a0000)]
  0x000000001b75c000 JavaThread "Cache worker for journal cache (C:\Users\Osama\.gradle\caches\journal-1)" [_thread_blocked, id=4152, stack(0x000000001d6a0000,0x000000001d7a0000)]
  0x000000001b5ff800 JavaThread "Thread-9" [_thread_blocked, id=4044, stack(0x000000001d3a0000,0x000000001d4a0000)]
  0x000000001b5e7800 JavaThread "Stdin handler" [_thread_blocked, id=12044, stack(0x000000001d2a0000,0x000000001d3a0000)]
  0x000000001b5e6000 JavaThread "Asynchronous log dispatcher for DefaultDaemonConnection: socket connection from /127.0.0.1:56736 to /127.0.0.1:56737" [_thread_blocked, id=7096, stack(0x000000001d1a0000,0x000000001d2a0000)]
  0x000000001b601000 JavaThread "Daemon worker" [_thread_in_Java, id=5920, stack(0x000000001d0a0000,0x000000001d1a0000)]
  0x000000001b5e2000 JavaThread "Cancel handler" [_thread_blocked, id=10464, stack(0x000000001cfa0000,0x000000001d0a0000)]
  0x000000001b598800 JavaThread "Handler for socket connection from /127.0.0.1:56736 to /127.0.0.1:56737" [_thread_in_native, id=5708, stack(0x000000001cca0000,0x000000001cda0000)]
  0x000000001b52b000 JavaThread "Daemon" [_thread_blocked, id=6936, stack(0x000000001cba0000,0x000000001cca0000)]
  0x000000001b52a000 JavaThread "Daemon periodic checks" [_thread_blocked, id=12060, stack(0x000000001caa0000,0x000000001cba0000)]
  0x000000001b518000 JavaThread "Incoming local TCP Connector on port 56736" [_thread_in_native, id=11636, stack(0x000000001c860000,0x000000001c960000)]
  0x000000001b4e8800 JavaThread "Daemon health stats" [_thread_blocked, id=5040, stack(0x000000001c220000,0x000000001c320000)]
  0x00000000194ec000 JavaThread "Service Thread" daemon [_thread_blocked, id=8856, stack(0x0000000019880000,0x0000000019980000)]
  0x0000000017b35000 JavaThread "C1 CompilerThread2" daemon [_thread_blocked, id=10736, stack(0x0000000019380000,0x0000000019480000)]
=>0x0000000017aea000 JavaThread "C2 CompilerThread1" daemon [_thread_in_native, id=10152, stack(0x0000000019280000,0x0000000019380000)]
  0x0000000017ae7000 JavaThread "C2 CompilerThread0" daemon [_thread_in_native, id=8756, stack(0x0000000019180000,0x0000000019280000)]
  0x0000000017ad7800 JavaThread "Attach Listener" daemon [_thread_blocked, id=124, stack(0x0000000019080000,0x0000000019180000)]
  0x0000000017b34800 JavaThread "Signal Dispatcher" daemon [_thread_blocked, id=1848, stack(0x0000000018f80000,0x0000000019080000)]
  0x0000000002e7d000 JavaThread "Finalizer" daemon [_thread_blocked, id=6108, stack(0x0000000018d50000,0x0000000018e50000)]
  0x0000000017ac9000 JavaThread "Reference Handler" daemon [_thread_blocked, id=6696, stack(0x0000000018c50000,0x0000000018d50000)]
  0x0000000002d5e000 JavaThread "main" [_thread_blocked, id=9628, stack(0x0000000002c50000,0x0000000002d50000)]

Other Threads:
  0x0000000017aa6800 VMThread [stack: 0x0000000018b50000,0x0000000018c50000] [id=5068]
  0x00000000194f5000 WatcherThread [stack: 0x0000000019980000,0x0000000019a80000] [id=11004]

VM state:not at safepoint (normal execution)

VM Mutex/Monitor currently owned by a thread: None

heap address: 0x0000000080000000, size: 2048 MB, Compressed Oops mode: 32-bit
Narrow klass base: 0x0000000000000000, Narrow klass shift: 3
Compressed class space size: 1073741824 Address: 0x0000000100000000

Heap:
 PSYoungGen      total 138752K, used 28366K [0x00000000d5580000, 0x00000000de680000, 0x0000000100000000)
  eden space 129024K, 21% used [0x00000000d5580000,0x00000000d7133948,0x00000000dd380000)
  from space 9728K, 0% used [0x00000000dd380000,0x00000000dd380000,0x00000000ddd00000)
  to   space 9728K, 0% used [0x00000000ddd00000,0x00000000ddd00000,0x00000000de680000)
 ParOldGen       total 44032K, used 32964K [0x0000000080000000, 0x0000000082b00000, 0x00000000d5580000)
  object space 44032K, 74% used [0x0000000080000000,0x0000000082031098,0x0000000082b00000)
 Metaspace       used 58106K, capacity 60250K, committed 60440K, reserved 1101824K
  class space    used 7948K, capacity 8448K, committed 8488K, reserved 1048576K

Card table byte_map: [0x0000000012250000,0x0000000012660000] byte_map_base: 0x0000000011e50000

Marking Bits: (ParMarkBitMap*) 0x00000000697ff030
 Begin Bits: [0x0000000012d10000, 0x0000000014d10000)
 End Bits:   [0x0000000014d10000, 0x0000000016d10000)

Polling page: 0x0000000002d60000

CodeCache: size=245760Kb used=18556Kb max_used=18556Kb free=227203Kb
 bounds [0x0000000002e90000, 0x00000000040c0000, 0x0000000011e90000]
 total_blobs=5801 nmethods=5022 adapters=690
 compilation: enabled

Compilation events (10 events):
Event: 25.654 Thread 0x0000000017b35000 5474       1       org.gradle.api.internal.artifacts.ivyservice.ivyresolve.ModuleDescriptorHashModuleSource::isChangingModule (5 bytes)
Event: 25.654 Thread 0x0000000017b35000 nmethod 5474 0x00000000040baa10 code [0x00000000040bab60, 0x00000000040bac70]
Event: 25.664 Thread 0x0000000017b35000 5475       1       java.util.Collections$EmptyList::hashCode (2 bytes)
Event: 25.664 Thread 0x0000000017b35000 nmethod 5475 0x00000000040bacd0 code [0x00000000040bae20, 0x00000000040baf30]
Event: 25.769 Thread 0x0000000017b35000 5476       3       java.io.FileInputStream::read (8 bytes)
Event: 25.770 Thread 0x0000000017b35000 nmethod 5476 0x00000000040baf90 code [0x00000000040bb100, 0x00000000040bb288]
Event: 25.788 Thread 0x0000000017b35000 5477   !   3       sun.nio.fs.WindowsPath::toAbsolutePath (55 bytes)
Event: 25.789 Thread 0x0000000017b35000 nmethod 5477 0x00000000040bb350 code [0x00000000040bb540, 0x00000000040bbd58]
Event: 25.822 Thread 0x0000000017b35000 5478       3       sun.nio.fs.WindowsPath::toAbsolutePath (5 bytes)
Event: 25.822 Thread 0x0000000017b35000 nmethod 5478 0x00000000040bc090 code [0x00000000040bc200, 0x00000000040bc408]

GC Heap History (10 events):
Event: 7.310 GC heap before
{Heap before GC invocations=12 (full 2):
 PSYoungGen      total 138752K, used 9696K [0x00000000d5580000, 0x00000000de680000, 0x0000000100000000)
  eden space 129024K, 0% used [0x00000000d5580000,0x00000000d5580000,0x00000000dd380000)
  from space 9728K, 99% used [0x00000000ddd00000,0x00000000de6782e8,0x00000000de680000)
  to   space 9728K, 0% used [0x00000000dd380000,0x00000000dd380000,0x00000000ddd00000)
 ParOldGen       total 29696K, used 10589K [0x0000000080000000, 0x0000000081d00000, 0x00000000d5580000)
  object space 29696K, 35% used [0x0000000080000000,0x0000000080a57670,0x0000000081d00000)
 Metaspace       used 34350K, capacity 35386K, committed 35496K, reserved 1079296K
  class space    used 4678K, capacity 4942K, committed 5032K, reserved 1048576K
Event: 7.397 GC heap after
Heap after GC invocations=12 (full 2):
 PSYoungGen      total 138752K, used 0K [0x00000000d5580000, 0x00000000de680000, 0x0000000100000000)
  eden space 129024K, 0% used [0x00000000d5580000,0x00000000d5580000,0x00000000dd380000)
  from space 9728K, 0% used [0x00000000ddd00000,0x00000000ddd00000,0x00000000de680000)
  to   space 9728K, 0% used [0x00000000dd380000,0x00000000dd380000,0x00000000ddd00000)
 ParOldGen       total 44032K, used 16668K [0x0000000080000000, 0x0000000082b00000, 0x00000000d5580000)
  object space 44032K, 37% used [0x0000000080000000,0x0000000081047040,0x0000000082b00000)
 Metaspace       used 34350K, capacity 35386K, committed 35496K, reserved 1079296K
  class space    used 4678K, capacity 4942K, committed 5032K, reserved 1048576K
}
Event: 17.758 GC heap before
{Heap before GC invocations=13 (full 2):
 PSYoungGen      total 138752K, used 129024K [0x00000000d5580000, 0x00000000de680000, 0x0000000100000000)
  eden space 129024K, 100% used [0x00000000d5580000,0x00000000dd380000,0x00000000dd380000)
  from space 9728K, 0% used [0x00000000ddd00000,0x00000000ddd00000,0x00000000de680000)
  to   space 9728K, 0% used [0x00000000dd380000,0x00000000dd380000,0x00000000ddd00000)
 ParOldGen       total 44032K, used 16668K [0x0000000080000000, 0x0000000082b00000, 0x00000000d5580000)
  object space 44032K, 37% used [0x0000000080000000,0x0000000081047040,0x0000000082b00000)
 Metaspace       used 44001K, capacity 45588K, committed 45864K, reserved 1089536K
  class space    used 5960K, capacity 6347K, committed 6440K, reserved 1048576K
Event: 17.774 GC heap after
Heap after GC invocations=13 (full 2):
 PSYoungGen      total 138752K, used 9716K [0x00000000d5580000, 0x00000000de680000, 0x0000000100000000)
  eden space 129024K, 0% used [0x00000000d5580000,0x00000000d5580000,0x00000000dd380000)
  from space 9728K, 99% used [0x00000000dd380000,0x00000000ddcfd1c0,0x00000000ddd00000)
  to   space 9728K, 0% used [0x00000000ddd00000,0x00000000ddd00000,0x00000000de680000)
 ParOldGen       total 44032K, used 19426K [0x0000000080000000, 0x0000000082b00000, 0x00000000d5580000)
  object space 44032K, 44% used [0x0000000080000000,0x00000000812f8b50,0x0000000082b00000)
 Metaspace       used 44001K, capacity 45588K, committed 45864K, reserved 1089536K
  class space    used 5960K, capacity 6347K, committed 6440K, reserved 1048576K
}
Event: 22.735 GC heap before
{Heap before GC invocations=14 (full 2):
 PSYoungGen      total 138752K, used 138740K [0x00000000d5580000, 0x00000000de680000, 0x0000000100000000)
  eden space 129024K, 100% used [0x00000000d5580000,0x00000000dd380000,0x00000000dd380000)
  from space 9728K, 99% used [0x00000000dd380000,0x00000000ddcfd1c0,0x00000000ddd00000)
  to   space 9728K, 0% used [0x00000000ddd00000,0x00000000ddd00000,0x00000000de680000)
 ParOldGen       total 44032K, used 19426K [0x0000000080000000, 0x0000000082b00000, 0x00000000d5580000)
  object space 44032K, 44% used [0x0000000080000000,0x00000000812f8b50,0x0000000082b00000)
 Metaspace       used 54503K, capacity 56630K, committed 56872K, reserved 1097728K
  class space    used 7411K, capacity 7925K, committed 7976K, reserved 1048576K
Event: 22.763 GC heap after
Heap after GC invocations=14 (full 2):
 PSYoungGen      total 138752K, used 9726K [0x00000000d5580000, 0x00000000de680000, 0x0000000100000000)
  eden space 129024K, 0% used [0x00000000d5580000,0x00000000d5580000,0x00000000dd380000)
  from space 9728K, 99% used [0x00000000ddd00000,0x00000000de67f9b0,0x00000000de680000)
  to   space 9728K, 0% used [0x00000000dd380000,0x00000000dd380000,0x00000000ddd00000)
 ParOldGen       total 44032K, used 30673K [0x0000000080000000, 0x0000000082b00000, 0x00000000d5580000)
  object space 44032K, 69% used [0x0000000080000000,0x0000000081df44d0,0x0000000082b00000)
 Metaspace       used 54503K, capacity 56630K, committed 56872K, reserved 1097728K
  class space    used 7411K, capacity 7925K, committed 7976K, reserved 1048576K
}
Event: 24.459 GC heap before
{Heap before GC invocations=15 (full 2):
 PSYoungGen      total 138752K, used 69306K [0x00000000d5580000, 0x00000000de680000, 0x0000000100000000)
  eden space 129024K, 46% used [0x00000000d5580000,0x00000000d8faee50,0x00000000dd380000)
  from space 9728K, 99% used [0x00000000ddd00000,0x00000000de67f9b0,0x00000000de680000)
  to   space 9728K, 0% used [0x00000000dd380000,0x00000000dd380000,0x00000000ddd00000)
 ParOldGen       total 44032K, used 30673K [0x0000000080000000, 0x0000000082b00000, 0x00000000d5580000)
  object space 44032K, 69% used [0x0000000080000000,0x0000000081df44d0,0x0000000082b00000)
 Metaspace       used 56902K, capacity 58904K, committed 59160K, reserved 1099776K
  class space    used 7771K, capacity 8221K, committed 8232K, reserved 1048576K
Event: 24.475 GC heap after
Heap after GC invocations=15 (full 2):
 PSYoungGen      total 138752K, used 4590K [0x00000000d5580000, 0x00000000de680000, 0x0000000100000000)
  eden space 129024K, 0% used [0x00000000d5580000,0x00000000d5580000,0x00000000dd380000)
  from space 9728K, 47% used [0x00000000dd380000,0x00000000dd7fbbc0,0x00000000ddd00000)
  to   space 9728K, 0% used [0x00000000ddd00000,0x00000000ddd00000,0x00000000de680000)
 ParOldGen       total 44032K, used 39809K [0x0000000080000000, 0x0000000082b00000, 0x00000000d5580000)
  object space 44032K, 90% used [0x0000000080000000,0x00000000826e0570,0x0000000082b00000)
 Metaspace       used 56902K, capacity 58904K, committed 59160K, reserved 1099776K
  class space    used 7771K, capacity 8221K, committed 8232K, reserved 1048576K
}
Event: 24.475 GC heap before
{Heap before GC invocations=16 (full 3):
 PSYoungGen      total 138752K, used 4590K [0x00000000d5580000, 0x00000000de680000, 0x0000000100000000)
  eden space 129024K, 0% used [0x00000000d5580000,0x00000000d5580000,0x00000000dd380000)
  from space 9728K, 47% used [0x00000000dd380000,0x00000000dd7fbbc0,0x00000000ddd00000)
  to   space 9728K, 0% used [0x00000000ddd00000,0x00000000ddd00000,0x00000000de680000)
 ParOldGen       total 44032K, used 39809K [0x0000000080000000, 0x0000000082b00000, 0x00000000d5580000)
  object space 44032K, 90% used [0x0000000080000000,0x00000000826e0570,0x0000000082b00000)
 Metaspace       used 56902K, capacity 58904K, committed 59160K, reserved 1099776K
  class space    used 7771K, capacity 8221K, committed 8232K, reserved 1048576K
Event: 24.739 GC heap after
Heap after GC invocations=16 (full 3):
 PSYoungGen      total 138752K, used 0K [0x00000000d5580000, 0x00000000de680000, 0x0000000100000000)
  eden space 129024K, 0% used [0x00000000d5580000,0x00000000d5580000,0x00000000dd380000)
  from space 9728K, 0% used [0x00000000dd380000,0x00000000dd380000,0x00000000ddd00000)
  to   space 9728K, 0% used [0x00000000ddd00000,0x00000000ddd00000,0x00000000de680000)
 ParOldGen       total 44032K, used 32964K [0x0000000080000000, 0x0000000082b00000, 0x00000000d5580000)
  object space 44032K, 74% used [0x0000000080000000,0x0000000082031098,0x0000000082b00000)
 Metaspace       used 56893K, capacity 58874K, committed 59160K, reserved 1099776K
  class space    used 7768K, capacity 8216K, committed 8232K, reserved 1048576K
}

Deoptimization events (10 events):
Event: 23.479 Thread 0x000000001b601000 Uncommon trap: reason=unstable_if action=reinterpret pc=0x0000000003fb3d3c method=org.objectweb.asm.AnnotationWriter.putAnnotations(Lorg/objectweb/asm/SymbolTable;Lorg/objectweb/asm/AnnotationWriter;Lorg/objectweb/asm/AnnotationWriter;Lorg/objectweb/asm/A
Event: 23.514 Thread 0x000000001b601000 Uncommon trap: reason=class_check action=maybe_recompile pc=0x0000000003272d98 method=java.util.regex.Matcher.search(I)Z @ 86
Event: 23.515 Thread 0x000000001b601000 Uncommon trap: reason=class_check action=maybe_recompile pc=0x0000000003272d98 method=java.util.regex.Matcher.search(I)Z @ 86
Event: 23.516 Thread 0x000000001b601000 Uncommon trap: reason=class_check action=maybe_recompile pc=0x0000000003272d98 method=java.util.regex.Matcher.search(I)Z @ 86
Event: 23.725 Thread 0x000000001b601000 Uncommon trap: reason=unstable_if action=reinterpret pc=0x0000000003c796c0 method=java.util.TreeMap.put(Ljava/lang/Object;Ljava/lang/Object;)Ljava/lang/Object; @ 163
Event: 23.730 Thread 0x000000001b601000 Uncommon trap: reason=unstable_if action=reinterpret pc=0x0000000003817f94 method=java.lang.AbstractStringBuilder.append(I)Ljava/lang/AbstractStringBuilder; @ 16
Event: 23.730 Thread 0x000000001b601000 Uncommon trap: reason=unstable_if action=reinterpret pc=0x0000000003a1a050 method=java.lang.Integer.getChars(II[C)V @ 7
Event: 24.183 Thread 0x000000001b601000 Uncommon trap: reason=unstable_if action=reinterpret pc=0x0000000003a80978 method=com.esotericsoftware.kryo.io.Input.require(I)I @ 65
Event: 24.225 Thread 0x000000001b601000 Uncommon trap: reason=class_check action=maybe_recompile pc=0x0000000003272d98 method=java.util.regex.Matcher.search(I)Z @ 86
Event: 24.791 Thread 0x000000001b601000 Uncommon trap: reason=class_check action=maybe_recompile pc=0x000000000349fa00 method=java.lang.Throwable.<init>(Ljava/lang/String;Ljava/lang/Throwable;)V @ 24

Classes redefined (0 events):
No events

Internal exceptions (10 events):
Event: 24.245 Thread 0x000000001b601000 Exception <a 'java/lang/NoSuchMethodError': <clinit>> (0x00000000d8bfbef8) thrown at [C:\src\AOSP-openjdk-git\hotspot\src\share\vm\prims\jni.cpp, line 1615]
Event: 24.249 Thread 0x000000001b601000 Exception <a 'java/lang/NoSuchMethodError': <clinit>> (0x00000000d8c93930) thrown at [C:\src\AOSP-openjdk-git\hotspot\src\share\vm\prims\jni.cpp, line 1615]
Event: 25.045 Thread 0x000000001b601000 Exception <a 'java/lang/NoSuchMethodError': <clinit>> (0x00000000d64e0320) thrown at [C:\src\AOSP-openjdk-git\hotspot\src\share\vm\prims\jni.cpp, line 1615]
Event: 25.052 Thread 0x000000001b601000 Exception <a 'java/lang/NoSuchMethodError': <clinit>> (0x00000000d65ca658) thrown at [C:\src\AOSP-openjdk-git\hotspot\src\share\vm\prims\jni.cpp, line 1615]
Event: 25.056 Thread 0x000000001b601000 Exception <a 'java/lang/ClassNotFoundException': org/jetbrains/plugins/gradle/tooling/util/SourceSetCachedFinder$1BeanInfo> (0x00000000d6617220) thrown at [C:\src\AOSP-openjdk-git\hotspot\src\share\vm\classfile\systemDictionary.cpp, line 210]
Event: 25.057 Thread 0x000000001b601000 Exception <a 'java/lang/ClassNotFoundException': org/jetbrains/plugins/gradle/tooling/util/SourceSetCachedFinder$1Customizer> (0x00000000d662d038) thrown at [C:\src\AOSP-openjdk-git\hotspot\src\share\vm\classfile\systemDictionary.cpp, line 210]
Event: 25.060 Thread 0x000000001b601000 Exception <a 'java/lang/ClassNotFoundException': org/jetbrains/plugins/gradle/tooling/util/SourceSetCachedFinder$2BeanInfo> (0x00000000d6675f08) thrown at [C:\src\AOSP-openjdk-git\hotspot\src\share\vm\classfile\systemDictionary.cpp, line 210]
Event: 25.060 Thread 0x000000001b601000 Exception <a 'java/lang/ClassNotFoundException': org/jetbrains/plugins/gradle/tooling/util/SourceSetCachedFinder$2Customizer> (0x00000000d668bd20) thrown at [C:\src\AOSP-openjdk-git\hotspot\src\share\vm\classfile\systemDictionary.cpp, line 210]
Event: 25.062 Thread 0x000000001b601000 Exception <a 'java/lang/ClassNotFoundException': org/jetbrains/plugins/gradle/tooling/util/SourceSetCachedFinderBeanInfo> (0x00000000d66cd2d0) thrown at [C:\src\AOSP-openjdk-git\hotspot\src\share\vm\classfile\systemDictionary.cpp, line 210]
Event: 25.062 Thread 0x000000001b601000 Exception <a 'java/lang/ClassNotFoundException': org/jetbrains/plugins/gradle/tooling/util/SourceSetCachedFinderCustomizer> (0x00000000d66e2608) thrown at [C:\src\AOSP-openjdk-git\hotspot\src\share\vm\classfile\systemDictionary.cpp, line 210]

Events (10 events):
Event: 25.272 loading class org/gradle/api/internal/artifacts/ivyservice/modulecache/artifacts/DefaultModuleArtifactsCache$ModuleArtifactsKeySerializer
Event: 25.272 loading class org/gradle/api/internal/artifacts/ivyservice/modulecache/artifacts/DefaultModuleArtifactsCache$ModuleArtifactsKeySerializer done
Event: 25.282 loading class org/gradle/api/internal/artifacts/ivyservice/modulecache/artifacts/DefaultModuleArtifactsCache$ModuleArtifactsCacheEntrySerializer
Event: 25.282 loading class org/gradle/api/internal/artifacts/ivyservice/modulecache/artifacts/DefaultModuleArtifactsCache$ModuleArtifactsCacheEntrySerializer done
Event: 25.283 loading class org/gradle/api/internal/artifacts/metadata/ComponentArtifactMetadataSerializer
Event: 25.283 loading class org/gradle/api/internal/artifacts/metadata/ComponentArtifactMetadataSerializer done
Event: 25.311 loading class org/gradle/api/internal/artifacts/ivyservice/modulecache/artifacts/AbstractArtifactsCache$ModuleArtifactsCacheEntry
Event: 25.311 loading class org/gradle/api/internal/artifacts/ivyservice/modulecache/artifacts/AbstractArtifactsCache$ModuleArtifactsCacheEntry done
Event: 25.312 loading class org/gradle/api/internal/artifacts/ivyservice/modulecache/artifacts/DefaultCachedArtifacts
Event: 25.312 loading class org/gradle/api/internal/artifacts/ivyservice/modulecache/artifacts/DefaultCachedArtifacts done


Dynamic libraries:
0x00007ff7adc60000 - 0x00007ff7adc91000 	C:\Program Files\Android\Android Studio\jre\bin\java.exe
0x00007ff8037f0000 - 0x00007ff8039e6000 	C:\WINDOWS\SYSTEM32\ntdll.dll
0x00007ff803470000 - 0x00007ff80352d000 	C:\WINDOWS\System32\KERNEL32.DLL
0x00007ff800f30000 - 0x00007ff8011f9000 	C:\WINDOWS\System32\KERNELBASE.dll
0x00007ff801ec0000 - 0x00007ff801f6c000 	C:\WINDOWS\System32\ADVAPI32.dll
0x00007ff801d40000 - 0x00007ff801dde000 	C:\WINDOWS\System32\msvcrt.dll
0x00007ff801890000 - 0x00007ff80192c000 	C:\WINDOWS\System32\sechost.dll
0x00007ff803670000 - 0x00007ff80379b000 	C:\WINDOWS\System32\RPCRT4.dll
0x00007ff802190000 - 0x00007ff802330000 	C:\WINDOWS\System32\USER32.dll
0x00007ff8015c0000 - 0x00007ff8015e2000 	C:\WINDOWS\System32\win32u.dll
0x00007ff802160000 - 0x00007ff80218a000 	C:\WINDOWS\System32\GDI32.dll
0x00007ff801260000 - 0x00007ff80136b000 	C:\WINDOWS\System32\gdi32full.dll
0x00007ff8013c0000 - 0x00007ff80145d000 	C:\WINDOWS\System32\msvcp_win.dll
0x00007ff801720000 - 0x00007ff801820000 	C:\WINDOWS\System32\ucrtbase.dll
0x00007fffef020000 - 0x00007fffef2bb000 	C:\WINDOWS\WinSxS\amd64_microsoft.windows.common-controls_6595b64144ccf1df_6.0.19041.746_none_ca02b4b61b8320a4\COMCTL32.dll
0x00007ff801850000 - 0x00007ff801880000 	C:\WINDOWS\System32\IMM32.DLL
0x000000006ac10000 - 0x000000006ace2000 	C:\Program Files\Android\Android Studio\jre\jre\bin\msvcr100.dll
0x0000000069030000 - 0x000000006987b000 	C:\Program Files\Android\Android Studio\jre\jre\bin\server\jvm.dll
0x00007ff801880000 - 0x00007ff801888000 	C:\WINDOWS\System32\PSAPI.DLL
0x00007ffffeee0000 - 0x00007ffffeee9000 	C:\WINDOWS\SYSTEM32\WSOCK32.dll
0x00007ffff5370000 - 0x00007ffff5397000 	C:\WINDOWS\SYSTEM32\WINMM.dll
0x00007ff802330000 - 0x00007ff80239b000 	C:\WINDOWS\System32\WS2_32.dll
0x00007ffff6fe0000 - 0x00007ffff6fea000 	C:\WINDOWS\SYSTEM32\VERSION.dll
0x00007ffffeed0000 - 0x00007ffffeedf000 	C:\Program Files\Android\Android Studio\jre\jre\bin\verify.dll
0x00007ffff51d0000 - 0x00007ffff51f9000 	C:\Program Files\Android\Android Studio\jre\jre\bin\java.dll
0x00007ffffeeb0000 - 0x00007ffffeec6000 	C:\Program Files\Android\Android Studio\jre\jre\bin\zip.dll
0x00007ff802b90000 - 0x00007ff8032d3000 	C:\WINDOWS\System32\SHELL32.dll
0x00007ffffefb0000 - 0x00007fffff73f000 	C:\WINDOWS\SYSTEM32\windows.storage.dll
0x00007ff801930000 - 0x00007ff801c86000 	C:\WINDOWS\System32\combase.dll
0x00007ff800920000 - 0x00007ff80094c000 	C:\WINDOWS\SYSTEM32\Wldp.dll
0x00007ff8029c0000 - 0x00007ff802a6e000 	C:\WINDOWS\System32\SHCORE.dll
0x00007ff803340000 - 0x00007ff803395000 	C:\WINDOWS\System32\shlwapi.dll
0x00007ff800e60000 - 0x00007ff800e86000 	C:\WINDOWS\SYSTEM32\profapi.dll
0x00007ffffc440000 - 0x00007ffffc45a000 	C:\Program Files\Android\Android Studio\jre\jre\bin\net.dll
0x00007ff800640000 - 0x00007ff8006aa000 	C:\WINDOWS\system32\mswsock.dll
0x00007ffff3b00000 - 0x00007ffff3b13000 	C:\Program Files\Android\Android Studio\jre\jre\bin\nio.dll
0x00007ffff2470000 - 0x00007ffff2496000 	C:\Users\Osama\.gradle\native\31\windows-amd64\native-platform.dll
0x00007ffffd630000 - 0x00007ffffd63d000 	C:\Program Files\Android\Android Studio\jre\jre\bin\management.dll
0x00007ff800810000 - 0x00007ff800828000 	C:\WINDOWS\SYSTEM32\CRYPTSP.dll
0x00007ffffffb0000 - 0x00007ffffffe4000 	C:\WINDOWS\system32\rsaenh.dll
0x00007ff801820000 - 0x00007ff801847000 	C:\WINDOWS\System32\bcrypt.dll
0x00007ff800e20000 - 0x00007ff800e4e000 	C:\WINDOWS\SYSTEM32\USERENV.dll
0x00007ff8015f0000 - 0x00007ff801670000 	C:\WINDOWS\System32\bcryptprimitives.dll
0x00007ff800830000 - 0x00007ff80083c000 	C:\WINDOWS\SYSTEM32\CRYPTBASE.dll
0x00007ff800330000 - 0x00007ff80036b000 	C:\WINDOWS\SYSTEM32\IPHLPAPI.DLL
0x00007ff8037a0000 - 0x00007ff8037a8000 	C:\WINDOWS\System32\NSI.dll
0x00007ffff6fa0000 - 0x00007ffff6fb7000 	C:\WINDOWS\SYSTEM32\dhcpcsvc6.DLL
0x00007ffff7240000 - 0x00007ffff725d000 	C:\WINDOWS\SYSTEM32\dhcpcsvc.DLL
0x00007ff800370000 - 0x00007ff80043b000 	C:\WINDOWS\SYSTEM32\DNSAPI.dll

VM Arguments:
jvm_args: -Xmx2048m -Dfile.encoding=windows-1256 -Duser.country=US -Duser.language=en -Duser.variant 
java_command: org.gradle.launcher.daemon.bootstrap.GradleDaemon 6.1.1
java_class_path (initial): C:\Users\Osama\.gradle\wrapper\dists\gradle-6.1.1-all\cfmwm155h49vnt3hynmlrsdst\gradle-6.1.1\lib\gradle-launcher-6.1.1.jar
Launcher Type: SUN_STANDARD

Environment Variables:
PATH=C:\Program Files (x86)\ActiveState Komodo Edit 11\;C:\Program Files (x86)\Common Files\Oracle\Java\javapath;C:\WINDOWS\system32;C:\WINDOWS;C:\WINDOWS\System32\Wbem;C:\WINDOWS\System32\WindowsPowerShell\v1.0\;C:\Program Files\Git\cmd;C:\src\flutter\bin;C:\xampp\php;C:\ProgramData\ComposerSetup\bin;C:\Program Files\Microsoft SQL Server\120\DTS\Binn\;C:\Program Files\Microsoft SQL Server\Client SDK\ODBC\110\Tools\Binn\;C:\Program Files (x86)\Microsoft SQL Server\120\Tools\Binn\;C:\Program Files\Microsoft SQL Server\120\Tools\Binn\;C:\Program Files (x86)\Microsoft SQL Server\120\Tools\Binn\ManagementStudio\;C:\Program Files (x86)\Microsoft SQL Server\120\DTS\Binn\;C:\Program Files (x86)\Microsoft Visual Studio 12.0\Common7\IDE\PrivateAssemblies\;C:\Program Files\dotnet\;C:\Program Files\Microsoft SQL Server\130\Tools\Binn\;C:\Program Files\Microsoft SQL Server\Client SDK\ODBC\170\Tools\Binn\;C:\WINDOWS\System32\OpenSSH\;C:\Users\Osama\AppData\Local\Microsoft\WindowsApps;C:\Users\Osama\AppData\Local\Programs\Microsoft VS Code\bin;C:\src\flutter\bin;C:\Users\Osama\AppData\Roaming\Composer\vendor\bin;C:\Users\Osama\.dotnet\tools;
USERNAME=Osama
OS=Windows_NT
PROCESSOR_IDENTIFIER=Intel64 Family 6 Model 58 Stepping 9, GenuineIntel



---------------  S Y S T E M  ---------------

OS: Windows 10.0 , 64 bit Build 19041 (10.0.19041.662)

CPU:total 4 (initial active 4) (2 cores per cpu, 2 threads per core) family 6 model 58 stepping 9, cmov, cx8, fxsr, mmx, sse, sse2, sse3, ssse3, sse4.1, sse4.2, popcnt, avx, aes, clmul, erms, ht, tsc, tscinvbit, tscinv

Memory: 4k page, physical 4070960k(261092k free), swap 4070960k(5328k free)

vm_info: OpenJDK 64-Bit Server VM (25.242-b01) for windows-amd64 JRE (1.8.0_242-release-1644-b01), built by "builder" with MS VC++ 10.0 (VS2010)

time: Fri Feb 05 00:35:10 2021
timezone: Egypt Standard Time
elapsed time: 25 seconds (0d 0h 0m 25s)

