#
# There is insufficient memory for the Java Runtime Environment to continue.
# Native memory allocation (malloc) failed to allocate 996656 bytes for Chunk::new
# Possible reasons:
#   The system is out of physical RAM or swap space
#   The process is running with CompressedOops enabled, and the Java Heap may be blocking the growth of the native heap
# Possible solutions:
#   Reduce memory load on the system
#   Increase physical memory or swap space
#   Check if swap backing store is full
#   Decrease Java heap size (-Xmx/-Xms)
#   Decrease number of Java threads
#   Decrease Java thread stack sizes (-Xss)
#   Set larger code cache with -XX:ReservedCodeCacheSize=
#   JVM is running with Unscaled Compressed Oops mode in which the Java heap is
#     placed in the first 4GB address space. The Java Heap base address is the
#     maximum limit for the native heap growth. Please use -XX:HeapBaseMinAddress
#     to set the Java Heap base and to place the Java Heap above 4GB virtual address.
# This output file may be truncated or incomplete.
#
#  Out of Memory Error (allocation.cpp:389), pid=804, tid=0x000000000000232c
#
# JRE version: OpenJDK Runtime Environment (8.0_242-b01) (build 1.8.0_242-release-1644-b01)
# Java VM: OpenJDK 64-Bit Server VM (25.242-b01 mixed mode windows-amd64 compressed oops)
# Failed to write core dump. Minidumps are not enabled by default on client versions of Windows
#

---------------  T H R E A D  ---------------

Current thread (0x0000000017596000):  JavaThread "C2 CompilerThread0" daemon [_thread_in_native, id=9004, stack(0x0000000018be0000,0x0000000018ce0000)]

Stack: [0x0000000018be0000,0x0000000018ce0000]
[error occurred during error reporting (printing stack bounds), id 0xc0000005]

Native frames: (J=compiled Java code, j=interpreted, Vv=VM code, C=native code)


Current CompileTask:
C2:  15294 5082 %     4       groovy.lang.MetaClassImpl::inheritInterfaceNewMetaMethods @ 104 (199 bytes)


---------------  P R O C E S S  ---------------

Java Threads: ( => current thread )
  0x000000001d665800 JavaThread "Cache worker for Build Output Cleanup Cache (F:\android projects\X-O_Game\.gradle\buildOutputCleanup)" [_thread_blocked, id=9060, stack(0x0000000023920000,0x0000000023a20000)]
  0x000000001d658800 JavaThread "pool-1-thread-1" [_thread_blocked, id=6000, stack(0x0000000021e40000,0x0000000021f40000)]
  0x000000001d65e000 JavaThread "Build operations Thread 4" [_thread_blocked, id=2660, stack(0x0000000021d40000,0x0000000021e40000)]
  0x000000001d65d000 JavaThread "Build operations Thread 3" [_thread_blocked, id=7848, stack(0x0000000021c40000,0x0000000021d40000)]
  0x000000001d65f800 JavaThread "Build operations Thread 2" [_thread_blocked, id=6176, stack(0x0000000021080000,0x0000000021180000)]
  0x000000001d65c800 JavaThread "Build operations" [_thread_blocked, id=11452, stack(0x000000001fed0000,0x000000001ffd0000)]
  0x000000001b0d1000 JavaThread "Cache worker for execution history cache (C:\Users\Osama\.gradle\caches\6.1.1\executionHistory)" [_thread_blocked, id=7280, stack(0x000000001f9a0000,0x000000001faa0000)]
  0x000000001b0d4000 JavaThread "Cache worker for cache directory md-rule (C:\Users\Osama\.gradle\caches\6.1.1\md-rule)" [_thread_blocked, id=9404, stack(0x000000001f8a0000,0x000000001f9a0000)]
  0x000000001b0d2800 JavaThread "Cache worker for cache directory md-supplier (C:\Users\Osama\.gradle\caches\6.1.1\md-supplier)" [_thread_blocked, id=2256, stack(0x000000001f7a0000,0x000000001f8a0000)]
  0x000000001b0d0800 JavaThread "Cache worker for file hash cache (F:\android projects\X-O_Game\.gradle\6.1.1\fileHashes)" [_thread_blocked, id=11224, stack(0x000000001fdd0000,0x000000001fed0000)]
  0x000000001b0cf000 JavaThread "Cache worker for checksums cache (F:\android projects\X-O_Game\.gradle\checksums)" [_thread_blocked, id=5596, stack(0x000000001fcd0000,0x000000001fdd0000)]
  0x000000001b0cf800 JavaThread "Cache worker for file hash cache (C:\Users\Osama\.gradle\caches\6.1.1\fileHashes)" [_thread_blocked, id=11364, stack(0x000000001d300000,0x000000001d400000)]
  0x000000001b0d3800 JavaThread "File lock request listener" [_thread_in_native, id=5260, stack(0x000000001d200000,0x000000001d300000)]
  0x000000001b138000 JavaThread "Cache worker for journal cache (C:\Users\Osama\.gradle\caches\journal-1)" [_thread_blocked, id=11516, stack(0x000000001d100000,0x000000001d200000)]
  0x000000001b043000 JavaThread "Thread-9" [_thread_blocked, id=8272, stack(0x000000001ce00000,0x000000001cf00000)]
  0x000000001b017000 JavaThread "Stdin handler" [_thread_blocked, id=8788, stack(0x000000001cd00000,0x000000001ce00000)]
  0x000000001b016000 JavaThread "Asynchronous log dispatcher for DefaultDaemonConnection: socket connection from /127.0.0.1:57064 to /127.0.0.1:57065" [_thread_blocked, id=8944, stack(0x000000001cc00000,0x000000001cd00000)]
  0x000000001b046000 JavaThread "Daemon worker" [_thread_in_vm, id=788, stack(0x000000001cb00000,0x000000001cc00000)]
  0x000000001a30f000 JavaThread "Cancel handler" [_thread_blocked, id=304, stack(0x000000001ca00000,0x000000001cb00000)]
  0x000000001af4b800 JavaThread "Handler for socket connection from /127.0.0.1:57064 to /127.0.0.1:57065" [_thread_in_native, id=9868, stack(0x000000001c700000,0x000000001c800000)]
  0x000000001af4b000 JavaThread "Daemon" [_thread_blocked, id=3788, stack(0x000000001c600000,0x000000001c700000)]
  0x000000001afde800 JavaThread "Daemon periodic checks" [_thread_blocked, id=11432, stack(0x000000001c500000,0x000000001c600000)]
  0x000000001af83000 JavaThread "Incoming local TCP Connector on port 57064" [_thread_in_native, id=11336, stack(0x000000001c2c0000,0x000000001c3c0000)]
  0x000000001af07000 JavaThread "Daemon health stats" [_thread_blocked, id=4420, stack(0x000000001bc80000,0x000000001bd80000)]
  0x0000000018f1c800 JavaThread "Service Thread" daemon [_thread_blocked, id=7124, stack(0x00000000192e0000,0x00000000193e0000)]
  0x000000001759e800 JavaThread "C1 CompilerThread2" daemon [_thread_blocked, id=9380, stack(0x0000000018de0000,0x0000000018ee0000)]
  0x000000001759a000 JavaThread "C2 CompilerThread1" daemon [_thread_in_native, id=1216, stack(0x0000000018ce0000,0x0000000018de0000)]
=>0x0000000017596000 JavaThread "C2 CompilerThread0" daemon [_thread_in_native, id=9004, stack(0x0000000018be0000,0x0000000018ce0000)]
  0x0000000017588000 JavaThread "Attach Listener" daemon [_thread_blocked, id=5116, stack(0x0000000018ae0000,0x0000000018be0000)]
  0x00000000175e4800 JavaThread "Signal Dispatcher" daemon [_thread_blocked, id=6796, stack(0x00000000189e0000,0x0000000018ae0000)]
  0x000000000296d000 JavaThread "Finalizer" daemon [_thread_blocked, id=12172, stack(0x00000000187e0000,0x00000000188e0000)]
  0x0000000017579000 JavaThread "Reference Handler" daemon [_thread_blocked, id=7768, stack(0x00000000186e0000,0x00000000187e0000)]
  0x0000000000e9e000 JavaThread "main" [_thread_blocked, id=9516, stack(0x0000000002770000,0x0000000002870000)]

Other Threads:
  0x0000000017557000 VMThread [stack: 0x00000000185e0000,0x00000000186e0000] [id=9748]
  0x0000000018f1d000 WatcherThread [stack: 0x00000000193e0000,0x00000000194e0000] [id=2244]

VM state:not at safepoint (normal execution)

VM Mutex/Monitor currently owned by a thread: None

heap address: 0x0000000080000000, size: 2048 MB, Compressed Oops mode: 32-bit
Narrow klass base: 0x0000000000000000, Narrow klass shift: 3
Compressed class space size: 1073741824 Address: 0x0000000100000000

Heap:
 PSYoungGen      total 143872K, used 64992K [0x00000000d5580000, 0x00000000e2480000, 0x0000000100000000)
  eden space 129024K, 38% used [0x00000000d5580000,0x00000000d8678f50,0x00000000dd380000)
  from space 14848K, 99% used [0x00000000e1600000,0x00000000e247f2b8,0x00000000e2480000)
  to   space 9728K, 0% used [0x00000000dd380000,0x00000000dd380000,0x00000000ddd00000)
 ParOldGen       total 44544K, used 25256K [0x0000000080000000, 0x0000000082b80000, 0x00000000d5580000)
  object space 44544K, 56% used [0x0000000080000000,0x00000000818aa398,0x0000000082b80000)
 Metaspace       used 55720K, capacity 57762K, committed 57768K, reserved 1099776K
  class space    used 7617K, capacity 8103K, committed 8104K, reserved 1048576K

Card table byte_map: [0x0000000011d30000,0x0000000012140000] byte_map_base: 0x0000000011930000

Marking Bits: (ParMarkBitMap*) 0x00000000697ff030
 Begin Bits: [0x00000000127f0000, 0x00000000147f0000)
 End Bits:   [0x00000000147f0000, 0x00000000167f0000)

Polling page: 0x0000000000e80000

CodeCache: size=245760Kb used=16891Kb max_used=16891Kb free=228868Kb
 bounds [0x0000000002970000, 0x0000000003a00000, 0x0000000011970000]
 total_blobs=5529 nmethods=4756 adapters=685
 compilation: enabled

Compilation events (10 events):
Event: 15.225 Thread 0x000000001759e800 nmethod 5201 0x00000000039eb710 code [0x00000000039eb860, 0x00000000039eba10]
Event: 15.225 Thread 0x000000001759e800 5202       3       com.google.common.cache.LocalCache$LocalLoadingCache::get (9 bytes)
Event: 15.226 Thread 0x000000001759e800 nmethod 5202 0x00000000039fa110 code [0x00000000039fa2e0, 0x00000000039fa9f8]
Event: 15.226 Thread 0x000000001759e800 5203       3       com.google.common.cache.LocalCache::getOrLoad (10 bytes)
Event: 15.227 Thread 0x000000001759e800 nmethod 5203 0x00000000039f9410 code [0x00000000039f95e0, 0x00000000039f9c78]
Event: 15.235 Thread 0x000000001759a000 5204   !   4       java.security.SecureClassLoader::getProtectionDomain (114 bytes)
Event: 15.243 Thread 0x000000001759e800 5206       3       com.google.common.collect.Sets::newLinkedHashSet (8 bytes)
Event: 15.243 Thread 0x000000001759e800 nmethod 5206 0x00000000039fbbd0 code [0x00000000039fbd80, 0x00000000039fc228]
Event: 15.256 Thread 0x000000001759e800 5208       3       sun.reflect.generics.scope.MethodScope::computeEnclosingScope (8 bytes)
Event: 15.257 Thread 0x000000001759e800 nmethod 5208 0x00000000039fc510 code [0x00000000039fc6a0, 0x00000000039fcc50]

GC Heap History (10 events):
Event: 5.833 GC heap before
{Heap before GC invocations=10 (full 1):
 PSYoungGen      total 138752K, used 129024K [0x00000000d5580000, 0x00000000de680000, 0x0000000100000000)
  eden space 129024K, 100% used [0x00000000d5580000,0x00000000dd380000,0x00000000dd380000)
  from space 9728K, 0% used [0x00000000ddd00000,0x00000000ddd00000,0x00000000de680000)
  to   space 9728K, 0% used [0x00000000dd380000,0x00000000dd380000,0x00000000ddd00000)
 ParOldGen       total 29696K, used 7188K [0x0000000080000000, 0x0000000081d00000, 0x00000000d5580000)
  object space 29696K, 24% used [0x0000000080000000,0x0000000080705058,0x0000000081d00000)
 Metaspace       used 32165K, capacity 33062K, committed 33328K, reserved 1077248K
  class space    used 4351K, capacity 4624K, committed 4656K, reserved 1048576K
Event: 5.860 GC heap after
Heap after GC invocations=10 (full 1):
 PSYoungGen      total 138752K, used 9718K [0x00000000d5580000, 0x00000000de680000, 0x0000000100000000)
  eden space 129024K, 0% used [0x00000000d5580000,0x00000000d5580000,0x00000000dd380000)
  from space 9728K, 99% used [0x00000000dd380000,0x00000000ddcfd938,0x00000000ddd00000)
  to   space 9728K, 0% used [0x00000000ddd00000,0x00000000ddd00000,0x00000000de680000)
 ParOldGen       total 29696K, used 10399K [0x0000000080000000, 0x0000000081d00000, 0x00000000d5580000)
  object space 29696K, 35% used [0x0000000080000000,0x0000000080a27ea8,0x0000000081d00000)
 Metaspace       used 32165K, capacity 33062K, committed 33328K, reserved 1077248K
  class space    used 4351K, capacity 4624K, committed 4656K, reserved 1048576K
}
Event: 6.611 GC heap before
{Heap before GC invocations=11 (full 1):
 PSYoungGen      total 138752K, used 54143K [0x00000000d5580000, 0x00000000de680000, 0x0000000100000000)
  eden space 129024K, 34% used [0x00000000d5580000,0x00000000d80e2558,0x00000000dd380000)
  from space 9728K, 99% used [0x00000000dd380000,0x00000000ddcfd938,0x00000000ddd00000)
  to   space 9728K, 0% used [0x00000000ddd00000,0x00000000ddd00000,0x00000000de680000)
 ParOldGen       total 29696K, used 10399K [0x0000000080000000, 0x0000000081d00000, 0x00000000d5580000)
  object space 29696K, 35% used [0x0000000080000000,0x0000000080a27ea8,0x0000000081d00000)
 Metaspace       used 34414K, capacity 35386K, committed 35496K, reserved 1079296K
  class space    used 4678K, capacity 4942K, committed 5032K, reserved 1048576K
Event: 6.631 GC heap after
Heap after GC invocations=11 (full 1):
 PSYoungGen      total 138752K, used 9709K [0x00000000d5580000, 0x00000000de680000, 0x0000000100000000)
  eden space 129024K, 0% used [0x00000000d5580000,0x00000000d5580000,0x00000000dd380000)
  from space 9728K, 99% used [0x00000000ddd00000,0x00000000de67b4b8,0x00000000de680000)
  to   space 9728K, 0% used [0x00000000dd380000,0x00000000dd380000,0x00000000ddd00000)
 ParOldGen       total 29696K, used 10415K [0x0000000080000000, 0x0000000081d00000, 0x00000000d5580000)
  object space 29696K, 35% used [0x0000000080000000,0x0000000080a2bea8,0x0000000081d00000)
 Metaspace       used 34414K, capacity 35386K, committed 35496K, reserved 1079296K
  class space    used 4678K, capacity 4942K, committed 5032K, reserved 1048576K
}
Event: 6.631 GC heap before
{Heap before GC invocations=12 (full 2):
 PSYoungGen      total 138752K, used 9709K [0x00000000d5580000, 0x00000000de680000, 0x0000000100000000)
  eden space 129024K, 0% used [0x00000000d5580000,0x00000000d5580000,0x00000000dd380000)
  from space 9728K, 99% used [0x00000000ddd00000,0x00000000de67b4b8,0x00000000de680000)
  to   space 9728K, 0% used [0x00000000dd380000,0x00000000dd380000,0x00000000ddd00000)
 ParOldGen       total 29696K, used 10415K [0x0000000080000000, 0x0000000081d00000, 0x00000000d5580000)
  object space 29696K, 35% used [0x0000000080000000,0x0000000080a2bea8,0x0000000081d00000)
 Metaspace       used 34414K, capacity 35386K, committed 35496K, reserved 1079296K
  class space    used 4678K, capacity 4942K, committed 5032K, reserved 1048576K
Event: 6.720 GC heap after
Heap after GC invocations=12 (full 2):
 PSYoungGen      total 138752K, used 0K [0x00000000d5580000, 0x00000000de680000, 0x0000000100000000)
  eden space 129024K, 0% used [0x00000000d5580000,0x00000000d5580000,0x00000000dd380000)
  from space 9728K, 0% used [0x00000000ddd00000,0x00000000ddd00000,0x00000000de680000)
  to   space 9728K, 0% used [0x00000000dd380000,0x00000000dd380000,0x00000000ddd00000)
 ParOldGen       total 44544K, used 16684K [0x0000000080000000, 0x0000000082b80000, 0x00000000d5580000)
  object space 44544K, 37% used [0x0000000080000000,0x000000008104b0b0,0x0000000082b80000)
 Metaspace       used 34414K, capacity 35386K, committed 35496K, reserved 1079296K
  class space    used 4678K, capacity 4942K, committed 5032K, reserved 1048576K
}
Event: 8.727 GC heap before
{Heap before GC invocations=13 (full 2):
 PSYoungGen      total 138752K, used 129024K [0x00000000d5580000, 0x00000000de680000, 0x0000000100000000)
  eden space 129024K, 100% used [0x00000000d5580000,0x00000000dd380000,0x00000000dd380000)
  from space 9728K, 0% used [0x00000000ddd00000,0x00000000ddd00000,0x00000000de680000)
  to   space 9728K, 0% used [0x00000000dd380000,0x00000000dd380000,0x00000000ddd00000)
 ParOldGen       total 44544K, used 16684K [0x0000000080000000, 0x0000000082b80000, 0x00000000d5580000)
  object space 44544K, 37% used [0x0000000080000000,0x000000008104b0b0,0x0000000082b80000)
 Metaspace       used 43872K, capacity 45512K, committed 45864K, reserved 1089536K
  class space    used 5940K, capacity 6345K, committed 6440K, reserved 1048576K
Event: 8.740 GC heap after
Heap after GC invocations=13 (full 2):
 PSYoungGen      total 138752K, used 9716K [0x00000000d5580000, 0x00000000e2480000, 0x0000000100000000)
  eden space 129024K, 0% used [0x00000000d5580000,0x00000000d5580000,0x00000000dd380000)
  from space 9728K, 99% used [0x00000000dd380000,0x00000000ddcfd1c0,0x00000000ddd00000)
  to   space 14848K, 0% used [0x00000000e1600000,0x00000000e1600000,0x00000000e2480000)
 ParOldGen       total 44544K, used 19340K [0x0000000080000000, 0x0000000082b80000, 0x00000000d5580000)
  object space 44544K, 43% used [0x0000000080000000,0x00000000812e33a8,0x0000000082b80000)
 Metaspace       used 43872K, capacity 45512K, committed 45864K, reserved 1089536K
  class space    used 5940K, capacity 6345K, committed 6440K, reserved 1048576K
}
Event: 14.507 GC heap before
{Heap before GC invocations=14 (full 2):
 PSYoungGen      total 138752K, used 138740K [0x00000000d5580000, 0x00000000e2480000, 0x0000000100000000)
  eden space 129024K, 100% used [0x00000000d5580000,0x00000000dd380000,0x00000000dd380000)
  from space 9728K, 99% used [0x00000000dd380000,0x00000000ddcfd1c0,0x00000000ddd00000)
  to   space 14848K, 0% used [0x00000000e1600000,0x00000000e1600000,0x00000000e2480000)
 ParOldGen       total 44544K, used 19340K [0x0000000080000000, 0x0000000082b80000, 0x00000000d5580000)
  object space 44544K, 43% used [0x0000000080000000,0x00000000812e33a8,0x0000000082b80000)
 Metaspace       used 54182K, capacity 56264K, committed 56488K, reserved 1097728K
  class space    used 7365K, capacity 7848K, committed 7848K, reserved 1048576K
Event: 14.543 GC heap after
Heap after GC invocations=14 (full 2):
 PSYoungGen      total 143872K, used 14844K [0x00000000d5580000, 0x00000000e2480000, 0x0000000100000000)
  eden space 129024K, 0% used [0x00000000d5580000,0x00000000d5580000,0x00000000dd380000)
  from space 14848K, 99% used [0x00000000e1600000,0x00000000e247f2b8,0x00000000e2480000)
  to   space 9728K, 0% used [0x00000000dd380000,0x00000000dd380000,0x00000000ddd00000)
 ParOldGen       total 44544K, used 25256K [0x0000000080000000, 0x0000000082b80000, 0x00000000d5580000)
  object space 44544K, 56% used [0x0000000080000000,0x00000000818aa398,0x0000000082b80000)
 Metaspace       used 54182K, capacity 56264K, committed 56488K, reserved 1097728K
  class space    used 7365K, capacity 7848K, committed 7848K, reserved 1048576K
}

Deoptimization events (10 events):
Event: 14.750 Thread 0x000000001b046000 Uncommon trap: reason=unstable_if action=reinterpret pc=0x0000000002f0b49c method=org.codehaus.groovy.runtime.metaclass.MetaMethodIndex.addMethodToList(Ljava/lang/Object;Lgroovy/lang/MetaMethod;)Ljava/lang/Object; @ 256
Event: 14.762 Thread 0x000000001b046000 Uncommon trap: reason=predicate action=maybe_recompile pc=0x0000000003959c3c method=java.util.AbstractCollection.toArray([Ljava/lang/Object;)[Ljava/lang/Object; @ 49
Event: 14.947 Thread 0x000000001b046000 Uncommon trap: reason=array_check action=maybe_recompile pc=0x0000000003978c98 method=java.util.AbstractCollection.toArray([Ljava/lang/Object;)[Ljava/lang/Object; @ 119
Event: 14.947 Thread 0x000000001b046000 Uncommon trap: reason=array_check action=maybe_recompile pc=0x0000000003978c98 method=java.util.AbstractCollection.toArray([Ljava/lang/Object;)[Ljava/lang/Object; @ 119
Event: 14.953 Thread 0x000000001b046000 Uncommon trap: reason=array_check action=maybe_recompile pc=0x0000000003978c98 method=java.util.AbstractCollection.toArray([Ljava/lang/Object;)[Ljava/lang/Object; @ 119
Event: 14.953 Thread 0x000000001b046000 Uncommon trap: reason=array_check action=maybe_recompile pc=0x0000000003978c98 method=java.util.AbstractCollection.toArray([Ljava/lang/Object;)[Ljava/lang/Object; @ 119
Event: 15.047 Thread 0x000000001b046000 Uncommon trap: reason=unstable_if action=reinterpret pc=0x0000000003520300 method=java.lang.reflect.AccessibleObject.setAccessible0(Ljava/lang/reflect/AccessibleObject;Z)V @ 23
Event: 15.175 Thread 0x000000001b046000 Uncommon trap: reason=unstable_if action=reinterpret pc=0x0000000002d43734 method=java.lang.String.lastIndexOf([CII[CIII)I @ 118
Event: 15.182 Thread 0x000000001b046000 Uncommon trap: reason=unstable_if action=reinterpret pc=0x00000000039d92c4 method=org.objectweb.asm.AnnotationWriter.computeAnnotationsSize(Lorg/objectweb/asm/AnnotationWriter;Lorg/objectweb/asm/AnnotationWriter;Lorg/objectweb/asm/AnnotationWriter;Lorg/ob
Event: 15.182 Thread 0x000000001b046000 Uncommon trap: reason=unstable_if action=reinterpret pc=0x0000000002a8773c method=org.objectweb.asm.AnnotationWriter.putAnnotations(Lorg/objectweb/asm/SymbolTable;Lorg/objectweb/asm/AnnotationWriter;Lorg/objectweb/asm/AnnotationWriter;Lorg/objectweb/asm/A

Classes redefined (0 events):
No events

Internal exceptions (10 events):
Event: 14.947 Thread 0x000000001b046000 Exception <a 'java/lang/ClassNotFoundException': com/google/android/gms/dependencies/DependencyAnalyzerCustomizer> (0x00000000d6fba618) thrown at [C:\src\AOSP-openjdk-git\hotspot\src\share\vm\classfile\systemDictionary.cpp, line 210]
Event: 14.953 Thread 0x000000001b046000 Exception <a 'java/lang/ClassNotFoundException': com/google/android/gms/dependencies/DependencyInspectorBeanInfo> (0x00000000d70328c8) thrown at [C:\src\AOSP-openjdk-git\hotspot\src\share\vm\classfile\systemDictionary.cpp, line 210]
Event: 14.953 Thread 0x000000001b046000 Exception <a 'java/lang/ClassNotFoundException': com/google/android/gms/dependencies/DependencyInspectorCustomizer> (0x00000000d704fc90) thrown at [C:\src\AOSP-openjdk-git\hotspot\src\share\vm\classfile\systemDictionary.cpp, line 210]
Event: 15.045 Thread 0x000000001b046000 Exception <a 'java/lang/ClassNotFoundException': org/jetbrains/plugins/gradle/model/web/WebConfigurationBeanInfo> (0x00000000d74b6150) thrown at [C:\src\AOSP-openjdk-git\hotspot\src\share\vm\classfile\systemDictionary.cpp, line 210]
Event: 15.046 Thread 0x000000001b046000 Exception <a 'java/lang/ClassNotFoundException': org/jetbrains/plugins/gradle/model/web/WebConfigurationCustomizer> (0x00000000d74ca120) thrown at [C:\src\AOSP-openjdk-git\hotspot\src\share\vm\classfile\systemDictionary.cpp, line 210]
Event: 15.047 Thread 0x000000001b046000 Exception <a 'java/lang/SecurityException'> (0x00000000d74df560) thrown at [C:\src\AOSP-openjdk-git\hotspot\src\share\vm\prims\jvm.cpp, line 1506]
Event: 15.048 Thread 0x000000001b046000 Exception <a 'java/lang/ClassNotFoundException': java/lang/ClassBeanInfo> (0x00000000d74f9f08) thrown at [C:\src\AOSP-openjdk-git\hotspot\src\share\vm\classfile\systemDictionary.cpp, line 210]
Event: 15.049 Thread 0x000000001b046000 Exception <a 'java/lang/ClassNotFoundException': java/lang/ClassCustomizer> (0x00000000d7502a78) thrown at [C:\src\AOSP-openjdk-git\hotspot\src\share\vm\classfile\systemDictionary.cpp, line 210]
Event: 15.057 Thread 0x000000001b046000 Exception <a 'java/lang/ClassNotFoundException': org/jetbrains/plugins/gradle/model/scala/ScalaModelBeanInfo> (0x00000000d75a1a18) thrown at [C:\src\AOSP-openjdk-git\hotspot\src\share\vm\classfile\systemDictionary.cpp, line 210]
Event: 15.058 Thread 0x000000001b046000 Exception <a 'java/lang/ClassNotFoundException': org/jetbrains/plugins/gradle/model/scala/ScalaModelCustomizer> (0x00000000d75b51a0) thrown at [C:\src\AOSP-openjdk-git\hotspot\src\share\vm\classfile\systemDictionary.cpp, line 210]

Events (10 events):
Event: 15.261 loading class org/gradle/tooling/model/idea/IdeaContentRoot
Event: 15.261 loading class org/gradle/tooling/model/idea/IdeaContentRoot done
Event: 15.261 loading class org/gradle/tooling/model/idea/IdeaSourceDirectory
Event: 15.261 loading class org/gradle/tooling/model/idea/IdeaSourceDirectory done
Event: 15.261 loading class org/gradle/tooling/model/SourceDirectory
Event: 15.261 loading class org/gradle/tooling/model/SourceDirectory done
Event: 15.261 loading class org/gradle/tooling/model/java/InstalledJdk
Event: 15.261 loading class org/gradle/tooling/model/java/InstalledJdk done
Event: 15.262 loading class org/gradle/api/JavaVersion
Event: 15.262 loading class org/gradle/api/JavaVersion done


Dynamic libraries:
0x00007ff7adc60000 - 0x00007ff7adc91000 	C:\Program Files\Android\Android Studio\jre\bin\java.exe
0x00007ff8037f0000 - 0x00007ff8039e6000 	C:\WINDOWS\SYSTEM32\ntdll.dll
0x00007ff803470000 - 0x00007ff80352d000 	C:\WINDOWS\System32\KERNEL32.DLL
0x00007ff800f30000 - 0x00007ff8011f9000 	C:\WINDOWS\System32\KERNELBASE.dll
0x00007ff801ec0000 - 0x00007ff801f6c000 	C:\WINDOWS\System32\ADVAPI32.dll
0x00007ff801d40000 - 0x00007ff801dde000 	C:\WINDOWS\System32\msvcrt.dll
0x00007ff801890000 - 0x00007ff80192c000 	C:\WINDOWS\System32\sechost.dll
0x00007ff803670000 - 0x00007ff80379b000 	C:\WINDOWS\System32\RPCRT4.dll
0x00007ff802190000 - 0x00007ff802330000 	C:\WINDOWS\System32\USER32.dll
0x00007ff8015c0000 - 0x00007ff8015e2000 	C:\WINDOWS\System32\win32u.dll
0x00007ff802160000 - 0x00007ff80218a000 	C:\WINDOWS\System32\GDI32.dll
0x00007ff801260000 - 0x00007ff80136b000 	C:\WINDOWS\System32\gdi32full.dll
0x00007ff8013c0000 - 0x00007ff80145d000 	C:\WINDOWS\System32\msvcp_win.dll
0x00007ff801720000 - 0x00007ff801820000 	C:\WINDOWS\System32\ucrtbase.dll
0x00007fffef020000 - 0x00007fffef2bb000 	C:\WINDOWS\WinSxS\amd64_microsoft.windows.common-controls_6595b64144ccf1df_6.0.19041.746_none_ca02b4b61b8320a4\COMCTL32.dll
0x00007ff801850000 - 0x00007ff801880000 	C:\WINDOWS\System32\IMM32.DLL
0x000000006ac10000 - 0x000000006ace2000 	C:\Program Files\Android\Android Studio\jre\jre\bin\msvcr100.dll
0x0000000069030000 - 0x000000006987b000 	C:\Program Files\Android\Android Studio\jre\jre\bin\server\jvm.dll
0x00007ff801880000 - 0x00007ff801888000 	C:\WINDOWS\System32\PSAPI.DLL
0x00007ffffeee0000 - 0x00007ffffeee9000 	C:\WINDOWS\SYSTEM32\WSOCK32.dll
0x00007ffff5370000 - 0x00007ffff5397000 	C:\WINDOWS\SYSTEM32\WINMM.dll
0x00007ff802330000 - 0x00007ff80239b000 	C:\WINDOWS\System32\WS2_32.dll
0x00007ffff6fe0000 - 0x00007ffff6fea000 	C:\WINDOWS\SYSTEM32\VERSION.dll
0x00007ffffeed0000 - 0x00007ffffeedf000 	C:\Program Files\Android\Android Studio\jre\jre\bin\verify.dll
0x00007ffff51d0000 - 0x00007ffff51f9000 	C:\Program Files\Android\Android Studio\jre\jre\bin\java.dll
0x00007ffffeeb0000 - 0x00007ffffeec6000 	C:\Program Files\Android\Android Studio\jre\jre\bin\zip.dll
0x00007ff802b90000 - 0x00007ff8032d3000 	C:\WINDOWS\System32\SHELL32.dll
0x00007ffffefb0000 - 0x00007fffff73f000 	C:\WINDOWS\SYSTEM32\windows.storage.dll
0x00007ff801930000 - 0x00007ff801c86000 	C:\WINDOWS\System32\combase.dll
0x00007ff800920000 - 0x00007ff80094c000 	C:\WINDOWS\SYSTEM32\Wldp.dll
0x00007ff8029c0000 - 0x00007ff802a6e000 	C:\WINDOWS\System32\SHCORE.dll
0x00007ff803340000 - 0x00007ff803395000 	C:\WINDOWS\System32\shlwapi.dll
0x00007ff800e60000 - 0x00007ff800e86000 	C:\WINDOWS\SYSTEM32\profapi.dll
0x00007ffffc440000 - 0x00007ffffc45a000 	C:\Program Files\Android\Android Studio\jre\jre\bin\net.dll
0x00007ff800640000 - 0x00007ff8006aa000 	C:\WINDOWS\system32\mswsock.dll
0x00007ffff3b00000 - 0x00007ffff3b13000 	C:\Program Files\Android\Android Studio\jre\jre\bin\nio.dll
0x00007ffff2470000 - 0x00007ffff2496000 	C:\Users\Osama\.gradle\native\31\windows-amd64\native-platform.dll
0x00007ffffd630000 - 0x00007ffffd63d000 	C:\Program Files\Android\Android Studio\jre\jre\bin\management.dll
0x00007ff800810000 - 0x00007ff800828000 	C:\WINDOWS\SYSTEM32\CRYPTSP.dll
0x00007ffffffb0000 - 0x00007ffffffe4000 	C:\WINDOWS\system32\rsaenh.dll
0x00007ff801820000 - 0x00007ff801847000 	C:\WINDOWS\System32\bcrypt.dll
0x00007ff800e20000 - 0x00007ff800e4e000 	C:\WINDOWS\SYSTEM32\USERENV.dll
0x00007ff8015f0000 - 0x00007ff801670000 	C:\WINDOWS\System32\bcryptprimitives.dll
0x00007ff800830000 - 0x00007ff80083c000 	C:\WINDOWS\SYSTEM32\CRYPTBASE.dll
0x00007ff800330000 - 0x00007ff80036b000 	C:\WINDOWS\SYSTEM32\IPHLPAPI.DLL
0x00007ff8037a0000 - 0x00007ff8037a8000 	C:\WINDOWS\System32\NSI.dll
0x00007ffff6fa0000 - 0x00007ffff6fb7000 	C:\WINDOWS\SYSTEM32\dhcpcsvc6.DLL
0x00007ffff7240000 - 0x00007ffff725d000 	C:\WINDOWS\SYSTEM32\dhcpcsvc.DLL
0x00007ff800370000 - 0x00007ff80043b000 	C:\WINDOWS\SYSTEM32\DNSAPI.dll

VM Arguments:
jvm_args: -Xmx2048m -Dfile.encoding=windows-1256 -Duser.country=US -Duser.language=en -Duser.variant 
java_command: org.gradle.launcher.daemon.bootstrap.GradleDaemon 6.1.1
java_class_path (initial): C:\Users\Osama\.gradle\wrapper\dists\gradle-6.1.1-all\cfmwm155h49vnt3hynmlrsdst\gradle-6.1.1\lib\gradle-launcher-6.1.1.jar
Launcher Type: SUN_STANDARD

Environment Variables:
PATH=C:\Program Files (x86)\ActiveState Komodo Edit 11\;C:\Program Files (x86)\Common Files\Oracle\Java\javapath;C:\WINDOWS\system32;C:\WINDOWS;C:\WINDOWS\System32\Wbem;C:\WINDOWS\System32\WindowsPowerShell\v1.0\;C:\Program Files\Git\cmd;C:\src\flutter\bin;C:\xampp\php;C:\ProgramData\ComposerSetup\bin;C:\Program Files\Microsoft SQL Server\120\DTS\Binn\;C:\Program Files\Microsoft SQL Server\Client SDK\ODBC\110\Tools\Binn\;C:\Program Files (x86)\Microsoft SQL Server\120\Tools\Binn\;C:\Program Files\Microsoft SQL Server\120\Tools\Binn\;C:\Program Files (x86)\Microsoft SQL Server\120\Tools\Binn\ManagementStudio\;C:\Program Files (x86)\Microsoft SQL Server\120\DTS\Binn\;C:\Program Files (x86)\Microsoft Visual Studio 12.0\Common7\IDE\PrivateAssemblies\;C:\Program Files\dotnet\;C:\Program Files\Microsoft SQL Server\130\Tools\Binn\;C:\Program Files\Microsoft SQL Server\Client SDK\ODBC\170\Tools\Binn\;C:\WINDOWS\System32\OpenSSH\;C:\Users\Osama\AppData\Local\Microsoft\WindowsApps;C:\Users\Osama\AppData\Local\Programs\Microsoft VS Code\bin;C:\src\flutter\bin;C:\Users\Osama\AppData\Roaming\Composer\vendor\bin;C:\Users\Osama\.dotnet\tools;
USERNAME=Osama
OS=Windows_NT
PROCESSOR_IDENTIFIER=Intel64 Family 6 Model 58 Stepping 9, GenuineIntel



---------------  S Y S T E M  ---------------

OS: Windows 10.0 , 64 bit Build 19041 (10.0.19041.662)

CPU:total 4 (initial active 4) (2 cores per cpu, 2 threads per core) family 6 model 58 stepping 9, cmov, cx8, fxsr, mmx, sse, sse2, sse3, ssse3, sse4.1, sse4.2, popcnt, avx, aes, clmul, erms, ht, tsc, tscinvbit, tscinv

Memory: 4k page, physical 4070960k(364552k free), swap 4070960k(24380k free)

vm_info: OpenJDK 64-Bit Server VM (25.242-b01) for windows-amd64 JRE (1.8.0_242-release-1644-b01), built by "builder" with MS VC++ 10.0 (VS2010)

time: Fri Feb 05 00:38:58 2021
timezone: Egypt Standard Time
elapsed time: 15 seconds (0d 0h 0m 15s)

